mode: atomic
sentinel-hub-api/ast/analysis.go:13.74,17.36 4 81
sentinel-hub-api/ast/analysis.go:17.36,19.3 1 144
sentinel-hub-api/ast/analysis.go:20.2,20.38 1 81
sentinel-hub-api/ast/analysis.go:24.33,26.35 2 1
sentinel-hub-api/ast/analysis.go:26.35,27.31 1 1
sentinel-hub-api/ast/analysis.go:27.31,29.4 1 0
sentinel-hub-api/ast/analysis.go:34.122,35.15 1 81
sentinel-hub-api/ast/analysis.go:35.15,36.31 1 81
sentinel-hub-api/ast/analysis.go:36.31,40.4 3 0
sentinel-hub-api/ast/analysis.go:43.2,43.53 1 81
sentinel-hub-api/ast/analysis.go:47.111,51.41 3 81
sentinel-hub-api/ast/analysis.go:51.41,52.39 1 9
sentinel-hub-api/ast/analysis.go:52.39,55.4 2 9
sentinel-hub-api/ast/analysis.go:57.3,57.29 1 0
sentinel-hub-api/ast/analysis.go:59.2,63.16 3 72
sentinel-hub-api/ast/analysis.go:63.16,65.3 1 1
sentinel-hub-api/ast/analysis.go:68.2,71.16 4 71
sentinel-hub-api/ast/analysis.go:71.16,73.3 1 0
sentinel-hub-api/ast/analysis.go:74.2,76.17 2 71
sentinel-hub-api/ast/analysis.go:76.17,78.3 1 0
sentinel-hub-api/ast/analysis.go:79.2,82.21 3 71
sentinel-hub-api/ast/analysis.go:82.21,84.3 1 0
sentinel-hub-api/ast/analysis.go:87.2,98.21 9 71
sentinel-hub-api/ast/analysis.go:98.21,101.3 2 26
sentinel-hub-api/ast/analysis.go:103.2,103.17 1 71
sentinel-hub-api/ast/analysis.go:103.17,106.3 2 37
sentinel-hub-api/ast/analysis.go:108.2,108.22 1 71
sentinel-hub-api/ast/analysis.go:108.22,111.3 2 28
sentinel-hub-api/ast/analysis.go:114.2,114.72 1 71
sentinel-hub-api/ast/analysis.go:114.72,117.3 2 32
sentinel-hub-api/ast/analysis.go:120.2,120.21 1 71
sentinel-hub-api/ast/analysis.go:120.21,123.3 2 22
sentinel-hub-api/ast/analysis.go:125.2,125.23 1 71
sentinel-hub-api/ast/analysis.go:125.23,128.3 2 23
sentinel-hub-api/ast/analysis.go:131.2,131.24 1 71
sentinel-hub-api/ast/analysis.go:131.24,134.3 2 23
sentinel-hub-api/ast/analysis.go:136.2,153.57 5 71
sentinel-hub-api/ast/analysis.go:153.57,156.3 2 1
sentinel-hub-api/ast/analysis.go:158.2,158.26 1 71
sentinel-hub-api/ast/analysis.go:158.26,160.3 1 0
sentinel-hub-api/ast/analysis.go:161.2,163.29 2 71
sentinel-hub-api/ast/analysis.go:167.133,169.16 2 7
sentinel-hub-api/ast/analysis.go:169.16,171.3 1 0
sentinel-hub-api/ast/analysis.go:174.2,178.16 3 7
sentinel-hub-api/ast/analysis.go:178.17,181.3 0 0
sentinel-hub-api/ast/analysis.go:184.2,184.26 1 7
sentinel-hub-api/ast/analysis.go:184.26,189.33 2 2
sentinel-hub-api/ast/analysis.go:189.33,191.4 1 1
sentinel-hub-api/ast/analysis.go:194.3,197.38 2 2
sentinel-hub-api/ast/analysis.go:197.38,199.34 2 2
sentinel-hub-api/ast/analysis.go:199.34,201.5 1 1
sentinel-hub-api/ast/analysis.go:201.10,201.38 1 1
sentinel-hub-api/ast/analysis.go:201.38,203.5 1 1
sentinel-hub-api/ast/analysis.go:203.10,203.41 1 0
sentinel-hub-api/ast/analysis.go:203.41,205.5 1 0
sentinel-hub-api/ast/analysis.go:205.10,205.39 1 0
sentinel-hub-api/ast/analysis.go:205.39,207.5 1 0
sentinel-hub-api/ast/analysis.go:208.4,208.26 1 2
sentinel-hub-api/ast/analysis.go:208.26,210.5 1 2
sentinel-hub-api/ast/analysis.go:214.2,214.29 1 7
sentinel-hub-api/ast/confidence.go:11.90,12.20 1 12
sentinel-hub-api/ast/confidence.go:12.20,14.3 1 0
sentinel-hub-api/ast/confidence.go:16.2,16.22 1 12
sentinel-hub-api/ast/confidence.go:17.23,18.64 1 6
sentinel-hub-api/ast/confidence.go:19.25,20.70 1 3
sentinel-hub-api/ast/confidence.go:21.21,22.66 1 3
sentinel-hub-api/ast/confidence.go:23.28,24.14 1 0
sentinel-hub-api/ast/confidence.go:25.10,26.14 1 0
sentinel-hub-api/ast/confidence.go:31.129,38.20 3 0
sentinel-hub-api/ast/confidence.go:38.20,40.3 1 0
sentinel-hub-api/ast/confidence.go:42.2,42.17 1 0
sentinel-hub-api/ast/confidence.go:46.88,48.28 1 6
sentinel-hub-api/ast/confidence.go:48.28,50.3 1 2
sentinel-hub-api/ast/confidence.go:53.2,53.23 1 4
sentinel-hub-api/ast/confidence.go:53.23,55.3 1 0
sentinel-hub-api/ast/confidence.go:58.2,58.13 1 4
sentinel-hub-api/ast/confidence.go:62.94,64.23 1 3
sentinel-hub-api/ast/confidence.go:64.23,66.3 1 1
sentinel-hub-api/ast/confidence.go:69.2,69.28 1 2
sentinel-hub-api/ast/confidence.go:69.28,71.3 1 0
sentinel-hub-api/ast/confidence.go:74.2,74.13 1 2
sentinel-hub-api/ast/confidence.go:78.90,80.22 1 3
sentinel-hub-api/ast/confidence.go:80.22,82.3 1 1
sentinel-hub-api/ast/confidence.go:85.2,85.13 1 2
sentinel-hub-api/ast/confidence.go:89.72,91.23 1 13
sentinel-hub-api/ast/confidence.go:91.23,93.3 1 7
sentinel-hub-api/ast/confidence.go:96.2,97.41 2 6
sentinel-hub-api/ast/confidence.go:97.41,98.31 1 11
sentinel-hub-api/ast/confidence.go:98.31,100.4 1 1
sentinel-hub-api/ast/confidence.go:103.2,103.13 1 5
sentinel-hub-api/ast/confidence.go:107.125,110.22 2 8
sentinel-hub-api/ast/confidence.go:111.23,112.39 1 4
sentinel-hub-api/ast/confidence.go:112.39,115.4 2 1
sentinel-hub-api/ast/confidence.go:115.9,115.41 1 3
sentinel-hub-api/ast/confidence.go:115.41,118.4 2 0
sentinel-hub-api/ast/confidence.go:118.9,121.4 2 3
sentinel-hub-api/ast/confidence.go:123.25,124.34 1 2
sentinel-hub-api/ast/confidence.go:124.34,127.4 2 1
sentinel-hub-api/ast/confidence.go:127.9,127.46 1 1
sentinel-hub-api/ast/confidence.go:127.46,130.4 2 0
sentinel-hub-api/ast/confidence.go:130.9,133.4 2 1
sentinel-hub-api/ast/confidence.go:135.21,136.33 1 2
sentinel-hub-api/ast/confidence.go:136.33,139.4 2 1
sentinel-hub-api/ast/confidence.go:139.9,142.4 2 1
sentinel-hub-api/ast/confidence.go:144.10,145.55 1 0
sentinel-hub-api/ast/confidence.go:149.2,150.17 2 8
sentinel-hub-api/ast/confidence.go:150.17,152.3 1 4
sentinel-hub-api/ast/confidence.go:152.8,154.3 1 4
sentinel-hub-api/ast/confidence.go:156.2,156.34 1 8
sentinel-hub-api/ast/confidence.go:160.50,161.21 1 8
sentinel-hub-api/ast/confidence.go:162.23,163.18 1 4
sentinel-hub-api/ast/confidence.go:164.25,165.18 1 2
sentinel-hub-api/ast/confidence.go:166.21,167.20 1 2
sentinel-hub-api/ast/confidence.go:168.28,169.20 1 0
sentinel-hub-api/ast/confidence.go:170.10,171.19 1 0
sentinel-hub-api/ast/cross_file.go:37.116,38.21 1 4
sentinel-hub-api/ast/cross_file.go:38.21,40.3 1 1
sentinel-hub-api/ast/cross_file.go:42.2,59.29 7 3
sentinel-hub-api/ast/cross_file.go:59.29,61.24 2 6
sentinel-hub-api/ast/cross_file.go:61.24,67.18 3 6
sentinel-hub-api/ast/cross_file.go:67.18,69.24 2 0
sentinel-hub-api/ast/cross_file.go:69.24,71.6 1 0
sentinel-hub-api/ast/cross_file.go:72.5,73.11 2 0
sentinel-hub-api/ast/cross_file.go:77.4,78.18 2 6
sentinel-hub-api/ast/cross_file.go:78.18,80.24 2 0
sentinel-hub-api/ast/cross_file.go:80.24,82.6 1 0
sentinel-hub-api/ast/cross_file.go:83.5,84.11 2 0
sentinel-hub-api/ast/cross_file.go:86.4,89.23 3 6
sentinel-hub-api/ast/cross_file.go:89.23,91.5 1 0
sentinel-hub-api/ast/cross_file.go:94.4,95.18 2 6
sentinel-hub-api/ast/cross_file.go:95.18,96.36 1 6
sentinel-hub-api/ast/cross_file.go:96.36,98.6 1 6
sentinel-hub-api/ast/cross_file.go:102.4,103.18 2 6
sentinel-hub-api/ast/cross_file.go:103.18,104.30 1 6
sentinel-hub-api/ast/cross_file.go:104.30,106.6 1 0
sentinel-hub-api/ast/cross_file.go:111.2,113.21 2 3
sentinel-hub-api/ast/cross_file.go:113.21,115.3 1 0
sentinel-hub-api/ast/cross_file.go:118.2,118.64 1 3
sentinel-hub-api/ast/cross_file.go:118.64,121.47 2 2
sentinel-hub-api/ast/cross_file.go:121.47,136.4 2 2
sentinel-hub-api/ast/cross_file.go:139.2,139.64 1 3
sentinel-hub-api/ast/cross_file.go:139.64,142.44 2 1
sentinel-hub-api/ast/cross_file.go:142.44,157.4 2 0
sentinel-hub-api/ast/cross_file.go:160.2,160.63 1 3
sentinel-hub-api/ast/cross_file.go:160.63,163.45 2 2
sentinel-hub-api/ast/cross_file.go:163.45,164.22 1 0
sentinel-hub-api/ast/cross_file.go:164.22,179.5 2 0
sentinel-hub-api/ast/cross_file.go:183.2,183.49 1 3
sentinel-hub-api/ast/cross_file.go:183.49,186.3 2 0
sentinel-hub-api/ast/cross_file.go:189.2,195.20 2 3
sentinel-hub-api/ast/cross_file.go:199.90,204.29 3 0
sentinel-hub-api/ast/cross_file.go:204.29,206.34 2 0
sentinel-hub-api/ast/cross_file.go:206.34,207.33 1 0
sentinel-hub-api/ast/cross_file.go:207.33,209.5 1 0
sentinel-hub-api/ast/cross_file.go:214.2,214.45 1 0
sentinel-hub-api/ast/cross_file.go:214.45,215.23 1 0
sentinel-hub-api/ast/cross_file.go:215.23,218.35 2 0
sentinel-hub-api/ast/cross_file.go:218.35,220.5 1 0
sentinel-hub-api/ast/cross_file.go:222.4,222.24 1 0
sentinel-hub-api/ast/cross_file.go:222.24,224.36 1 0
sentinel-hub-api/ast/cross_file.go:224.36,239.6 2 0
sentinel-hub-api/ast/cross_file.go:244.2,244.17 1 0
sentinel-hub-api/ast/cross_file.go:248.119,255.29 5 0
sentinel-hub-api/ast/cross_file.go:255.29,257.17 2 0
sentinel-hub-api/ast/cross_file.go:257.17,259.12 1 0
sentinel-hub-api/ast/cross_file.go:263.3,263.22 1 0
sentinel-hub-api/ast/cross_file.go:263.23,265.4 0 0
sentinel-hub-api/ast/cross_file.go:267.3,270.35 4 0
sentinel-hub-api/ast/cross_file.go:274.2,275.16 2 0
sentinel-hub-api/ast/cross_file.go:275.16,277.3 1 0
sentinel-hub-api/ast/cross_file.go:279.2,285.40 2 0
sentinel-hub-api/ast/dependency_graph.go:29.44,34.2 1 5
sentinel-hub-api/ast/dependency_graph.go:37.65,38.16 1 3
sentinel-hub-api/ast/dependency_graph.go:38.16,40.3 1 0
sentinel-hub-api/ast/dependency_graph.go:41.2,41.44 1 3
sentinel-hub-api/ast/dependency_graph.go:41.44,43.3 1 0
sentinel-hub-api/ast/dependency_graph.go:45.2,52.59 4 3
sentinel-hub-api/ast/dependency_graph.go:52.59,54.3 1 3
sentinel-hub-api/ast/dependency_graph.go:56.2,56.12 1 3
sentinel-hub-api/ast/dependency_graph.go:60.75,65.2 3 1
sentinel-hub-api/ast/dependency_graph.go:68.68,73.2 3 0
sentinel-hub-api/ast/dependency_graph.go:76.66,84.36 6 3
sentinel-hub-api/ast/dependency_graph.go:84.36,85.21 1 2
sentinel-hub-api/ast/dependency_graph.go:85.21,87.22 2 1
sentinel-hub-api/ast/dependency_graph.go:87.22,89.5 1 1
sentinel-hub-api/ast/dependency_graph.go:93.2,93.15 1 3
sentinel-hub-api/ast/dependency_graph.go:97.113,102.44 4 2
sentinel-hub-api/ast/dependency_graph.go:102.44,104.25 2 2
sentinel-hub-api/ast/dependency_graph.go:104.25,106.22 2 1
sentinel-hub-api/ast/dependency_graph.go:106.22,108.5 1 1
sentinel-hub-api/ast/dependency_graph.go:109.9,109.32 1 1
sentinel-hub-api/ast/dependency_graph.go:109.32,112.23 2 1
sentinel-hub-api/ast/dependency_graph.go:112.23,114.5 1 1
sentinel-hub-api/ast/dependency_graph.go:118.2,119.12 2 0
sentinel-hub-api/ast/dependency_graph.go:123.113,124.21 1 6
sentinel-hub-api/ast/dependency_graph.go:124.21,126.3 1 0
sentinel-hub-api/ast/dependency_graph.go:128.2,129.42 2 6
sentinel-hub-api/ast/dependency_graph.go:129.42,132.19 2 113
sentinel-hub-api/ast/dependency_graph.go:133.13,134.47 1 113
sentinel-hub-api/ast/dependency_graph.go:135.35,136.47 1 0
sentinel-hub-api/ast/dependency_graph.go:137.17,138.51 1 0
sentinel-hub-api/ast/dependency_graph.go:141.3,141.17 1 113
sentinel-hub-api/ast/dependency_graph.go:141.17,143.4 1 0
sentinel-hub-api/ast/dependency_graph.go:145.3,145.14 1 113
sentinel-hub-api/ast/dependency_graph.go:148.2,149.26 2 6
sentinel-hub-api/ast/dependency_graph.go:153.76,154.78 1 113
sentinel-hub-api/ast/dependency_graph.go:154.78,156.3 1 113
sentinel-hub-api/ast/dependency_graph.go:159.2,160.46 2 0
sentinel-hub-api/ast/dependency_graph.go:160.46,162.19 2 0
sentinel-hub-api/ast/dependency_graph.go:162.19,163.12 1 0
sentinel-hub-api/ast/dependency_graph.go:165.3,165.91 1 0
sentinel-hub-api/ast/dependency_graph.go:165.91,168.28 2 0
sentinel-hub-api/ast/dependency_graph.go:168.28,170.5 1 0
sentinel-hub-api/ast/dependency_graph.go:171.4,171.9 1 0
sentinel-hub-api/ast/dependency_graph.go:175.2,175.22 1 0
sentinel-hub-api/ast/dependency_graph.go:175.22,177.3 1 0
sentinel-hub-api/ast/dependency_graph.go:179.2,186.3 2 0
sentinel-hub-api/ast/dependency_graph.go:190.76,192.69 2 0
sentinel-hub-api/ast/dependency_graph.go:192.69,194.3 1 0
sentinel-hub-api/ast/dependency_graph.go:197.2,197.36 1 0
sentinel-hub-api/ast/dependency_graph.go:197.36,199.47 2 0
sentinel-hub-api/ast/dependency_graph.go:199.47,201.20 2 0
sentinel-hub-api/ast/dependency_graph.go:201.20,202.13 1 0
sentinel-hub-api/ast/dependency_graph.go:204.4,204.32 1 0
sentinel-hub-api/ast/dependency_graph.go:204.32,206.29 2 0
sentinel-hub-api/ast/dependency_graph.go:206.29,208.6 1 0
sentinel-hub-api/ast/dependency_graph.go:209.5,209.10 1 0
sentinel-hub-api/ast/dependency_graph.go:213.3,213.23 1 0
sentinel-hub-api/ast/dependency_graph.go:213.23,215.4 1 0
sentinel-hub-api/ast/dependency_graph.go:217.3,224.4 2 0
sentinel-hub-api/ast/dependency_graph.go:228.2,228.35 1 0
sentinel-hub-api/ast/dependency_graph.go:228.35,231.61 2 0
sentinel-hub-api/ast/dependency_graph.go:231.61,233.4 1 0
sentinel-hub-api/ast/dependency_graph.go:234.3,235.28 2 0
sentinel-hub-api/ast/dependency_graph.go:235.28,237.4 1 0
sentinel-hub-api/ast/dependency_graph.go:240.3,241.47 2 0
sentinel-hub-api/ast/dependency_graph.go:241.47,243.20 2 0
sentinel-hub-api/ast/dependency_graph.go:243.20,244.13 1 0
sentinel-hub-api/ast/dependency_graph.go:246.4,246.35 1 0
sentinel-hub-api/ast/dependency_graph.go:246.35,247.50 1 0
sentinel-hub-api/ast/dependency_graph.go:247.50,249.46 2 0
sentinel-hub-api/ast/dependency_graph.go:249.46,251.31 2 0
sentinel-hub-api/ast/dependency_graph.go:251.31,253.8 1 0
sentinel-hub-api/ast/dependency_graph.go:254.7,254.12 1 0
sentinel-hub-api/ast/dependency_graph.go:260.3,260.23 1 0
sentinel-hub-api/ast/dependency_graph.go:260.23,262.4 1 0
sentinel-hub-api/ast/dependency_graph.go:264.3,271.4 2 0
sentinel-hub-api/ast/dependency_graph.go:274.2,274.12 1 0
sentinel-hub-api/ast/dependency_graph.go:278.80,279.81 1 0
sentinel-hub-api/ast/dependency_graph.go:279.81,281.3 1 0
sentinel-hub-api/ast/dependency_graph.go:283.2,284.46 2 0
sentinel-hub-api/ast/dependency_graph.go:284.46,286.19 2 0
sentinel-hub-api/ast/dependency_graph.go:286.19,287.12 1 0
sentinel-hub-api/ast/dependency_graph.go:289.3,289.73 1 0
sentinel-hub-api/ast/dependency_graph.go:289.73,291.9 2 0
sentinel-hub-api/ast/dependency_graph.go:295.2,295.22 1 0
sentinel-hub-api/ast/dependency_graph.go:295.22,297.3 1 0
sentinel-hub-api/ast/dependency_graph.go:299.2,306.3 2 0
sentinel-hub-api/ast/dependency_graph.go:310.55,311.26 1 3
sentinel-hub-api/ast/dependency_graph.go:311.26,312.16 1 0
sentinel-hub-api/ast/dependency_graph.go:312.16,314.4 1 0
sentinel-hub-api/ast/dependency_graph.go:316.2,316.14 1 3
sentinel-hub-api/ast/dependency_graph.go:319.47,320.26 1 1
sentinel-hub-api/ast/dependency_graph.go:320.26,321.16 1 1
sentinel-hub-api/ast/dependency_graph.go:321.16,323.4 1 1
sentinel-hub-api/ast/dependency_graph.go:325.2,325.11 1 0
sentinel-hub-api/ast/detection_async.go:12.91,15.49 2 22
sentinel-hub-api/ast/detection_async.go:15.49,19.19 3 10362
sentinel-hub-api/ast/detection_async.go:20.35,21.37 1 108
sentinel-hub-api/ast/detection_async.go:21.37,24.49 2 1
sentinel-hub-api/ast/detection_async.go:24.49,26.59 2 5
sentinel-hub-api/ast/detection_async.go:26.59,28.12 2 1
sentinel-hub-api/ast/detection_async.go:32.17,33.38 1 55
sentinel-hub-api/ast/detection_async.go:33.38,36.49 2 1
sentinel-hub-api/ast/detection_async.go:36.49,38.78 2 3
sentinel-hub-api/ast/detection_async.go:38.78,40.12 2 1
sentinel-hub-api/ast/detection_async.go:46.3,46.34 1 10362
sentinel-hub-api/ast/detection_async.go:46.34,49.53 2 2
sentinel-hub-api/ast/detection_async.go:49.53,51.21 2 3
sentinel-hub-api/ast/detection_async.go:51.21,54.92 2 3
sentinel-hub-api/ast/detection_async.go:54.92,58.96 2 3
sentinel-hub-api/ast/detection_async.go:58.96,60.16 1 1
sentinel-hub-api/ast/detection_async.go:62.7,62.66 1 2
sentinel-hub-api/ast/detection_async.go:62.66,64.13 2 0
sentinel-hub-api/ast/detection_async.go:70.4,70.22 1 2
sentinel-hub-api/ast/detection_async.go:70.22,90.5 3 2
sentinel-hub-api/ast/detection_async.go:93.3,93.14 1 10362
sentinel-hub-api/ast/detection_async.go:96.2,96.17 1 22
sentinel-hub-api/ast/detection_async.go:100.87,104.58 2 23
sentinel-hub-api/ast/detection_async.go:104.58,106.3 1 16
sentinel-hub-api/ast/detection_async.go:109.2,112.49 2 7
sentinel-hub-api/ast/detection_async.go:112.49,116.119 3 178
sentinel-hub-api/ast/detection_async.go:116.119,118.48 1 7
sentinel-hub-api/ast/detection_async.go:118.48,120.21 2 33
sentinel-hub-api/ast/detection_async.go:120.21,121.33 1 33
sentinel-hub-api/ast/detection_async.go:121.33,123.7 1 4
sentinel-hub-api/ast/detection_async.go:125.6,125.85 1 33
sentinel-hub-api/ast/detection_async.go:125.85,127.7 1 7
sentinel-hub-api/ast/detection_async.go:131.4,131.38 1 7
sentinel-hub-api/ast/detection_async.go:131.38,133.5 1 4
sentinel-hub-api/ast/detection_async.go:136.3,136.14 1 178
sentinel-hub-api/ast/detection_async.go:140.2,140.42 1 7
sentinel-hub-api/ast/detection_async.go:140.42,141.54 1 4
sentinel-hub-api/ast/detection_async.go:141.54,143.40 1 58
sentinel-hub-api/ast/detection_async.go:143.40,148.61 3 4
sentinel-hub-api/ast/detection_async.go:148.61,150.6 1 1
sentinel-hub-api/ast/detection_async.go:153.5,153.19 1 4
sentinel-hub-api/ast/detection_async.go:153.19,164.21 4 3
sentinel-hub-api/ast/detection_async.go:164.21,179.7 3 3
sentinel-hub-api/ast/detection_async.go:183.4,183.15 1 58
sentinel-hub-api/ast/detection_async.go:187.2,187.17 1 7
sentinel-hub-api/ast/detection_command_injection.go:13.102,17.18 2 35
sentinel-hub-api/ast/detection_command_injection.go:18.12,19.85 1 16
sentinel-hub-api/ast/detection_command_injection.go:20.34,21.85 1 9
sentinel-hub-api/ast/detection_command_injection.go:22.16,23.89 1 10
sentinel-hub-api/ast/detection_command_injection.go:26.2,26.24 1 35
sentinel-hub-api/ast/detection_command_injection.go:30.87,33.49 2 16
sentinel-hub-api/ast/detection_command_injection.go:33.49,35.39 1 643
sentinel-hub-api/ast/detection_command_injection.go:35.39,37.44 2 17
sentinel-hub-api/ast/detection_command_injection.go:37.44,39.42 1 1
sentinel-hub-api/ast/detection_command_injection.go:39.42,53.6 3 1
sentinel-hub-api/ast/detection_command_injection.go:56.3,56.14 1 643
sentinel-hub-api/ast/detection_command_injection.go:59.2,59.24 1 16
sentinel-hub-api/ast/detection_command_injection.go:63.87,66.49 2 9
sentinel-hub-api/ast/detection_command_injection.go:66.49,68.39 1 228
sentinel-hub-api/ast/detection_command_injection.go:68.39,71.79 3 5
sentinel-hub-api/ast/detection_command_injection.go:71.79,73.42 1 0
sentinel-hub-api/ast/detection_command_injection.go:73.42,87.6 3 0
sentinel-hub-api/ast/detection_command_injection.go:90.3,90.14 1 228
sentinel-hub-api/ast/detection_command_injection.go:93.2,93.24 1 9
sentinel-hub-api/ast/detection_command_injection.go:97.91,104.35 3 10
sentinel-hub-api/ast/detection_command_injection.go:104.35,106.89 2 21
sentinel-hub-api/ast/detection_command_injection.go:106.89,108.41 1 2
sentinel-hub-api/ast/detection_command_injection.go:108.41,121.5 2 2
sentinel-hub-api/ast/detection_command_injection.go:126.2,126.35 1 10
sentinel-hub-api/ast/detection_command_injection.go:126.35,129.96 2 21
sentinel-hub-api/ast/detection_command_injection.go:129.96,131.41 1 3
sentinel-hub-api/ast/detection_command_injection.go:131.41,144.5 2 3
sentinel-hub-api/ast/detection_command_injection.go:149.2,149.35 1 10
sentinel-hub-api/ast/detection_command_injection.go:149.35,151.49 2 21
sentinel-hub-api/ast/detection_command_injection.go:151.49,154.65 1 7
sentinel-hub-api/ast/detection_command_injection.go:154.65,155.42 1 1
sentinel-hub-api/ast/detection_command_injection.go:155.42,168.6 2 1
sentinel-hub-api/ast/detection_command_injection.go:174.2,174.49 1 10
sentinel-hub-api/ast/detection_command_injection.go:174.49,176.39 1 253
sentinel-hub-api/ast/detection_command_injection.go:176.39,179.77 3 0
sentinel-hub-api/ast/detection_command_injection.go:179.77,181.42 1 0
sentinel-hub-api/ast/detection_command_injection.go:181.42,195.6 3 0
sentinel-hub-api/ast/detection_command_injection.go:198.3,198.14 1 253
sentinel-hub-api/ast/detection_command_injection.go:201.2,201.24 1 10
sentinel-hub-api/ast/detection_command_injection.go:205.51,211.36 3 22
sentinel-hub-api/ast/detection_command_injection.go:211.36,212.61 1 211
sentinel-hub-api/ast/detection_command_injection.go:212.61,214.4 1 1
sentinel-hub-api/ast/detection_command_injection.go:216.2,216.14 1 21
sentinel-hub-api/ast/detection_command_injection.go:219.43,222.2 1 5
sentinel-hub-api/ast/detection_command_injection.go:224.41,227.2 1 0
sentinel-hub-api/ast/detection_command_injection.go:229.65,232.2 2 1
sentinel-hub-api/ast/detection_command_injection.go:234.52,244.64 3 7
sentinel-hub-api/ast/detection_command_injection.go:244.64,250.48 1 7
sentinel-hub-api/ast/detection_command_injection.go:250.48,252.69 1 7
sentinel-hub-api/ast/detection_command_injection.go:252.69,254.5 1 0
sentinel-hub-api/ast/detection_command_injection.go:258.2,258.44 1 7
sentinel-hub-api/ast/detection_command_injection.go:258.44,259.60 1 99
sentinel-hub-api/ast/detection_command_injection.go:259.60,264.49 1 7
sentinel-hub-api/ast/detection_command_injection.go:264.49,266.5 1 7
sentinel-hub-api/ast/detection_command_injection.go:269.2,269.14 1 0
sentinel-hub-api/ast/detection_crypto.go:12.100,16.18 2 35
sentinel-hub-api/ast/detection_crypto.go:17.12,18.83 1 16
sentinel-hub-api/ast/detection_crypto.go:19.34,20.83 1 9
sentinel-hub-api/ast/detection_crypto.go:21.16,22.87 1 10
sentinel-hub-api/ast/detection_crypto.go:25.2,25.24 1 35
sentinel-hub-api/ast/detection_crypto.go:29.85,32.49 2 16
sentinel-hub-api/ast/detection_crypto.go:32.49,36.31 2 643
sentinel-hub-api/ast/detection_crypto.go:36.31,50.4 3 53
sentinel-hub-api/ast/detection_crypto.go:53.3,53.38 1 643
sentinel-hub-api/ast/detection_crypto.go:53.38,67.4 3 3
sentinel-hub-api/ast/detection_crypto.go:69.3,69.14 1 643
sentinel-hub-api/ast/detection_crypto.go:72.2,72.24 1 16
sentinel-hub-api/ast/detection_crypto.go:76.85,79.49 2 9
sentinel-hub-api/ast/detection_crypto.go:79.49,83.31 2 228
sentinel-hub-api/ast/detection_crypto.go:83.31,97.4 3 0
sentinel-hub-api/ast/detection_crypto.go:100.3,100.38 1 228
sentinel-hub-api/ast/detection_crypto.go:100.38,114.4 3 12
sentinel-hub-api/ast/detection_crypto.go:116.3,116.14 1 228
sentinel-hub-api/ast/detection_crypto.go:119.2,119.24 1 9
sentinel-hub-api/ast/detection_crypto.go:123.89,126.49 2 10
sentinel-hub-api/ast/detection_crypto.go:126.49,130.31 2 240
sentinel-hub-api/ast/detection_crypto.go:130.31,144.4 3 5
sentinel-hub-api/ast/detection_crypto.go:147.3,147.38 1 240
sentinel-hub-api/ast/detection_crypto.go:147.38,161.4 3 3
sentinel-hub-api/ast/detection_crypto.go:163.3,163.14 1 240
sentinel-hub-api/ast/detection_crypto.go:166.2,166.24 1 10
sentinel-hub-api/ast/detection_crypto.go:170.36,178.34 3 1111
sentinel-hub-api/ast/detection_crypto.go:178.34,179.57 1 12714
sentinel-hub-api/ast/detection_crypto.go:179.57,181.4 1 58
sentinel-hub-api/ast/detection_crypto.go:183.2,183.14 1 1053
sentinel-hub-api/ast/detection_crypto.go:186.43,194.41 3 1111
sentinel-hub-api/ast/detection_crypto.go:194.41,195.43 1 9876
sentinel-hub-api/ast/detection_crypto.go:195.43,198.67 1 51
sentinel-hub-api/ast/detection_crypto.go:198.67,201.5 1 18
sentinel-hub-api/ast/detection_crypto.go:204.2,204.14 1 1093
sentinel-hub-api/ast/detection_duplicates.go:12.93,17.49 3 26
sentinel-hub-api/ast/detection_duplicates.go:17.49,21.19 3 11790
sentinel-hub-api/ast/detection_duplicates.go:22.13,23.84 1 11618
sentinel-hub-api/ast/detection_duplicates.go:23.84,26.49 1 61
sentinel-hub-api/ast/detection_duplicates.go:26.49,28.22 2 142
sentinel-hub-api/ast/detection_duplicates.go:28.22,29.39 1 142
sentinel-hub-api/ast/detection_duplicates.go:29.39,32.13 3 41
sentinel-hub-api/ast/detection_duplicates.go:33.13,33.50 1 101
sentinel-hub-api/ast/detection_duplicates.go:33.50,35.16 1 20
sentinel-hub-api/ast/detection_duplicates.go:36.13,36.52 1 81
sentinel-hub-api/ast/detection_duplicates.go:36.52,40.13 3 20
sentinel-hub-api/ast/detection_duplicates.go:45.35,46.74 1 106
sentinel-hub-api/ast/detection_duplicates.go:46.74,48.49 1 10
sentinel-hub-api/ast/detection_duplicates.go:48.49,50.54 2 11
sentinel-hub-api/ast/detection_duplicates.go:50.54,53.12 3 5
sentinel-hub-api/ast/detection_duplicates.go:57.17,58.44 1 66
sentinel-hub-api/ast/detection_duplicates.go:58.44,60.49 1 5
sentinel-hub-api/ast/detection_duplicates.go:60.49,62.54 2 10
sentinel-hub-api/ast/detection_duplicates.go:62.54,65.12 3 5
sentinel-hub-api/ast/detection_duplicates.go:71.3,71.35 1 11790
sentinel-hub-api/ast/detection_duplicates.go:71.35,73.4 1 71
sentinel-hub-api/ast/detection_duplicates.go:75.3,75.14 1 11790
sentinel-hub-api/ast/detection_duplicates.go:79.2,79.43 1 26
sentinel-hub-api/ast/detection_duplicates.go:79.43,80.21 1 68
sentinel-hub-api/ast/detection_duplicates.go:80.21,82.31 1 3
sentinel-hub-api/ast/detection_duplicates.go:82.31,97.5 3 6
sentinel-hub-api/ast/detection_duplicates.go:101.2,101.17 1 26
sentinel-hub-api/ast/detection_orphaned.go:12.87,18.18 2 32
sentinel-hub-api/ast/detection_orphaned.go:19.12,20.46 1 25
sentinel-hub-api/ast/detection_orphaned.go:23.2,23.17 1 32
sentinel-hub-api/ast/detection_orphaned.go:27.78,30.49 2 25
sentinel-hub-api/ast/detection_orphaned.go:30.49,32.42 1 11830
sentinel-hub-api/ast/detection_orphaned.go:32.42,33.48 1 21
sentinel-hub-api/ast/detection_orphaned.go:33.48,35.59 2 63
sentinel-hub-api/ast/detection_orphaned.go:35.59,38.11 3 21
sentinel-hub-api/ast/detection_orphaned.go:42.3,42.14 1 11830
sentinel-hub-api/ast/detection_orphaned.go:45.2,45.25 1 25
sentinel-hub-api/ast/detection_orphaned.go:49.72,56.49 5 25
sentinel-hub-api/ast/detection_orphaned.go:56.49,57.83 1 11830
sentinel-hub-api/ast/detection_orphaned.go:57.83,59.48 1 73
sentinel-hub-api/ast/detection_orphaned.go:59.48,61.53 2 214
sentinel-hub-api/ast/detection_orphaned.go:61.53,64.11 3 52
sentinel-hub-api/ast/detection_orphaned.go:68.3,68.14 1 11830
sentinel-hub-api/ast/detection_orphaned.go:72.2,72.49 1 25
sentinel-hub-api/ast/detection_orphaned.go:72.49,73.39 1 11830
sentinel-hub-api/ast/detection_orphaned.go:73.39,75.48 1 407
sentinel-hub-api/ast/detection_orphaned.go:75.48,77.21 2 721
sentinel-hub-api/ast/detection_orphaned.go:77.21,78.38 1 721
sentinel-hub-api/ast/detection_orphaned.go:78.38,82.12 3 93
sentinel-hub-api/ast/detection_orphaned.go:83.12,83.54 1 628
sentinel-hub-api/ast/detection_orphaned.go:83.54,86.52 1 314
sentinel-hub-api/ast/detection_orphaned.go:86.52,88.74 2 942
sentinel-hub-api/ast/detection_orphaned.go:88.74,91.14 3 314
sentinel-hub-api/ast/detection_orphaned.go:98.3,98.14 1 11830
sentinel-hub-api/ast/detection_orphaned.go:102.2,103.44 2 25
sentinel-hub-api/ast/detection_orphaned.go:103.44,105.33 1 50
sentinel-hub-api/ast/detection_orphaned.go:105.33,106.12 1 0
sentinel-hub-api/ast/detection_orphaned.go:108.3,108.75 1 50
sentinel-hub-api/ast/detection_orphaned.go:108.75,128.4 3 18
sentinel-hub-api/ast/detection_orphaned.go:131.2,131.17 1 25
sentinel-hub-api/ast/detection_secrets.go:14.93,48.35 4 35
sentinel-hub-api/ast/detection_secrets.go:48.35,49.42 1 109
sentinel-hub-api/ast/detection_secrets.go:49.42,51.24 2 545
sentinel-hub-api/ast/detection_secrets.go:51.24,66.5 3 7
sentinel-hub-api/ast/detection_secrets.go:71.2,71.49 1 35
sentinel-hub-api/ast/detection_secrets.go:71.49,73.87 1 1115
sentinel-hub-api/ast/detection_secrets.go:73.87,75.42 2 15
sentinel-hub-api/ast/detection_secrets.go:75.42,89.5 3 0
sentinel-hub-api/ast/detection_secrets.go:91.3,91.14 1 1115
sentinel-hub-api/ast/detection_secrets.go:94.2,94.24 1 35
sentinel-hub-api/ast/detection_secrets.go:105.46,111.41 3 15
sentinel-hub-api/ast/detection_secrets.go:111.41,112.43 1 135
sentinel-hub-api/ast/detection_secrets.go:112.43,115.67 1 1
sentinel-hub-api/ast/detection_secrets.go:115.67,117.23 1 0
sentinel-hub-api/ast/detection_secrets.go:117.23,119.6 1 0
sentinel-hub-api/ast/detection_secrets.go:123.2,123.14 1 15
sentinel-hub-api/ast/detection_sql_injection.go:13.98,17.18 2 35
sentinel-hub-api/ast/detection_sql_injection.go:18.12,19.81 1 17
sentinel-hub-api/ast/detection_sql_injection.go:20.34,21.81 1 9
sentinel-hub-api/ast/detection_sql_injection.go:22.16,23.85 1 9
sentinel-hub-api/ast/detection_sql_injection.go:26.2,26.24 1 35
sentinel-hub-api/ast/detection_sql_injection.go:30.83,42.19 4 17
sentinel-hub-api/ast/detection_sql_injection.go:42.19,45.39 2 11
sentinel-hub-api/ast/detection_sql_injection.go:45.39,46.40 1 88
sentinel-hub-api/ast/detection_sql_injection.go:46.40,48.100 1 26
sentinel-hub-api/ast/detection_sql_injection.go:48.100,49.14 1 4
sentinel-hub-api/ast/detection_sql_injection.go:54.5,54.68 1 22
sentinel-hub-api/ast/detection_sql_injection.go:54.68,57.33 2 22
sentinel-hub-api/ast/detection_sql_injection.go:57.33,60.69 2 122
sentinel-hub-api/ast/detection_sql_injection.go:60.69,61.16 1 0
sentinel-hub-api/ast/detection_sql_injection.go:63.7,65.77 1 122
sentinel-hub-api/ast/detection_sql_injection.go:65.77,78.8 2 22
sentinel-hub-api/ast/detection_sql_injection.go:83.5,84.42 1 22
sentinel-hub-api/ast/detection_sql_injection.go:84.42,86.69 1 12
sentinel-hub-api/ast/detection_sql_injection.go:86.69,88.34 2 12
sentinel-hub-api/ast/detection_sql_injection.go:88.34,90.70 1 96
sentinel-hub-api/ast/detection_sql_injection.go:90.70,91.17 1 0
sentinel-hub-api/ast/detection_sql_injection.go:93.8,96.71 1 96
sentinel-hub-api/ast/detection_sql_injection.go:96.71,109.9 2 12
sentinel-hub-api/ast/detection_sql_injection.go:118.2,118.49 1 17
sentinel-hub-api/ast/detection_sql_injection.go:118.49,120.39 1 692
sentinel-hub-api/ast/detection_sql_injection.go:120.39,126.79 3 18
sentinel-hub-api/ast/detection_sql_injection.go:126.79,128.5 1 2
sentinel-hub-api/ast/detection_sql_injection.go:131.4,131.61 1 16
sentinel-hub-api/ast/detection_sql_injection.go:131.61,133.77 1 7
sentinel-hub-api/ast/detection_sql_injection.go:133.77,147.6 3 2
sentinel-hub-api/ast/detection_sql_injection.go:152.3,152.86 1 690
sentinel-hub-api/ast/detection_sql_injection.go:152.86,155.80 2 11
sentinel-hub-api/ast/detection_sql_injection.go:155.80,157.5 1 0
sentinel-hub-api/ast/detection_sql_injection.go:158.4,162.90 2 11
sentinel-hub-api/ast/detection_sql_injection.go:162.90,176.5 3 4
sentinel-hub-api/ast/detection_sql_injection.go:179.3,179.14 1 690
sentinel-hub-api/ast/detection_sql_injection.go:182.2,182.24 1 17
sentinel-hub-api/ast/detection_sql_injection.go:186.83,189.49 2 9
sentinel-hub-api/ast/detection_sql_injection.go:189.49,191.39 1 228
sentinel-hub-api/ast/detection_sql_injection.go:191.39,193.31 2 5
sentinel-hub-api/ast/detection_sql_injection.go:193.31,195.77 1 0
sentinel-hub-api/ast/detection_sql_injection.go:195.77,209.6 3 0
sentinel-hub-api/ast/detection_sql_injection.go:212.3,212.14 1 228
sentinel-hub-api/ast/detection_sql_injection.go:215.2,215.24 1 9
sentinel-hub-api/ast/detection_sql_injection.go:219.87,222.49 2 9
sentinel-hub-api/ast/detection_sql_injection.go:222.49,224.39 1 225
sentinel-hub-api/ast/detection_sql_injection.go:224.39,226.31 2 0
sentinel-hub-api/ast/detection_sql_injection.go:226.31,228.40 1 0
sentinel-hub-api/ast/detection_sql_injection.go:228.40,242.6 3 0
sentinel-hub-api/ast/detection_sql_injection.go:245.3,245.14 1 225
sentinel-hub-api/ast/detection_sql_injection.go:248.2,248.24 1 9
sentinel-hub-api/ast/detection_sql_injection.go:252.38,260.36 3 30
sentinel-hub-api/ast/detection_sql_injection.go:260.36,261.61 1 331
sentinel-hub-api/ast/detection_sql_injection.go:261.61,263.4 1 7
sentinel-hub-api/ast/detection_sql_injection.go:265.2,265.14 1 23
sentinel-hub-api/ast/detection_sql_injection.go:268.61,269.28 1 62
sentinel-hub-api/ast/detection_sql_injection.go:269.28,271.3 1 0
sentinel-hub-api/ast/detection_sql_injection.go:272.2,273.23 2 62
sentinel-hub-api/ast/detection_sql_injection.go:273.23,275.3 1 0
sentinel-hub-api/ast/detection_sql_injection.go:276.2,276.70 1 62
sentinel-hub-api/ast/detection_sql_injection.go:279.66,284.2 2 7
sentinel-hub-api/ast/detection_sql_injection.go:286.62,289.2 2 0
sentinel-hub-api/ast/detection_sql_injection.go:291.63,295.2 2 0
sentinel-hub-api/ast/detection_sql_injection.go:297.42,304.44 3 5
sentinel-hub-api/ast/detection_sql_injection.go:304.44,305.60 1 45
sentinel-hub-api/ast/detection_sql_injection.go:305.60,308.74 1 0
sentinel-hub-api/ast/detection_sql_injection.go:308.74,310.5 1 0
sentinel-hub-api/ast/detection_sql_injection.go:313.2,313.14 1 5
sentinel-hub-api/ast/detection_syntax.go:12.88,15.17 2 23
sentinel-hub-api/ast/detection_syntax.go:15.17,17.3 1 0
sentinel-hub-api/ast/detection_syntax.go:19.2,20.21 2 23
sentinel-hub-api/ast/detection_syntax.go:20.21,22.3 1 0
sentinel-hub-api/ast/detection_syntax.go:25.2,25.53 1 23
sentinel-hub-api/ast/detection_syntax.go:25.53,26.66 1 10389
sentinel-hub-api/ast/detection_syntax.go:26.66,34.76 5 13
sentinel-hub-api/ast/detection_syntax.go:34.76,36.5 1 0
sentinel-hub-api/ast/detection_syntax.go:36.10,36.83 1 13
sentinel-hub-api/ast/detection_syntax.go:36.83,38.5 1 9
sentinel-hub-api/ast/detection_syntax.go:40.4,50.6 1 13
sentinel-hub-api/ast/detection_syntax.go:53.3,53.14 1 10389
sentinel-hub-api/ast/detection_syntax.go:56.2,56.17 1 23
sentinel-hub-api/ast/detection_unreachable.go:10.90,13.18 2 28
sentinel-hub-api/ast/detection_unreachable.go:14.12,15.49 1 18
sentinel-hub-api/ast/detection_unreachable.go:16.34,17.49 1 7
sentinel-hub-api/ast/detection_unreachable.go:18.16,19.53 1 3
sentinel-hub-api/ast/detection_unreachable.go:22.2,22.17 1 28
sentinel-hub-api/ast/detection_unreachable.go:26.75,30.49 2 18
sentinel-hub-api/ast/detection_unreachable.go:30.49,31.83 1 11602
sentinel-hub-api/ast/detection_unreachable.go:31.83,33.48 1 59
sentinel-hub-api/ast/detection_unreachable.go:33.48,35.48 2 292
sentinel-hub-api/ast/detection_unreachable.go:35.48,38.51 2 59
sentinel-hub-api/ast/detection_unreachable.go:38.51,40.22 2 734
sentinel-hub-api/ast/detection_unreachable.go:40.22,41.45 1 734
sentinel-hub-api/ast/detection_unreachable.go:41.45,43.9 1 36
sentinel-hub-api/ast/detection_unreachable.go:43.14,43.61 1 698
sentinel-hub-api/ast/detection_unreachable.go:43.61,59.14 4 2
sentinel-hub-api/ast/detection_unreachable.go:63.6,63.11 1 59
sentinel-hub-api/ast/detection_unreachable.go:67.3,67.14 1 11602
sentinel-hub-api/ast/detection_unreachable.go:70.2,70.17 1 18
sentinel-hub-api/ast/detection_unreachable_javascript.go:9.75,12.49 2 7
sentinel-hub-api/ast/detection_unreachable_javascript.go:12.49,15.148 2 198
sentinel-hub-api/ast/detection_unreachable_javascript.go:15.148,16.48 1 12
sentinel-hub-api/ast/detection_unreachable_javascript.go:16.48,18.92 2 26
sentinel-hub-api/ast/detection_unreachable_javascript.go:18.92,20.11 2 6
sentinel-hub-api/ast/detection_unreachable_javascript.go:24.4,24.23 1 12
sentinel-hub-api/ast/detection_unreachable_javascript.go:24.23,26.53 2 6
sentinel-hub-api/ast/detection_unreachable_javascript.go:26.53,28.21 2 17
sentinel-hub-api/ast/detection_unreachable_javascript.go:28.21,31.65 2 17
sentinel-hub-api/ast/detection_unreachable_javascript.go:31.65,46.13 4 3
sentinel-hub-api/ast/detection_unreachable_javascript.go:49.7,50.74 1 14
sentinel-hub-api/ast/detection_unreachable_javascript.go:50.74,52.8 1 1
sentinel-hub-api/ast/detection_unreachable_javascript.go:52.13,52.44 1 13
sentinel-hub-api/ast/detection_unreachable_javascript.go:52.44,53.52 1 2
sentinel-hub-api/ast/detection_unreachable_javascript.go:53.52,56.104 2 6
sentinel-hub-api/ast/detection_unreachable_javascript.go:56.104,58.65 2 2
sentinel-hub-api/ast/detection_unreachable_javascript.go:58.65,59.55 1 2
sentinel-hub-api/ast/detection_unreachable_javascript.go:59.55,61.73 2 6
sentinel-hub-api/ast/detection_unreachable_javascript.go:61.73,62.57 1 2
sentinel-hub-api/ast/detection_unreachable_javascript.go:62.57,64.14 1 2
sentinel-hub-api/ast/detection_unreachable_javascript.go:76.3,76.14 1 198
sentinel-hub-api/ast/detection_unreachable_javascript.go:79.2,79.17 1 7
sentinel-hub-api/ast/detection_unreachable_javascript.go:82.67,83.46 1 2
sentinel-hub-api/ast/detection_unreachable_javascript.go:83.46,85.19 2 4
sentinel-hub-api/ast/detection_unreachable_javascript.go:85.19,88.73 2 4
sentinel-hub-api/ast/detection_unreachable_javascript.go:88.73,90.5 1 2
sentinel-hub-api/ast/detection_unreachable_javascript.go:93.2,93.14 1 0
sentinel-hub-api/ast/detection_unreachable_python.go:12.79,16.49 2 3
sentinel-hub-api/ast/detection_unreachable_python.go:16.49,20.43 2 64
sentinel-hub-api/ast/detection_unreachable_python.go:20.43,22.48 1 4
sentinel-hub-api/ast/detection_unreachable_python.go:22.48,24.77 2 20
sentinel-hub-api/ast/detection_unreachable_python.go:24.77,26.11 2 4
sentinel-hub-api/ast/detection_unreachable_python.go:30.4,30.23 1 4
sentinel-hub-api/ast/detection_unreachable_python.go:30.23,33.53 2 4
sentinel-hub-api/ast/detection_unreachable_python.go:33.53,35.21 2 5
sentinel-hub-api/ast/detection_unreachable_python.go:35.21,38.61 2 5
sentinel-hub-api/ast/detection_unreachable_python.go:38.61,54.13 4 1
sentinel-hub-api/ast/detection_unreachable_python.go:58.7,59.74 1 4
sentinel-hub-api/ast/detection_unreachable_python.go:59.74,61.8 1 1
sentinel-hub-api/ast/detection_unreachable_python.go:61.13,61.52 1 3
sentinel-hub-api/ast/detection_unreachable_python.go:61.52,64.90 2 0
sentinel-hub-api/ast/detection_unreachable_python.go:64.90,66.9 1 0
sentinel-hub-api/ast/detection_unreachable_python.go:73.3,73.14 1 64
sentinel-hub-api/ast/detection_unreachable_python.go:76.2,76.17 1 3
sentinel-hub-api/ast/detection_unused.go:12.90,15.18 2 37
sentinel-hub-api/ast/detection_unused.go:16.12,17.49 1 23
sentinel-hub-api/ast/detection_unused.go:18.34,19.49 1 7
sentinel-hub-api/ast/detection_unused.go:20.16,21.53 1 7
sentinel-hub-api/ast/detection_unused.go:24.2,24.17 1 37
sentinel-hub-api/ast/detection_unused.go:28.75,35.49 5 23
sentinel-hub-api/ast/detection_unused.go:35.49,36.81 1 11779
sentinel-hub-api/ast/detection_unused.go:36.81,39.55 1 126
sentinel-hub-api/ast/detection_unused.go:39.55,40.40 1 2555
sentinel-hub-api/ast/detection_unused.go:40.40,43.23 2 427
sentinel-hub-api/ast/detection_unused.go:43.23,46.76 2 427
sentinel-hub-api/ast/detection_unused.go:46.76,48.8 1 0
sentinel-hub-api/ast/detection_unused.go:51.6,53.55 3 427
sentinel-hub-api/ast/detection_unused.go:55.5,55.16 1 2555
sentinel-hub-api/ast/detection_unused.go:58.3,58.14 1 11779
sentinel-hub-api/ast/detection_unused.go:62.2,62.49 1 23
sentinel-hub-api/ast/detection_unused.go:62.49,63.34 1 11779
sentinel-hub-api/ast/detection_unused.go:63.34,65.47 1 1334
sentinel-hub-api/ast/detection_unused.go:65.47,68.5 2 910
sentinel-hub-api/ast/detection_unused.go:70.3,70.14 1 11779
sentinel-hub-api/ast/detection_unused.go:74.2,74.50 1 23
sentinel-hub-api/ast/detection_unused.go:74.50,75.31 1 182
sentinel-hub-api/ast/detection_unused.go:75.31,95.4 3 81
sentinel-hub-api/ast/detection_unused.go:98.2,98.17 1 23
sentinel-hub-api/ast/detection_unused_javascript.go:9.75,15.49 5 7
sentinel-hub-api/ast/detection_unused_javascript.go:15.49,18.73 2 169
sentinel-hub-api/ast/detection_unused_javascript.go:18.73,19.48 1 0
sentinel-hub-api/ast/detection_unused_javascript.go:19.48,21.21 2 0
sentinel-hub-api/ast/detection_unused_javascript.go:21.21,22.76 1 0
sentinel-hub-api/ast/detection_unused_javascript.go:22.76,23.52 1 0
sentinel-hub-api/ast/detection_unused_javascript.go:23.52,25.124 2 0
sentinel-hub-api/ast/detection_unused_javascript.go:25.124,28.9 2 0
sentinel-hub-api/ast/detection_unused_javascript.go:35.3,35.78 1 169
sentinel-hub-api/ast/detection_unused_javascript.go:35.78,36.48 1 3
sentinel-hub-api/ast/detection_unused_javascript.go:36.48,38.21 2 9
sentinel-hub-api/ast/detection_unused_javascript.go:38.21,39.47 1 9
sentinel-hub-api/ast/detection_unused_javascript.go:39.47,40.52 1 3
sentinel-hub-api/ast/detection_unused_javascript.go:40.52,42.29 2 10
sentinel-hub-api/ast/detection_unused_javascript.go:42.29,43.46 1 10
sentinel-hub-api/ast/detection_unused_javascript.go:43.46,46.10 2 2
sentinel-hub-api/ast/detection_unused_javascript.go:46.15,46.97 1 8
sentinel-hub-api/ast/detection_unused_javascript.go:46.97,47.67 1 1
sentinel-hub-api/ast/detection_unused_javascript.go:47.67,48.100 1 6
sentinel-hub-api/ast/detection_unused_javascript.go:48.100,51.12 2 2
sentinel-hub-api/ast/detection_unused_javascript.go:52.11,52.22 1 6
sentinel-hub-api/ast/detection_unused_javascript.go:62.3,62.14 1 169
sentinel-hub-api/ast/detection_unused_javascript.go:65.2,65.49 1 7
sentinel-hub-api/ast/detection_unused_javascript.go:65.49,66.84 1 169
sentinel-hub-api/ast/detection_unused_javascript.go:66.84,69.21 3 15
sentinel-hub-api/ast/detection_unused_javascript.go:69.21,73.73 2 15
sentinel-hub-api/ast/detection_unused_javascript.go:73.73,74.45 1 4
sentinel-hub-api/ast/detection_unused_javascript.go:74.45,75.34 1 2
sentinel-hub-api/ast/detection_unused_javascript.go:75.34,77.8 1 2
sentinel-hub-api/ast/detection_unused_javascript.go:78.12,80.7 1 2
sentinel-hub-api/ast/detection_unused_javascript.go:84.4,84.22 1 15
sentinel-hub-api/ast/detection_unused_javascript.go:84.22,87.5 2 11
sentinel-hub-api/ast/detection_unused_javascript.go:90.3,90.14 1 169
sentinel-hub-api/ast/detection_unused_javascript.go:93.2,93.50 1 7
sentinel-hub-api/ast/detection_unused_javascript.go:93.50,94.58 1 4
sentinel-hub-api/ast/detection_unused_javascript.go:94.58,109.4 3 2
sentinel-hub-api/ast/detection_unused_javascript.go:112.2,112.17 1 7
sentinel-hub-api/ast/detection_unused_python.go:13.79,21.49 6 7
sentinel-hub-api/ast/detection_unused_python.go:21.49,25.76 2 156
sentinel-hub-api/ast/detection_unused_python.go:25.76,26.48 1 2
sentinel-hub-api/ast/detection_unused_python.go:26.48,28.21 2 6
sentinel-hub-api/ast/detection_unused_python.go:28.21,29.118 1 6
sentinel-hub-api/ast/detection_unused_python.go:29.118,30.52 1 3
sentinel-hub-api/ast/detection_unused_python.go:30.52,32.109 2 3
sentinel-hub-api/ast/detection_unused_python.go:32.109,35.9 2 3
sentinel-hub-api/ast/detection_unused_python.go:43.3,43.31 1 156
sentinel-hub-api/ast/detection_unused_python.go:43.31,44.48 1 4
sentinel-hub-api/ast/detection_unused_python.go:44.48,46.21 2 12
sentinel-hub-api/ast/detection_unused_python.go:46.21,47.74 1 12
sentinel-hub-api/ast/detection_unused_python.go:47.74,49.39 1 3
sentinel-hub-api/ast/detection_unused_python.go:49.39,52.69 2 3
sentinel-hub-api/ast/detection_unused_python.go:52.69,55.9 2 3
sentinel-hub-api/ast/detection_unused_python.go:56.13,58.60 1 0
sentinel-hub-api/ast/detection_unused_python.go:58.60,59.111 1 0
sentinel-hub-api/ast/detection_unused_python.go:59.111,61.64 2 0
sentinel-hub-api/ast/detection_unused_python.go:61.64,64.11 2 0
sentinel-hub-api/ast/detection_unused_python.go:66.9,66.20 1 0
sentinel-hub-api/ast/detection_unused_python.go:75.3,75.40 1 156
sentinel-hub-api/ast/detection_unused_python.go:75.40,76.48 1 7
sentinel-hub-api/ast/detection_unused_python.go:76.48,78.53 2 35
sentinel-hub-api/ast/detection_unused_python.go:78.53,79.59 1 7
sentinel-hub-api/ast/detection_unused_python.go:79.59,80.43 1 26
sentinel-hub-api/ast/detection_unused_python.go:80.43,83.73 2 4
sentinel-hub-api/ast/detection_unused_python.go:83.73,86.9 2 2
sentinel-hub-api/ast/detection_unused_python.go:88.7,88.18 1 26
sentinel-hub-api/ast/detection_unused_python.go:94.3,94.14 1 156
sentinel-hub-api/ast/detection_unused_python.go:98.2,98.49 1 7
sentinel-hub-api/ast/detection_unused_python.go:98.49,99.34 1 156
sentinel-hub-api/ast/detection_unused_python.go:99.34,101.47 1 28
sentinel-hub-api/ast/detection_unused_python.go:101.47,105.55 3 23
sentinel-hub-api/ast/detection_unused_python.go:105.55,107.52 1 0
sentinel-hub-api/ast/detection_unused_python.go:107.52,108.34 1 0
sentinel-hub-api/ast/detection_unused_python.go:108.34,110.13 2 0
sentinel-hub-api/ast/detection_unused_python.go:115.5,115.22 1 23
sentinel-hub-api/ast/detection_unused_python.go:115.22,118.6 2 23
sentinel-hub-api/ast/detection_unused_python.go:122.3,122.14 1 156
sentinel-hub-api/ast/detection_unused_python.go:126.2,126.50 1 7
sentinel-hub-api/ast/detection_unused_python.go:126.50,127.76 1 5
sentinel-hub-api/ast/detection_unused_python.go:127.76,142.4 3 2
sentinel-hub-api/ast/detection_unused_python.go:145.2,145.17 1 7
sentinel-hub-api/ast/detection_xss.go:13.89,17.18 2 35
sentinel-hub-api/ast/detection_xss.go:18.12,19.72 1 16
sentinel-hub-api/ast/detection_xss.go:20.34,21.72 1 10
sentinel-hub-api/ast/detection_xss.go:22.16,23.76 1 9
sentinel-hub-api/ast/detection_xss.go:26.2,26.24 1 35
sentinel-hub-api/ast/detection_xss.go:30.74,33.49 2 16
sentinel-hub-api/ast/detection_xss.go:33.49,35.39 1 643
sentinel-hub-api/ast/detection_xss.go:35.39,37.38 2 17
sentinel-hub-api/ast/detection_xss.go:37.38,39.42 1 0
sentinel-hub-api/ast/detection_xss.go:39.42,53.6 3 0
sentinel-hub-api/ast/detection_xss.go:56.3,56.14 1 643
sentinel-hub-api/ast/detection_xss.go:59.2,59.24 1 16
sentinel-hub-api/ast/detection_xss.go:63.74,68.39 3 10
sentinel-hub-api/ast/detection_xss.go:68.39,72.73 2 23
sentinel-hub-api/ast/detection_xss.go:72.73,74.39 1 5
sentinel-hub-api/ast/detection_xss.go:74.39,88.5 3 5
sentinel-hub-api/ast/detection_xss.go:93.2,93.49 1 10
sentinel-hub-api/ast/detection_xss.go:93.49,95.81 1 250
sentinel-hub-api/ast/detection_xss.go:95.81,97.44 2 11
sentinel-hub-api/ast/detection_xss.go:97.44,99.33 1 5
sentinel-hub-api/ast/detection_xss.go:99.33,113.6 3 1
sentinel-hub-api/ast/detection_xss.go:116.3,116.14 1 250
sentinel-hub-api/ast/detection_xss.go:119.2,119.24 1 10
sentinel-hub-api/ast/detection_xss.go:123.78,126.49 2 9
sentinel-hub-api/ast/detection_xss.go:126.49,128.39 1 225
sentinel-hub-api/ast/detection_xss.go:128.39,130.38 2 0
sentinel-hub-api/ast/detection_xss.go:130.38,132.42 1 0
sentinel-hub-api/ast/detection_xss.go:132.42,146.6 3 0
sentinel-hub-api/ast/detection_xss.go:149.3,149.14 1 225
sentinel-hub-api/ast/detection_xss.go:152.2,152.24 1 9
sentinel-hub-api/ast/detection_xss.go:156.45,162.37 3 17
sentinel-hub-api/ast/detection_xss.go:162.37,163.61 1 119
sentinel-hub-api/ast/detection_xss.go:163.61,165.4 1 0
sentinel-hub-api/ast/detection_xss.go:167.2,167.14 1 17
sentinel-hub-api/ast/detection_xss.go:170.48,176.34 3 11
sentinel-hub-api/ast/detection_xss.go:176.34,177.55 1 55
sentinel-hub-api/ast/detection_xss.go:177.55,179.4 1 5
sentinel-hub-api/ast/detection_xss.go:181.2,181.14 1 6
sentinel-hub-api/ast/detection_xss.go:184.65,192.44 4 0
sentinel-hub-api/ast/detection_xss.go:192.44,193.43 1 0
sentinel-hub-api/ast/detection_xss.go:193.43,197.51 1 0
sentinel-hub-api/ast/detection_xss.go:197.51,199.5 1 0
sentinel-hub-api/ast/detection_xss.go:202.2,202.14 1 0
sentinel-hub-api/ast/detection_xss.go:205.56,212.44 4 5
sentinel-hub-api/ast/detection_xss.go:212.44,213.43 1 48
sentinel-hub-api/ast/detection_xss.go:213.43,215.4 1 1
sentinel-hub-api/ast/detection_xss.go:217.2,217.14 1 4
sentinel-hub-api/ast/edge_cases.go:20.60,23.18 2 7
sentinel-hub-api/ast/edge_cases.go:24.12,27.54 3 2
sentinel-hub-api/ast/edge_cases.go:28.34,31.54 3 3
sentinel-hub-api/ast/edge_cases.go:32.16,35.54 3 2
sentinel-hub-api/ast/edge_cases.go:36.10,39.54 2 0
sentinel-hub-api/ast/edge_cases.go:43.2,45.15 2 7
sentinel-hub-api/ast/edge_cases.go:49.43,59.2 2 2
sentinel-hub-api/ast/edge_cases.go:62.39,69.2 2 2
sentinel-hub-api/ast/edge_cases.go:72.43,83.2 2 3
sentinel-hub-api/ast/edge_cases.go:86.46,95.2 2 3
sentinel-hub-api/ast/edge_cases.go:98.47,110.2 2 2
sentinel-hub-api/ast/edge_cases.go:113.50,123.2 2 2
sentinel-hub-api/ast/edge_cases.go:126.44,141.33 3 7
sentinel-hub-api/ast/edge_cases.go:141.33,142.59 1 55
sentinel-hub-api/ast/edge_cases.go:142.59,144.4 1 1
sentinel-hub-api/ast/edge_cases.go:147.2,147.14 1 6
sentinel-hub-api/ast/edge_cases.go:151.48,159.2 2 0
sentinel-hub-api/ast/edge_cases.go:162.61,163.35 1 14
sentinel-hub-api/ast/edge_cases.go:163.35,165.28 2 58
sentinel-hub-api/ast/edge_cases.go:165.28,167.4 1 5
sentinel-hub-api/ast/edge_cases.go:169.2,169.14 1 9
sentinel-hub-api/ast/edge_cases.go:173.54,177.26 2 7
sentinel-hub-api/ast/edge_cases.go:177.26,179.3 1 4
sentinel-hub-api/ast/edge_cases.go:182.2,182.29 1 7
sentinel-hub-api/ast/edge_cases.go:182.29,184.3 1 1
sentinel-hub-api/ast/edge_cases.go:187.2,187.27 1 7
sentinel-hub-api/ast/edge_cases.go:187.27,189.3 1 0
sentinel-hub-api/ast/edge_cases.go:192.2,192.29 1 7
sentinel-hub-api/ast/edge_cases.go:192.29,194.3 1 1
sentinel-hub-api/ast/edge_cases.go:197.2,197.19 1 7
sentinel-hub-api/ast/edge_cases.go:197.19,199.3 1 0
sentinel-hub-api/ast/edge_cases.go:201.2,201.16 1 7
sentinel-hub-api/ast/extraction.go:43.93,45.16 2 40
sentinel-hub-api/ast/extraction.go:45.16,47.3 1 1
sentinel-hub-api/ast/extraction.go:49.2,51.16 3 39
sentinel-hub-api/ast/extraction.go:51.16,54.3 1 0
sentinel-hub-api/ast/extraction.go:55.2,58.21 3 39
sentinel-hub-api/ast/extraction.go:58.21,60.3 1 0
sentinel-hub-api/ast/extraction.go:62.2,65.53 3 39
sentinel-hub-api/ast/extraction.go:65.53,67.22 2 945
sentinel-hub-api/ast/extraction.go:67.22,69.87 1 54
sentinel-hub-api/ast/extraction.go:69.87,71.5 1 49
sentinel-hub-api/ast/extraction.go:73.3,73.14 1 945
sentinel-hub-api/ast/extraction.go:76.2,76.23 1 39
sentinel-hub-api/ast/extraction.go:81.98,83.16 2 2
sentinel-hub-api/ast/extraction.go:83.16,85.3 1 0
sentinel-hub-api/ast/extraction.go:87.2,87.27 1 2
sentinel-hub-api/ast/extraction.go:87.27,88.36 1 2
sentinel-hub-api/ast/extraction.go:88.36,90.4 1 1
sentinel-hub-api/ast/extraction.go:93.2,93.61 1 1
sentinel-hub-api/ast/extraction.go:98.93,103.18 4 945
sentinel-hub-api/ast/extraction.go:104.12,105.83 1 350
sentinel-hub-api/ast/extraction.go:105.83,110.48 3 18
sentinel-hub-api/ast/extraction.go:110.48,112.21 2 37
sentinel-hub-api/ast/extraction.go:112.21,113.38 1 37
sentinel-hub-api/ast/extraction.go:113.38,116.12 3 17
sentinel-hub-api/ast/extraction.go:117.12,117.49 1 20
sentinel-hub-api/ast/extraction.go:117.49,119.15 1 1
sentinel-hub-api/ast/extraction.go:120.12,120.51 1 19
sentinel-hub-api/ast/extraction.go:120.51,124.12 3 1
sentinel-hub-api/ast/extraction.go:129.34,130.73 1 428
sentinel-hub-api/ast/extraction.go:130.73,134.48 3 16
sentinel-hub-api/ast/extraction.go:134.48,136.53 2 14
sentinel-hub-api/ast/extraction.go:136.53,139.11 3 7
sentinel-hub-api/ast/extraction.go:142.9,142.85 1 412
sentinel-hub-api/ast/extraction.go:142.85,147.22 4 8
sentinel-hub-api/ast/extraction.go:147.22,149.5 1 8
sentinel-hub-api/ast/extraction.go:150.9,150.50 1 404
sentinel-hub-api/ast/extraction.go:150.50,154.48 3 8
sentinel-hub-api/ast/extraction.go:154.48,156.21 2 24
sentinel-hub-api/ast/extraction.go:156.21,157.38 1 24
sentinel-hub-api/ast/extraction.go:157.38,160.7 1 8
sentinel-hub-api/ast/extraction.go:160.12,160.90 1 16
sentinel-hub-api/ast/extraction.go:160.90,163.7 1 7
sentinel-hub-api/ast/extraction.go:167.4,167.40 1 8
sentinel-hub-api/ast/extraction.go:167.40,172.5 4 7
sentinel-hub-api/ast/extraction.go:173.9,173.48 1 396
sentinel-hub-api/ast/extraction.go:173.48,178.48 3 4
sentinel-hub-api/ast/extraction.go:178.48,180.141 2 5
sentinel-hub-api/ast/extraction.go:180.141,183.86 2 4
sentinel-hub-api/ast/extraction.go:183.86,185.7 1 0
sentinel-hub-api/ast/extraction.go:186.6,187.11 2 4
sentinel-hub-api/ast/extraction.go:191.16,192.43 1 167
sentinel-hub-api/ast/extraction.go:192.43,196.48 3 10
sentinel-hub-api/ast/extraction.go:196.48,198.53 2 20
sentinel-hub-api/ast/extraction.go:198.53,202.62 3 10
sentinel-hub-api/ast/extraction.go:202.62,205.26 2 0
sentinel-hub-api/ast/extraction.go:205.26,208.8 1 0
sentinel-hub-api/ast/extraction.go:210.6,211.11 2 10
sentinel-hub-api/ast/extraction.go:217.2,217.35 1 945
sentinel-hub-api/ast/extraction.go:217.35,219.3 1 891
sentinel-hub-api/ast/extraction.go:222.2,255.17 9 54
sentinel-hub-api/ast/extraction_helpers.go:14.92,18.19 2 8
sentinel-hub-api/ast/extraction_helpers.go:18.19,20.3 1 0
sentinel-hub-api/ast/extraction_helpers.go:23.2,23.44 1 8
sentinel-hub-api/ast/extraction_helpers.go:23.44,25.49 1 7
sentinel-hub-api/ast/extraction_helpers.go:25.49,27.52 2 7
sentinel-hub-api/ast/extraction_helpers.go:27.52,29.5 1 7
sentinel-hub-api/ast/extraction_helpers.go:34.2,34.46 1 1
sentinel-hub-api/ast/extraction_helpers.go:34.46,36.49 1 0
sentinel-hub-api/ast/extraction_helpers.go:36.49,38.52 2 0
sentinel-hub-api/ast/extraction_helpers.go:38.52,40.5 1 0
sentinel-hub-api/ast/extraction_helpers.go:45.2,45.71 1 1
sentinel-hub-api/ast/extraction_helpers.go:45.71,47.49 1 1
sentinel-hub-api/ast/extraction_helpers.go:47.49,49.123 2 1
sentinel-hub-api/ast/extraction_helpers.go:49.123,52.69 2 1
sentinel-hub-api/ast/extraction_helpers.go:52.69,54.6 1 0
sentinel-hub-api/ast/extraction_helpers.go:55.5,55.16 1 1
sentinel-hub-api/ast/extraction_helpers.go:61.2,61.42 1 0
sentinel-hub-api/ast/extraction_helpers.go:61.42,62.47 1 0
sentinel-hub-api/ast/extraction_helpers.go:62.47,64.52 2 0
sentinel-hub-api/ast/extraction_helpers.go:64.52,66.5 1 0
sentinel-hub-api/ast/extraction_helpers.go:70.2,70.11 1 0
sentinel-hub-api/ast/extraction_helpers.go:74.77,75.64 1 0
sentinel-hub-api/ast/extraction_helpers.go:75.64,77.3 1 0
sentinel-hub-api/ast/extraction_helpers.go:79.2,79.51 1 0
sentinel-hub-api/ast/extraction_helpers.go:79.51,81.51 2 0
sentinel-hub-api/ast/extraction_helpers.go:81.51,83.4 1 0
sentinel-hub-api/ast/extraction_helpers.go:85.2,85.11 1 0
sentinel-hub-api/ast/extraction_helpers.go:89.89,92.18 2 54
sentinel-hub-api/ast/extraction_helpers.go:93.12,94.47 1 18
sentinel-hub-api/ast/extraction_helpers.go:95.34,96.65 1 26
sentinel-hub-api/ast/extraction_helpers.go:97.16,98.51 1 10
sentinel-hub-api/ast/extraction_helpers.go:101.2,101.19 1 54
sentinel-hub-api/ast/extraction_helpers.go:105.74,109.46 2 18
sentinel-hub-api/ast/extraction_helpers.go:109.46,111.19 2 53
sentinel-hub-api/ast/extraction_helpers.go:111.19,112.12 1 0
sentinel-hub-api/ast/extraction_helpers.go:115.3,115.39 1 53
sentinel-hub-api/ast/extraction_helpers.go:115.39,117.49 1 18
sentinel-hub-api/ast/extraction_helpers.go:117.49,119.25 2 45
sentinel-hub-api/ast/extraction_helpers.go:119.25,120.14 1 0
sentinel-hub-api/ast/extraction_helpers.go:123.5,123.52 1 45
sentinel-hub-api/ast/extraction_helpers.go:123.52,125.26 2 7
sentinel-hub-api/ast/extraction_helpers.go:125.26,127.7 1 7
sentinel-hub-api/ast/extraction_helpers.go:130.4,130.9 1 18
sentinel-hub-api/ast/extraction_helpers.go:134.2,134.19 1 18
sentinel-hub-api/ast/extraction_helpers.go:138.76,142.51 2 7
sentinel-hub-api/ast/extraction_helpers.go:142.51,144.19 2 14
sentinel-hub-api/ast/extraction_helpers.go:144.19,145.12 1 0
sentinel-hub-api/ast/extraction_helpers.go:148.3,148.55 1 14
sentinel-hub-api/ast/extraction_helpers.go:148.55,150.4 1 7
sentinel-hub-api/ast/extraction_helpers.go:150.9,150.81 1 7
sentinel-hub-api/ast/extraction_helpers.go:150.81,152.4 1 7
sentinel-hub-api/ast/extraction_helpers.go:152.9,152.46 1 0
sentinel-hub-api/ast/extraction_helpers.go:152.46,155.4 1 0
sentinel-hub-api/ast/extraction_helpers.go:158.2,158.14 1 7
sentinel-hub-api/ast/extraction_helpers.go:162.99,166.46 2 26
sentinel-hub-api/ast/extraction_helpers.go:166.46,168.19 2 65
sentinel-hub-api/ast/extraction_helpers.go:168.19,169.12 1 0
sentinel-hub-api/ast/extraction_helpers.go:172.3,172.42 1 65
sentinel-hub-api/ast/extraction_helpers.go:172.42,174.49 1 19
sentinel-hub-api/ast/extraction_helpers.go:174.49,176.25 2 59
sentinel-hub-api/ast/extraction_helpers.go:176.25,177.14 1 0
sentinel-hub-api/ast/extraction_helpers.go:180.5,180.85 1 59
sentinel-hub-api/ast/extraction_helpers.go:180.85,182.26 2 15
sentinel-hub-api/ast/extraction_helpers.go:182.26,184.7 1 15
sentinel-hub-api/ast/extraction_helpers.go:185.11,185.52 1 44
sentinel-hub-api/ast/extraction_helpers.go:185.52,188.26 2 0
sentinel-hub-api/ast/extraction_helpers.go:188.26,190.7 1 0
sentinel-hub-api/ast/extraction_helpers.go:193.4,193.9 1 19
sentinel-hub-api/ast/extraction_helpers.go:197.2,197.19 1 26
sentinel-hub-api/ast/extraction_helpers.go:201.101,205.51 2 15
sentinel-hub-api/ast/extraction_helpers.go:205.51,207.19 2 14
sentinel-hub-api/ast/extraction_helpers.go:207.19,208.12 1 0
sentinel-hub-api/ast/extraction_helpers.go:211.3,211.55 1 14
sentinel-hub-api/ast/extraction_helpers.go:211.55,213.4 1 7
sentinel-hub-api/ast/extraction_helpers.go:213.9,213.47 1 7
sentinel-hub-api/ast/extraction_helpers.go:213.47,216.23 2 7
sentinel-hub-api/ast/extraction_helpers.go:216.23,218.5 1 7
sentinel-hub-api/ast/extraction_helpers.go:223.2,223.58 1 15
sentinel-hub-api/ast/extraction_helpers.go:223.58,225.3 1 8
sentinel-hub-api/ast/extraction_helpers.go:227.2,227.14 1 15
sentinel-hub-api/ast/extraction_helpers.go:231.78,235.51 2 0
sentinel-hub-api/ast/extraction_helpers.go:235.51,237.51 2 0
sentinel-hub-api/ast/extraction_helpers.go:237.51,239.9 2 0
sentinel-hub-api/ast/extraction_helpers.go:243.2,243.14 1 0
sentinel-hub-api/ast/extraction_helpers.go:247.78,251.46 2 10
sentinel-hub-api/ast/extraction_helpers.go:251.46,253.19 2 30
sentinel-hub-api/ast/extraction_helpers.go:253.19,254.12 1 0
sentinel-hub-api/ast/extraction_helpers.go:257.3,257.35 1 30
sentinel-hub-api/ast/extraction_helpers.go:257.35,259.49 1 10
sentinel-hub-api/ast/extraction_helpers.go:259.49,261.25 2 31
sentinel-hub-api/ast/extraction_helpers.go:261.25,262.14 1 0
sentinel-hub-api/ast/extraction_helpers.go:265.5,265.82 1 31
sentinel-hub-api/ast/extraction_helpers.go:265.82,267.26 2 9
sentinel-hub-api/ast/extraction_helpers.go:267.26,269.7 1 9
sentinel-hub-api/ast/extraction_helpers.go:270.11,270.61 1 22
sentinel-hub-api/ast/extraction_helpers.go:270.61,273.26 2 0
sentinel-hub-api/ast/extraction_helpers.go:273.26,275.7 1 0
sentinel-hub-api/ast/extraction_helpers.go:278.4,278.9 1 10
sentinel-hub-api/ast/extraction_helpers.go:282.2,282.19 1 10
sentinel-hub-api/ast/extraction_helpers.go:286.80,290.51 2 9
sentinel-hub-api/ast/extraction_helpers.go:290.51,292.19 2 3
sentinel-hub-api/ast/extraction_helpers.go:292.19,293.12 1 0
sentinel-hub-api/ast/extraction_helpers.go:296.3,296.55 1 3
sentinel-hub-api/ast/extraction_helpers.go:296.55,298.4 1 1
sentinel-hub-api/ast/extraction_helpers.go:298.9,298.36 1 2
sentinel-hub-api/ast/extraction_helpers.go:298.36,301.4 1 1
sentinel-hub-api/ast/extraction_helpers.go:305.2,305.58 1 9
sentinel-hub-api/ast/extraction_helpers.go:305.58,307.3 1 8
sentinel-hub-api/ast/extraction_helpers.go:309.2,309.14 1 9
sentinel-hub-api/ast/extraction_helpers.go:313.80,314.18 1 54
sentinel-hub-api/ast/extraction_helpers.go:315.12,316.41 1 18
sentinel-hub-api/ast/extraction_helpers.go:317.20,318.49 1 8
sentinel-hub-api/ast/extraction_helpers.go:319.16,320.45 1 10
sentinel-hub-api/ast/extraction_helpers.go:321.20,323.12 1 18
sentinel-hub-api/ast/extraction_helpers.go:324.10,325.12 1 0
sentinel-hub-api/ast/extraction_helpers.go:330.65,333.46 2 18
sentinel-hub-api/ast/extraction_helpers.go:333.46,335.19 2 73
sentinel-hub-api/ast/extraction_helpers.go:335.19,336.12 1 0
sentinel-hub-api/ast/extraction_helpers.go:339.3,339.39 1 73
sentinel-hub-api/ast/extraction_helpers.go:339.39,341.12 2 19
sentinel-hub-api/ast/extraction_helpers.go:344.3,344.18 1 54
sentinel-hub-api/ast/extraction_helpers.go:344.18,346.41 1 19
sentinel-hub-api/ast/extraction_helpers.go:346.41,348.5 1 5
sentinel-hub-api/ast/extraction_helpers.go:348.10,348.47 1 14
sentinel-hub-api/ast/extraction_helpers.go:348.47,351.5 1 0
sentinel-hub-api/ast/extraction_helpers.go:351.10,351.45 1 14
sentinel-hub-api/ast/extraction_helpers.go:351.45,353.5 1 0
sentinel-hub-api/ast/extraction_helpers.go:357.2,357.11 1 13
sentinel-hub-api/ast/extraction_helpers.go:361.73,364.46 2 8
sentinel-hub-api/ast/extraction_helpers.go:364.46,366.19 2 26
sentinel-hub-api/ast/extraction_helpers.go:366.19,367.12 1 0
sentinel-hub-api/ast/extraction_helpers.go:370.3,370.42 1 26
sentinel-hub-api/ast/extraction_helpers.go:370.42,372.12 2 6
sentinel-hub-api/ast/extraction_helpers.go:375.3,375.55 1 20
sentinel-hub-api/ast/extraction_helpers.go:375.55,378.23 2 6
sentinel-hub-api/ast/extraction_helpers.go:378.23,380.5 1 6
sentinel-hub-api/ast/extraction_helpers.go:381.4,381.62 1 0
sentinel-hub-api/ast/extraction_helpers.go:385.2,385.11 1 2
sentinel-hub-api/ast/extraction_helpers.go:389.69,392.46 1 10
sentinel-hub-api/ast/extraction_helpers.go:392.46,394.19 2 50
sentinel-hub-api/ast/extraction_helpers.go:394.19,395.12 1 0
sentinel-hub-api/ast/extraction_helpers.go:398.3,398.29 1 50
sentinel-hub-api/ast/extraction_helpers.go:398.29,401.4 1 1
sentinel-hub-api/ast/extraction_helpers.go:404.2,404.11 1 9
sentinel-hub-api/ast/extraction_helpers.go:408.83,409.18 1 54
sentinel-hub-api/ast/extraction_helpers.go:410.12,411.44 1 18
sentinel-hub-api/ast/extraction_helpers.go:412.16,413.48 1 10
sentinel-hub-api/ast/extraction_helpers.go:414.34,415.52 1 26
sentinel-hub-api/ast/extraction_helpers.go:416.10,417.12 1 0
sentinel-hub-api/ast/extraction_helpers.go:422.68,425.19 2 18
sentinel-hub-api/ast/extraction_helpers.go:425.19,427.3 1 0
sentinel-hub-api/ast/extraction_helpers.go:429.2,431.48 2 18
sentinel-hub-api/ast/extraction_helpers.go:431.48,433.21 2 71
sentinel-hub-api/ast/extraction_helpers.go:433.21,434.12 1 0
sentinel-hub-api/ast/extraction_helpers.go:438.3,438.46 1 71
sentinel-hub-api/ast/extraction_helpers.go:438.46,439.9 1 18
sentinel-hub-api/ast/extraction_helpers.go:443.3,443.34 1 53
sentinel-hub-api/ast/extraction_helpers.go:443.34,447.40 3 1
sentinel-hub-api/ast/extraction_helpers.go:447.40,449.5 1 1
sentinel-hub-api/ast/extraction_helpers.go:450.4,450.21 1 1
sentinel-hub-api/ast/extraction_helpers.go:450.21,452.5 1 1
sentinel-hub-api/ast/extraction_helpers.go:457.2,457.23 1 18
sentinel-hub-api/ast/extraction_helpers.go:457.23,459.58 1 1
sentinel-hub-api/ast/extraction_helpers.go:459.58,461.4 1 0
sentinel-hub-api/ast/extraction_helpers.go:462.3,462.38 1 1
sentinel-hub-api/ast/extraction_helpers.go:465.2,465.11 1 17
sentinel-hub-api/ast/extraction_helpers.go:469.72,472.46 1 10
sentinel-hub-api/ast/extraction_helpers.go:472.46,474.19 2 52
sentinel-hub-api/ast/extraction_helpers.go:474.19,475.12 1 0
sentinel-hub-api/ast/extraction_helpers.go:478.3,478.30 1 52
sentinel-hub-api/ast/extraction_helpers.go:478.30,480.49 1 10
sentinel-hub-api/ast/extraction_helpers.go:480.49,482.20 2 10
sentinel-hub-api/ast/extraction_helpers.go:482.20,483.14 1 0
sentinel-hub-api/ast/extraction_helpers.go:486.5,486.46 1 10
sentinel-hub-api/ast/extraction_helpers.go:486.46,488.50 1 1
sentinel-hub-api/ast/extraction_helpers.go:488.50,490.86 2 1
sentinel-hub-api/ast/extraction_helpers.go:490.86,493.92 2 1
sentinel-hub-api/ast/extraction_helpers.go:493.92,495.9 1 1
sentinel-hub-api/ast/extraction_helpers.go:495.14,495.106 1 0
sentinel-hub-api/ast/extraction_helpers.go:495.106,497.9 1 0
sentinel-hub-api/ast/extraction_helpers.go:498.8,498.24 1 1
sentinel-hub-api/ast/extraction_helpers.go:503.4,503.9 1 9
sentinel-hub-api/ast/extraction_helpers.go:507.2,507.11 1 9
sentinel-hub-api/ast/extraction_helpers.go:511.76,514.19 2 26
sentinel-hub-api/ast/extraction_helpers.go:514.19,516.3 1 0
sentinel-hub-api/ast/extraction_helpers.go:518.2,520.48 2 26
sentinel-hub-api/ast/extraction_helpers.go:520.48,522.21 2 55
sentinel-hub-api/ast/extraction_helpers.go:522.21,523.12 1 0
sentinel-hub-api/ast/extraction_helpers.go:527.3,527.46 1 55
sentinel-hub-api/ast/extraction_helpers.go:527.46,528.9 1 26
sentinel-hub-api/ast/extraction_helpers.go:532.3,532.34 1 29
sentinel-hub-api/ast/extraction_helpers.go:532.34,536.77 3 1
sentinel-hub-api/ast/extraction_helpers.go:536.77,541.32 4 1
sentinel-hub-api/ast/extraction_helpers.go:541.32,543.6 1 3
sentinel-hub-api/ast/extraction_helpers.go:544.5,544.40 1 1
sentinel-hub-api/ast/extraction_helpers.go:545.10,545.47 1 0
sentinel-hub-api/ast/extraction_helpers.go:545.47,547.5 1 0
sentinel-hub-api/ast/extraction_helpers.go:548.4,548.21 1 1
sentinel-hub-api/ast/extraction_helpers.go:548.21,550.5 1 1
sentinel-hub-api/ast/extraction_helpers.go:555.2,555.23 1 26
sentinel-hub-api/ast/extraction_helpers.go:555.23,556.58 1 1
sentinel-hub-api/ast/extraction_helpers.go:556.58,558.4 1 0
sentinel-hub-api/ast/extraction_helpers.go:559.3,559.38 1 1
sentinel-hub-api/ast/extraction_helpers.go:562.2,562.11 1 25
sentinel-hub-api/ast/extraction_helpers.go:566.67,567.20 1 54
sentinel-hub-api/ast/extraction_helpers.go:567.20,569.3 1 0
sentinel-hub-api/ast/extraction_helpers.go:571.2,571.18 1 54
sentinel-hub-api/ast/extraction_helpers.go:572.12,574.62 1 18
sentinel-hub-api/ast/extraction_helpers.go:574.62,576.4 1 3
sentinel-hub-api/ast/extraction_helpers.go:577.3,577.19 1 15
sentinel-hub-api/ast/extraction_helpers.go:578.34,580.39 1 26
sentinel-hub-api/ast/extraction_helpers.go:580.39,582.4 1 1
sentinel-hub-api/ast/extraction_helpers.go:584.3,584.77 1 25
sentinel-hub-api/ast/extraction_helpers.go:584.77,586.4 1 0
sentinel-hub-api/ast/extraction_helpers.go:588.3,588.18 1 25
sentinel-hub-api/ast/extraction_helpers.go:589.16,593.56 2 10
sentinel-hub-api/ast/extraction_helpers.go:593.56,595.4 1 0
sentinel-hub-api/ast/extraction_helpers.go:596.3,596.81 1 10
sentinel-hub-api/ast/extraction_helpers.go:596.81,599.4 1 0
sentinel-hub-api/ast/extraction_helpers.go:600.3,600.41 1 10
sentinel-hub-api/ast/extraction_helpers.go:600.41,602.4 1 2
sentinel-hub-api/ast/extraction_helpers.go:603.3,603.18 1 8
sentinel-hub-api/ast/extraction_helpers.go:604.10,605.18 1 0
sentinel-hub-api/ast/parsers.go:22.20,48.2 18 1
sentinel-hub-api/ast/parsers.go:52.57,61.37 4 151
sentinel-hub-api/ast/parsers.go:61.37,64.3 2 149
sentinel-hub-api/ast/parsers.go:65.2,69.110 2 2
sentinel-hub-api/ast/parsers.go:73.44,75.14 2 157
sentinel-hub-api/ast/parsers.go:76.33,77.22 1 37
sentinel-hub-api/ast/parsers.go:78.33,79.22 1 10
sentinel-hub-api/ast/parsers.go:80.22,81.18 1 31
sentinel-hub-api/ast/parsers.go:82.22,83.14 1 77
sentinel-hub-api/ast/parsers.go:84.10,85.14 1 2
sentinel-hub-api/ast/parsers.go:92.71,96.14 3 6
sentinel-hub-api/ast/parsers.go:97.22,99.43 2 6
sentinel-hub-api/ast/parsers.go:100.33,102.47 2 0
sentinel-hub-api/ast/parsers.go:103.33,105.47 2 0
sentinel-hub-api/ast/parsers.go:106.22,108.43 2 0
sentinel-hub-api/ast/parsers.go:109.10,110.111 1 0
sentinel-hub-api/ast/parsers.go:113.2,113.20 1 6
sentinel-hub-api/ast/search.go:44.96,51.47 4 11
sentinel-hub-api/ast/search.go:51.47,54.39 2 0
sentinel-hub-api/ast/search.go:54.39,56.4 1 0
sentinel-hub-api/ast/search.go:57.3,58.36 2 0
sentinel-hub-api/ast/search.go:59.8,62.39 2 11
sentinel-hub-api/ast/search.go:62.39,64.4 1 55
sentinel-hub-api/ast/search.go:65.3,66.38 2 11
sentinel-hub-api/ast/search.go:69.2,70.16 2 11
sentinel-hub-api/ast/search.go:70.16,72.74 1 0
sentinel-hub-api/ast/search.go:72.74,74.4 1 0
sentinel-hub-api/ast/search.go:75.3,75.51 1 0
sentinel-hub-api/ast/search.go:78.2,80.29 3 11
sentinel-hub-api/ast/search.go:80.29,82.17 2 26
sentinel-hub-api/ast/search.go:82.17,83.12 1 11
sentinel-hub-api/ast/search.go:87.3,88.21 2 15
sentinel-hub-api/ast/search.go:88.21,89.12 1 0
sentinel-hub-api/ast/search.go:92.3,101.5 5 15
sentinel-hub-api/ast/search.go:104.2,104.21 1 11
sentinel-hub-api/ast/search.go:108.104,109.19 1 0
sentinel-hub-api/ast/search.go:109.19,111.3 1 0
sentinel-hub-api/ast/search.go:114.2,118.40 3 0
sentinel-hub-api/ast/search.go:118.40,119.40 1 0
sentinel-hub-api/ast/search.go:119.40,122.4 2 0
sentinel-hub-api/ast/search.go:124.3,124.27 1 0
sentinel-hub-api/ast/search.go:126.2,130.16 3 0
sentinel-hub-api/ast/search.go:130.16,132.3 1 0
sentinel-hub-api/ast/search.go:135.2,142.29 3 0
sentinel-hub-api/ast/search.go:142.29,144.3 1 0
sentinel-hub-api/ast/search.go:145.2,147.21 2 0
sentinel-hub-api/ast/search.go:151.65,156.2 4 0
sentinel-hub-api/ast/search.go:159.32,161.38 2 0
sentinel-hub-api/ast/search.go:161.38,162.31 1 0
sentinel-hub-api/ast/search.go:162.31,164.4 1 0
sentinel-hub-api/ast/search.go:169.67,173.16 3 0
sentinel-hub-api/ast/search.go:173.16,175.3 1 0
sentinel-hub-api/ast/search.go:176.2,176.26 1 0
sentinel-hub-api/ast/search.go:180.70,183.16 3 0
sentinel-hub-api/ast/search.go:183.16,185.3 1 0
sentinel-hub-api/ast/search.go:186.2,192.21 5 0
sentinel-hub-api/ast/search.go:192.21,196.42 2 0
sentinel-hub-api/ast/search.go:196.42,198.12 2 0
sentinel-hub-api/ast/search.go:202.3,202.35 1 0
sentinel-hub-api/ast/search.go:202.35,204.12 2 0
sentinel-hub-api/ast/search.go:208.3,208.41 1 0
sentinel-hub-api/ast/search.go:208.41,215.12 4 0
sentinel-hub-api/ast/search.go:219.3,219.20 1 0
sentinel-hub-api/ast/search.go:219.20,221.18 2 0
sentinel-hub-api/ast/search.go:221.18,224.24 3 0
sentinel-hub-api/ast/search.go:224.24,226.6 1 0
sentinel-hub-api/ast/search.go:226.11,226.31 1 0
sentinel-hub-api/ast/search.go:226.31,228.6 1 0
sentinel-hub-api/ast/search.go:229.5,229.24 1 0
sentinel-hub-api/ast/search.go:229.24,231.6 1 0
sentinel-hub-api/ast/search.go:236.2,236.31 1 0
sentinel-hub-api/ast/search.go:240.77,243.16 3 2
sentinel-hub-api/ast/search.go:243.16,245.3 1 0
sentinel-hub-api/ast/search.go:246.2,253.21 5 2
sentinel-hub-api/ast/search.go:253.21,255.51 2 10
sentinel-hub-api/ast/search.go:255.51,256.12 1 0
sentinel-hub-api/ast/search.go:259.3,260.42 2 10
sentinel-hub-api/ast/search.go:260.42,261.43 1 64
sentinel-hub-api/ast/search.go:261.43,263.5 1 1
sentinel-hub-api/ast/search.go:267.2,267.14 1 1
sentinel-hub-api/ast/search_patterns.go:20.52,21.18 1 10
sentinel-hub-api/ast/search_patterns.go:22.12,28.4 1 10
sentinel-hub-api/ast/search_patterns.go:29.34,35.4 1 0
sentinel-hub-api/ast/search_patterns.go:36.16,42.4 1 0
sentinel-hub-api/ast/search_patterns.go:43.10,50.4 1 0
sentinel-hub-api/ast/search_patterns.go:55.61,60.2 3 4
sentinel-hub-api/ast/search_patterns.go:63.64,68.2 3 6
sentinel-hub-api/ast/search_patterns.go:71.61,75.2 3 0
sentinel-hub-api/ast/search_patterns.go:78.61,82.2 3 0
sentinel-hub-api/ast/search_patterns.go:85.35,88.36 3 10
sentinel-hub-api/ast/search_patterns.go:88.36,90.3 1 140
sentinel-hub-api/ast/search_patterns.go:91.2,91.16 1 10
sentinel-hub-api/ast/search_patterns.go:95.43,98.2 2 0
sentinel-hub-api/ast/search_patterns.go:101.52,102.16 1 0
sentinel-hub-api/ast/search_patterns.go:102.16,104.3 1 0
sentinel-hub-api/ast/search_patterns.go:106.2,106.18 1 0
sentinel-hub-api/ast/search_patterns.go:107.12,110.17 2 0
sentinel-hub-api/ast/search_patterns.go:111.34,114.17 2 0
sentinel-hub-api/ast/search_patterns.go:115.16,118.17 2 0
sentinel-hub-api/ast/search_patterns.go:119.10,122.17 2 0
sentinel-hub-api/ast/search_patterns.go:127.54,129.41 2 0
sentinel-hub-api/ast/search_patterns.go:129.41,131.3 1 0
sentinel-hub-api/ast/search_patterns.go:132.2,132.81 1 0
sentinel-hub-api/ast/search_patterns.go:132.81,134.3 1 0
sentinel-hub-api/ast/search_patterns.go:135.2,135.81 1 0
sentinel-hub-api/ast/search_patterns.go:135.81,137.3 1 0
sentinel-hub-api/ast/search_patterns.go:138.2,138.41 1 0
sentinel-hub-api/ast/search_patterns.go:138.41,140.3 1 0
sentinel-hub-api/ast/search_patterns.go:141.2,141.18 1 0
sentinel-hub-api/ast/search_safe.go:19.100,20.18 1 0
sentinel-hub-api/ast/search_safe.go:20.18,22.3 1 0
sentinel-hub-api/ast/search_safe.go:24.2,31.12 4 0
sentinel-hub-api/ast/search_safe.go:31.12,34.3 2 0
sentinel-hub-api/ast/search_safe.go:37.2,37.9 1 0
sentinel-hub-api/ast/search_safe.go:38.20,39.52 1 0
sentinel-hub-api/ast/search_safe.go:40.30,41.36 1 0
sentinel-hub-api/ast/search_safe.go:52.122,53.25 1 7
sentinel-hub-api/ast/search_safe.go:53.25,55.3 1 0
sentinel-hub-api/ast/search_safe.go:58.2,64.26 5 7
sentinel-hub-api/ast/search_safe.go:64.26,66.20 2 2
sentinel-hub-api/ast/search_safe.go:66.20,71.17 3 2
sentinel-hub-api/ast/search_safe.go:71.17,71.26 1 2
sentinel-hub-api/ast/search_safe.go:74.4,75.18 2 2
sentinel-hub-api/ast/search_safe.go:75.18,77.24 2 0
sentinel-hub-api/ast/search_safe.go:77.24,79.6 1 0
sentinel-hub-api/ast/search_safe.go:80.5,80.16 1 0
sentinel-hub-api/ast/search_safe.go:86.2,88.17 2 7
sentinel-hub-api/ast/search_safe.go:97.9,98.18 1 0
sentinel-hub-api/ast/search_safe.go:98.18,100.3 1 0
sentinel-hub-api/ast/search_safe.go:102.2,109.12 4 0
sentinel-hub-api/ast/search_safe.go:109.12,111.3 1 0
sentinel-hub-api/ast/search_safe.go:114.2,114.9 1 0
sentinel-hub-api/ast/search_safe.go:115.20,116.51 1 0
sentinel-hub-api/ast/search_safe.go:117.21,118.13 1 0
sentinel-hub-api/ast/security_analysis.go:12.138,15.16 2 34
sentinel-hub-api/ast/security_analysis.go:15.16,17.3 1 0
sentinel-hub-api/ast/security_analysis.go:20.2,22.16 3 34
sentinel-hub-api/ast/security_analysis.go:22.16,24.3 1 0
sentinel-hub-api/ast/security_analysis.go:25.2,27.17 2 34
sentinel-hub-api/ast/security_analysis.go:27.17,29.3 1 0
sentinel-hub-api/ast/security_analysis.go:30.2,33.21 3 34
sentinel-hub-api/ast/security_analysis.go:33.21,35.3 1 0
sentinel-hub-api/ast/security_analysis.go:38.2,63.41 14 34
sentinel-hub-api/ast/security_analysis.go:63.41,65.40 2 0
sentinel-hub-api/ast/security_analysis.go:65.40,66.33 1 0
sentinel-hub-api/ast/security_analysis.go:66.33,68.5 1 0
sentinel-hub-api/ast/security_analysis.go:70.3,70.29 1 0
sentinel-hub-api/ast/security_analysis.go:74.2,74.39 1 34
sentinel-hub-api/ast/security_analysis.go:74.39,89.3 2 126
sentinel-hub-api/ast/security_analysis.go:91.2,99.46 3 34
sentinel-hub-api/ast/symbol_table.go:42.36,48.2 1 5
sentinel-hub-api/ast/symbol_table.go:51.60,52.19 1 8
sentinel-hub-api/ast/symbol_table.go:52.19,54.3 1 0
sentinel-hub-api/ast/symbol_table.go:55.2,55.23 1 8
sentinel-hub-api/ast/symbol_table.go:55.23,57.3 1 0
sentinel-hub-api/ast/symbol_table.go:59.2,63.44 3 8
sentinel-hub-api/ast/symbol_table.go:63.44,65.3 1 8
sentinel-hub-api/ast/symbol_table.go:68.2,73.12 3 8
sentinel-hub-api/ast/symbol_table.go:77.59,78.34 1 0
sentinel-hub-api/ast/symbol_table.go:78.34,80.3 1 0
sentinel-hub-api/ast/symbol_table.go:82.2,85.64 3 0
sentinel-hub-api/ast/symbol_table.go:89.62,94.2 3 1
sentinel-hub-api/ast/symbol_table.go:97.70,102.2 3 0
sentinel-hub-api/ast/symbol_table.go:105.79,110.53 4 0
sentinel-hub-api/ast/symbol_table.go:110.53,111.41 1 0
sentinel-hub-api/ast/symbol_table.go:111.41,113.4 1 0
sentinel-hub-api/ast/symbol_table.go:115.2,115.15 1 0
sentinel-hub-api/ast/symbol_table.go:119.58,124.40 4 3
sentinel-hub-api/ast/symbol_table.go:124.40,126.34 1 5
sentinel-hub-api/ast/symbol_table.go:126.34,127.24 1 5
sentinel-hub-api/ast/symbol_table.go:127.24,128.13 1 2
sentinel-hub-api/ast/symbol_table.go:132.4,134.29 3 3
sentinel-hub-api/ast/symbol_table.go:134.29,135.40 1 0
sentinel-hub-api/ast/symbol_table.go:135.40,137.11 2 0
sentinel-hub-api/ast/symbol_table.go:141.4,141.23 1 3
sentinel-hub-api/ast/symbol_table.go:141.23,143.5 1 3
sentinel-hub-api/ast/symbol_table.go:147.2,147.15 1 3
sentinel-hub-api/ast/symbol_table.go:151.69,156.40 4 1
sentinel-hub-api/ast/symbol_table.go:156.40,158.33 1 0
sentinel-hub-api/ast/symbol_table.go:158.33,160.4 1 0
sentinel-hub-api/ast/symbol_table.go:163.2,163.18 1 1
sentinel-hub-api/ast/symbol_table.go:167.108,168.21 1 6
sentinel-hub-api/ast/symbol_table.go:168.21,170.3 1 0
sentinel-hub-api/ast/symbol_table.go:172.2,173.42 2 6
sentinel-hub-api/ast/symbol_table.go:173.42,176.19 2 113
sentinel-hub-api/ast/symbol_table.go:177.13,178.60 1 113
sentinel-hub-api/ast/symbol_table.go:179.35,180.60 1 0
sentinel-hub-api/ast/symbol_table.go:181.17,182.64 1 0
sentinel-hub-api/ast/symbol_table.go:185.3,185.20 1 113
sentinel-hub-api/ast/symbol_table.go:185.20,187.4 1 6
sentinel-hub-api/ast/symbol_table.go:189.3,189.14 1 113
sentinel-hub-api/ast/symbol_table.go:192.2,193.21 2 6
sentinel-hub-api/ast/symbol_table.go:197.86,201.76 2 113
sentinel-hub-api/ast/symbol_table.go:201.76,203.17 2 6
sentinel-hub-api/ast/symbol_table.go:203.17,205.4 1 0
sentinel-hub-api/ast/symbol_table.go:207.3,219.4 3 6
sentinel-hub-api/ast/symbol_table.go:223.2,223.36 1 107
sentinel-hub-api/ast/symbol_table.go:223.36,225.17 2 0
sentinel-hub-api/ast/symbol_table.go:225.17,227.4 1 0
sentinel-hub-api/ast/symbol_table.go:229.3,241.4 3 0
sentinel-hub-api/ast/symbol_table.go:244.2,244.12 1 107
sentinel-hub-api/ast/symbol_table.go:248.86,252.40 2 0
sentinel-hub-api/ast/symbol_table.go:252.40,254.17 2 0
sentinel-hub-api/ast/symbol_table.go:254.17,256.4 1 0
sentinel-hub-api/ast/symbol_table.go:258.3,268.4 2 0
sentinel-hub-api/ast/symbol_table.go:272.2,272.36 1 0
sentinel-hub-api/ast/symbol_table.go:272.36,275.17 2 0
sentinel-hub-api/ast/symbol_table.go:275.17,277.4 1 0
sentinel-hub-api/ast/symbol_table.go:279.3,289.4 2 0
sentinel-hub-api/ast/symbol_table.go:292.2,292.12 1 0
sentinel-hub-api/ast/symbol_table.go:296.90,300.39 2 0
sentinel-hub-api/ast/symbol_table.go:300.39,302.17 2 0
sentinel-hub-api/ast/symbol_table.go:302.17,304.4 1 0
sentinel-hub-api/ast/symbol_table.go:306.3,316.4 2 0
sentinel-hub-api/ast/symbol_table.go:320.2,320.36 1 0
sentinel-hub-api/ast/symbol_table.go:320.36,322.17 2 0
sentinel-hub-api/ast/symbol_table.go:322.17,324.4 1 0
sentinel-hub-api/ast/symbol_table.go:326.3,336.4 2 0
sentinel-hub-api/ast/symbol_table.go:339.2,339.12 1 0
sentinel-hub-api/ast/symbol_table.go:343.65,344.46 1 6
sentinel-hub-api/ast/symbol_table.go:344.46,346.19 2 12
sentinel-hub-api/ast/symbol_table.go:346.19,347.12 1 0
sentinel-hub-api/ast/symbol_table.go:349.3,349.73 1 12
sentinel-hub-api/ast/symbol_table.go:349.73,351.4 1 6
sentinel-hub-api/ast/symbol_table.go:353.2,353.11 1 0
sentinel-hub-api/ast/symbol_table.go:356.61,357.46 1 0
sentinel-hub-api/ast/symbol_table.go:357.46,359.19 2 0
sentinel-hub-api/ast/symbol_table.go:359.19,360.12 1 0
sentinel-hub-api/ast/symbol_table.go:362.3,362.34 1 0
sentinel-hub-api/ast/symbol_table.go:362.34,363.49 1 0
sentinel-hub-api/ast/symbol_table.go:363.49,365.68 2 0
sentinel-hub-api/ast/symbol_table.go:365.68,367.6 1 0
sentinel-hub-api/ast/symbol_table.go:371.2,371.11 1 0
sentinel-hub-api/ast/symbol_table.go:374.63,376.46 1 0
sentinel-hub-api/ast/symbol_table.go:376.46,378.19 2 0
sentinel-hub-api/ast/symbol_table.go:378.19,379.12 1 0
sentinel-hub-api/ast/symbol_table.go:381.3,381.35 1 0
sentinel-hub-api/ast/symbol_table.go:381.35,383.4 1 0
sentinel-hub-api/ast/symbol_table.go:385.2,385.11 1 0
sentinel-hub-api/ast/symbol_table.go:388.62,389.46 1 0
sentinel-hub-api/ast/symbol_table.go:389.46,391.19 2 0
sentinel-hub-api/ast/symbol_table.go:391.19,392.12 1 0
sentinel-hub-api/ast/symbol_table.go:394.3,394.35 1 0
sentinel-hub-api/ast/symbol_table.go:394.35,396.4 1 0
sentinel-hub-api/ast/symbol_table.go:398.2,398.11 1 0
sentinel-hub-api/ast/types.go:65.38,71.2 1 25
sentinel-hub-api/ast/types.go:97.34,101.2 1 0
sentinel-hub-api/ast/types.go:104.59,113.2 2 0
sentinel-hub-api/ast/types.go:116.28,117.29 1 0
sentinel-hub-api/ast/types.go:117.29,119.3 1 0
sentinel-hub-api/ast/utils.go:15.70,16.17 1 113710
sentinel-hub-api/ast/utils.go:16.17,18.3 1 0
sentinel-hub-api/ast/utils.go:20.2,20.20 1 113710
sentinel-hub-api/ast/utils.go:20.20,22.3 1 0
sentinel-hub-api/ast/utils.go:24.2,24.46 1 113710
sentinel-hub-api/ast/utils.go:24.46,26.3 1 113091
sentinel-hub-api/ast/utils.go:30.40,32.46 2 14159
sentinel-hub-api/ast/utils.go:32.46,34.3 1 14054
sentinel-hub-api/ast/utils.go:35.2,35.14 1 14159
sentinel-hub-api/ast/utils.go:39.68,41.26 2 473
sentinel-hub-api/ast/utils.go:41.26,43.3 1 1
sentinel-hub-api/ast/utils.go:44.2,44.20 1 473
sentinel-hub-api/ast/utils.go:44.20,46.3 1 0
sentinel-hub-api/ast/utils.go:47.2,49.15 3 473
sentinel-hub-api/ast/utils.go:49.15,53.3 3 0
sentinel-hub-api/ast/utils.go:54.2,55.21 2 473
sentinel-hub-api/ast/utils.go:59.63,60.17 1 78
sentinel-hub-api/ast/utils.go:60.17,62.3 1 0
sentinel-hub-api/ast/utils.go:64.2,65.18 2 78
sentinel-hub-api/ast/utils.go:66.12,70.31 1 74
sentinel-hub-api/ast/utils.go:71.34,72.49 1 3
sentinel-hub-api/ast/utils.go:73.16,74.49 1 1
sentinel-hub-api/ast/utils.go:75.10,76.15 1 0
sentinel-hub-api/ast/utils.go:81.49,82.26 1 727
sentinel-hub-api/ast/utils.go:82.26,83.16 1 871
sentinel-hub-api/ast/utils.go:83.16,85.4 1 133
sentinel-hub-api/ast/utils.go:87.2,87.14 1 594
sentinel-hub-api/ast/utils.go:91.55,93.21 2 3501
sentinel-hub-api/ast/utils.go:93.21,95.3 1 2
sentinel-hub-api/ast/utils.go:96.2,96.19 1 3501
sentinel-hub-api/ast/utils.go:96.19,98.3 1 1
sentinel-hub-api/ast/utils.go:99.2,99.17 1 3501
sentinel-hub-api/ast/utils.go:99.17,101.3 1 0
sentinel-hub-api/ast/utils.go:102.2,102.24 1 3501
sentinel-hub-api/ast/utils.go:106.74,108.52 1 33
sentinel-hub-api/ast/utils.go:108.52,109.27 1 64
sentinel-hub-api/ast/utils.go:109.27,111.4 1 4
sentinel-hub-api/ast/utils.go:114.2,114.49 1 29
sentinel-hub-api/ast/utils.go:114.49,115.42 1 82
sentinel-hub-api/ast/utils.go:115.42,117.4 1 4
sentinel-hub-api/ast/utils.go:120.2,120.85 1 25
sentinel-hub-api/ast/utils.go:120.85,122.3 1 7
sentinel-hub-api/ast/utils.go:123.2,123.14 1 18
sentinel-hub-api/ast/utils.go:129.58,131.20 1 19
sentinel-hub-api/ast/utils.go:131.20,133.14 2 7
sentinel-hub-api/ast/utils.go:134.14,135.15 1 2
sentinel-hub-api/ast/utils.go:136.22,137.23 1 2
sentinel-hub-api/ast/utils.go:138.22,139.23 1 2
sentinel-hub-api/ast/utils.go:140.14,141.19 1 1
sentinel-hub-api/ast/utils.go:146.2,151.38 2 12
sentinel-hub-api/ast/utils.go:151.38,153.3 1 2
sentinel-hub-api/ast/utils.go:156.2,160.32 1 10
sentinel-hub-api/ast/utils.go:160.32,164.39 1 3
sentinel-hub-api/ast/utils.go:164.39,166.4 1 0
sentinel-hub-api/ast/utils.go:167.3,167.22 1 3
sentinel-hub-api/ast/utils.go:171.2,173.41 1 7
sentinel-hub-api/ast/utils.go:173.41,175.3 1 2
sentinel-hub-api/ast/utils.go:178.2,182.36 1 5
sentinel-hub-api/ast/utils.go:182.36,184.3 1 3
sentinel-hub-api/ast/utils.go:187.2,187.18 1 2
sentinel-hub-api/ast/validator.go:21.89,22.20 1 8
sentinel-hub-api/ast/validator.go:22.20,24.3 1 0
sentinel-hub-api/ast/validator.go:27.2,27.20 1 8
sentinel-hub-api/ast/validator.go:27.20,29.3 1 0
sentinel-hub-api/ast/validator.go:31.2,34.22 3 8
sentinel-hub-api/ast/validator.go:35.23,38.21 2 4
sentinel-hub-api/ast/validator.go:38.21,40.4 1 4
sentinel-hub-api/ast/validator.go:41.25,44.20 2 2
sentinel-hub-api/ast/validator.go:44.20,46.4 1 2
sentinel-hub-api/ast/validator.go:47.21,48.72 1 2
sentinel-hub-api/ast/validator.go:49.10,57.4 1 0
sentinel-hub-api/ast/validator.go:60.2,60.16 1 8
sentinel-hub-api/ast/validator.go:60.16,62.3 1 0
sentinel-hub-api/ast/validator.go:65.2,77.12 10 8
sentinel-hub-api/ast/validator.go:81.107,85.16 3 4
sentinel-hub-api/ast/validator.go:85.16,87.3 1 0
sentinel-hub-api/ast/validator.go:90.2,92.16 3 4
sentinel-hub-api/ast/validator.go:92.16,94.3 1 0
sentinel-hub-api/ast/validator.go:97.2,101.36 3 4
sentinel-hub-api/ast/validator.go:101.36,103.26 2 5
sentinel-hub-api/ast/validator.go:103.26,105.4 1 1
sentinel-hub-api/ast/validator.go:109.2,117.8 2 4
sentinel-hub-api/ast/validator.go:121.104,125.16 3 2
sentinel-hub-api/ast/validator.go:125.16,127.3 1 0
sentinel-hub-api/ast/validator.go:130.2,131.33 2 2
sentinel-hub-api/ast/validator.go:131.33,133.26 2 3
sentinel-hub-api/ast/validator.go:133.26,135.4 1 0
sentinel-hub-api/ast/validator.go:139.2,147.8 2 2
sentinel-hub-api/ast/validator.go:151.98,161.2 2 2
sentinel-hub-api/ast/validator.go:164.65,166.44 1 4
sentinel-hub-api/ast/validator.go:166.44,168.22 2 4
sentinel-hub-api/ast/validator.go:168.22,170.4 1 4
sentinel-hub-api/ast/validator.go:174.2,175.24 2 0
sentinel-hub-api/ast/validator.go:175.24,178.44 2 0
sentinel-hub-api/ast/validator.go:178.44,180.23 2 0
sentinel-hub-api/ast/validator.go:180.23,184.5 2 0
sentinel-hub-api/ast/validator.go:188.2,188.11 1 0
sentinel-hub-api/ast/validator.go:192.54,194.44 1 2
sentinel-hub-api/ast/validator.go:194.44,196.22 2 2
sentinel-hub-api/ast/validator.go:196.22,198.4 1 2
sentinel-hub-api/ast/validator.go:202.2,203.24 2 0
sentinel-hub-api/ast/validator.go:203.24,206.43 2 0
sentinel-hub-api/ast/validator.go:206.43,208.23 2 0
sentinel-hub-api/ast/validator.go:208.23,210.5 1 0
sentinel-hub-api/ast/validator.go:211.9,211.47 1 0
sentinel-hub-api/ast/validator.go:211.47,213.23 2 0
sentinel-hub-api/ast/validator.go:213.23,215.22 2 0
sentinel-hub-api/ast/validator.go:215.22,217.6 1 0
sentinel-hub-api/ast/validator.go:222.2,222.11 1 0
sentinel-hub-api/ast/validator.go:226.75,230.29 3 4
sentinel-hub-api/ast/validator.go:230.29,232.17 2 5
sentinel-hub-api/ast/validator.go:232.17,235.4 2 5
sentinel-hub-api/ast/validator.go:238.2,238.29 1 4
sentinel-hub-api/ast/validator.go:238.29,240.17 2 5
sentinel-hub-api/ast/validator.go:240.17,243.4 2 0
sentinel-hub-api/ast/validator.go:246.2,246.17 1 4
sentinel-hub-api/ast/validator.go:250.55,251.16 1 6
sentinel-hub-api/ast/validator.go:251.16,253.3 1 0
sentinel-hub-api/ast/validator.go:255.2,255.26 1 6
sentinel-hub-api/ast/validator.go:255.26,257.3 1 0
sentinel-hub-api/ast/validator.go:259.2,259.77 1 6
