mode: set
/Users/divyanggarg/VicecodingSentinel/hub/api/handlers/base.go:20.98,23.56 3 1
/Users/divyanggarg/VicecodingSentinel/hub/api/handlers/base.go:23.56,28.3 1 0
/Users/divyanggarg/VicecodingSentinel/hub/api/handlers/base.go:33.92,35.2 1 1
/Users/divyanggarg/VicecodingSentinel/hub/api/handlers/base.go:38.91,40.18 2 0
/Users/divyanggarg/VicecodingSentinel/hub/api/handlers/base.go:40.18,42.3 1 0
/Users/divyanggarg/VicecodingSentinel/hub/api/handlers/base.go:43.2,44.27 2 0
/Users/divyanggarg/VicecodingSentinel/hub/api/handlers/base.go:44.27,46.3 1 0
/Users/divyanggarg/VicecodingSentinel/hub/api/handlers/base.go:47.2,47.21 1 0
/Users/divyanggarg/VicecodingSentinel/hub/api/handlers/base.go:51.92,53.18 2 0
/Users/divyanggarg/VicecodingSentinel/hub/api/handlers/base.go:53.18,55.3 1 0
/Users/divyanggarg/VicecodingSentinel/hub/api/handlers/base.go:56.2,57.9 2 0
/Users/divyanggarg/VicecodingSentinel/hub/api/handlers/base.go:57.9,59.3 1 0
/Users/divyanggarg/VicecodingSentinel/hub/api/handlers/base.go:60.2,63.8 1 0
/Users/divyanggarg/VicecodingSentinel/hub/api/handlers/error_handler.go:18.69,20.2 1 0
/Users/divyanggarg/VicecodingSentinel/hub/api/handlers/error_handler.go:29.42,31.2 1 0
/Users/divyanggarg/VicecodingSentinel/hub/api/handlers/error_handler.go:34.44,36.2 1 0
/Users/divyanggarg/VicecodingSentinel/hub/api/handlers/error_handler.go:45.40,46.21 1 0
/Users/divyanggarg/VicecodingSentinel/hub/api/handlers/error_handler.go:46.21,48.3 1 0
/Users/divyanggarg/VicecodingSentinel/hub/api/handlers/error_handler.go:49.2,49.67 1 0
/Users/divyanggarg/VicecodingSentinel/hub/api/handlers/error_handler.go:53.42,55.2 1 0
/Users/divyanggarg/VicecodingSentinel/hub/api/handlers/error_handler.go:71.40,73.2 1 0
/Users/divyanggarg/VicecodingSentinel/hub/api/handlers/error_handler.go:75.42,77.2 1 0
/Users/divyanggarg/VicecodingSentinel/hub/api/handlers/error_handler.go:79.40,80.28 1 0
/Users/divyanggarg/VicecodingSentinel/hub/api/handlers/error_handler.go:80.28,82.3 1 0
/Users/divyanggarg/VicecodingSentinel/hub/api/handlers/error_handler.go:83.2,83.72 1 0
/Users/divyanggarg/VicecodingSentinel/hub/api/handlers/error_handler.go:87.42,89.2 1 0
/Users/divyanggarg/VicecodingSentinel/hub/api/handlers/error_handler.go:98.47,100.2 1 0
/Users/divyanggarg/VicecodingSentinel/hub/api/handlers/error_handler.go:103.49,104.22 1 0
/Users/divyanggarg/VicecodingSentinel/hub/api/handlers/error_handler.go:104.22,106.3 1 0
/Users/divyanggarg/VicecodingSentinel/hub/api/handlers/error_handler.go:107.2,107.30 1 0
/Users/divyanggarg/VicecodingSentinel/hub/api/handlers/error_handler.go:112.75,118.25 4 1
/Users/divyanggarg/VicecodingSentinel/hub/api/handlers/error_handler.go:119.24,127.4 4 0
/Users/divyanggarg/VicecodingSentinel/hub/api/handlers/error_handler.go:128.31,135.4 4 1
/Users/divyanggarg/VicecodingSentinel/hub/api/handlers/error_handler.go:136.22,143.4 4 0
/Users/divyanggarg/VicecodingSentinel/hub/api/handlers/error_handler.go:144.29,150.4 4 0
/Users/divyanggarg/VicecodingSentinel/hub/api/handlers/error_handler.go:151.22,157.4 4 0
/Users/divyanggarg/VicecodingSentinel/hub/api/handlers/error_handler.go:158.29,164.4 4 0
/Users/divyanggarg/VicecodingSentinel/hub/api/handlers/error_handler.go:165.22,171.4 4 0
/Users/divyanggarg/VicecodingSentinel/hub/api/handlers/error_handler.go:172.30,179.4 4 0
/Users/divyanggarg/VicecodingSentinel/hub/api/handlers/error_handler.go:180.10,183.22 3 1
/Users/divyanggarg/VicecodingSentinel/hub/api/handlers/error_handler.go:183.22,185.4 1 0
/Users/divyanggarg/VicecodingSentinel/hub/api/handlers/error_handler.go:189.2,197.25 2 1
/Users/divyanggarg/VicecodingSentinel/hub/api/handlers/error_handler.go:197.25,199.3 1 1
/Users/divyanggarg/VicecodingSentinel/hub/api/handlers/error_handler.go:202.2,204.60 3 1
/Users/divyanggarg/VicecodingSentinel/hub/api/handlers/error_handler.go:204.60,209.3 1 0
/Users/divyanggarg/VicecodingSentinel/hub/api/handlers/error_handler.go:213.81,216.56 3 0
/Users/divyanggarg/VicecodingSentinel/hub/api/handlers/error_handler.go:216.56,221.3 1 0
/Users/divyanggarg/VicecodingSentinel/hub/api/handlers/error_handler.go:225.108,228.52 2 0
/Users/divyanggarg/VicecodingSentinel/hub/api/handlers/error_handler.go:228.52,230.3 1 0
/Users/divyanggarg/VicecodingSentinel/hub/api/handlers/error_handler.go:233.2,234.49 2 0
/Users/divyanggarg/VicecodingSentinel/hub/api/handlers/error_handler.go:234.49,236.3 1 0
/Users/divyanggarg/VicecodingSentinel/hub/api/handlers/error_handler.go:239.2,243.32 3 0
/Users/divyanggarg/VicecodingSentinel/hub/api/handlers/error_handler.go:243.32,244.74 1 0
/Users/divyanggarg/VicecodingSentinel/hub/api/handlers/error_handler.go:244.74,245.33 1 0
/Users/divyanggarg/VicecodingSentinel/hub/api/handlers/error_handler.go:245.33,247.5 1 0
/Users/divyanggarg/VicecodingSentinel/hub/api/handlers/error_handler.go:249.8,252.3 1 0
/Users/divyanggarg/VicecodingSentinel/hub/api/handlers/error_handler.go:255.2,259.29 1 0
/Users/divyanggarg/VicecodingSentinel/hub/api/handlers/error_handler.go:263.29,267.2 3 0
/Users/divyanggarg/VicecodingSentinel/hub/api/handlers/error_handler.go:270.63,271.34 1 0
/Users/divyanggarg/VicecodingSentinel/hub/api/handlers/error_handler.go:271.34,278.3 3 0
/Users/divyanggarg/VicecodingSentinel/hub/api/handlers/fix_handler.go:20.64,24.2 1 1
/Users/divyanggarg/VicecodingSentinel/hub/api/handlers/fix_handler.go:28.71,30.61 2 1
/Users/divyanggarg/VicecodingSentinel/hub/api/handlers/fix_handler.go:30.61,36.3 2 1
/Users/divyanggarg/VicecodingSentinel/hub/api/handlers/fix_handler.go:39.2,39.20 1 1
/Users/divyanggarg/VicecodingSentinel/hub/api/handlers/fix_handler.go:39.20,45.3 2 1
/Users/divyanggarg/VicecodingSentinel/hub/api/handlers/fix_handler.go:47.2,47.24 1 1
/Users/divyanggarg/VicecodingSentinel/hub/api/handlers/fix_handler.go:47.24,53.3 2 1
/Users/divyanggarg/VicecodingSentinel/hub/api/handlers/fix_handler.go:55.2,55.23 1 1
/Users/divyanggarg/VicecodingSentinel/hub/api/handlers/fix_handler.go:55.23,61.3 2 1
/Users/divyanggarg/VicecodingSentinel/hub/api/handlers/fix_handler.go:64.2,69.33 2 1
/Users/divyanggarg/VicecodingSentinel/hub/api/handlers/fix_handler.go:69.33,75.3 2 1
/Users/divyanggarg/VicecodingSentinel/hub/api/handlers/fix_handler.go:78.2,79.16 2 1
/Users/divyanggarg/VicecodingSentinel/hub/api/handlers/fix_handler.go:79.16,82.3 2 1
/Users/divyanggarg/VicecodingSentinel/hub/api/handlers/fix_handler.go:84.2,84.47 1 1
