mode: set
sentinel-hub-api/models/document.go:24.41,26.2 1 1
sentinel-hub-api/models/document.go:29.40,30.11 1 1
sentinel-hub-api/models/document.go:31.148,32.14 1 1
sentinel-hub-api/models/document.go:33.10,34.15 1 1
sentinel-hub-api/models/document.go:39.55,41.2 1 1
sentinel-hub-api/models/document.go:44.59,46.51 2 1
sentinel-hub-api/models/document.go:46.51,48.3 1 0
sentinel-hub-api/models/document.go:49.2,50.18 2 1
sentinel-hub-api/models/document.go:50.18,52.3 1 0
sentinel-hub-api/models/document.go:53.2,53.12 1 1
sentinel-hub-api/models/organization.go:21.38,23.2 1 0
sentinel-hub-api/models/organization.go:26.37,27.11 1 0
sentinel-hub-api/models/organization.go:28.71,29.14 1 0
sentinel-hub-api/models/organization.go:30.10,31.15 1 0
sentinel-hub-api/models/organization.go:36.52,38.2 1 0
sentinel-hub-api/models/organization.go:41.56,43.51 2 0
sentinel-hub-api/models/organization.go:43.51,45.3 1 0
sentinel-hub-api/models/organization.go:46.2,47.18 2 0
sentinel-hub-api/models/organization.go:47.18,49.3 1 0
sentinel-hub-api/models/organization.go:50.2,50.12 1 0
sentinel-hub-api/models/task.go:23.37,25.2 1 1
sentinel-hub-api/models/task.go:28.36,29.11 1 1
sentinel-hub-api/models/task.go:30.108,31.14 1 1
sentinel-hub-api/models/task.go:32.10,33.15 1 1
sentinel-hub-api/models/task.go:38.51,40.2 1 1
sentinel-hub-api/models/task.go:43.55,45.51 2 1
sentinel-hub-api/models/task.go:45.51,47.3 1 0
sentinel-hub-api/models/task.go:48.2,49.18 2 1
sentinel-hub-api/models/task.go:49.18,51.3 1 1
sentinel-hub-api/models/task.go:52.2,52.12 1 1
sentinel-hub-api/models/task.go:66.39,68.2 1 0
sentinel-hub-api/models/task.go:71.38,72.11 1 1
sentinel-hub-api/models/task.go:73.83,74.14 1 1
sentinel-hub-api/models/task.go:75.10,76.15 1 1
sentinel-hub-api/models/task.go:81.53,83.2 1 1
sentinel-hub-api/models/task.go:86.57,88.51 2 1
sentinel-hub-api/models/task.go:88.51,90.3 1 0
sentinel-hub-api/models/task.go:91.2,92.18 2 1
sentinel-hub-api/models/task.go:92.18,94.3 1 0
sentinel-hub-api/models/task.go:95.2,95.12 1 1
sentinel-hub-api/models/task.go:108.45,110.2 1 0
sentinel-hub-api/models/task.go:113.44,114.11 1 0
sentinel-hub-api/models/task.go:115.87,116.14 1 0
sentinel-hub-api/models/task.go:117.10,118.15 1 0
sentinel-hub-api/models/task.go:123.59,125.2 1 0
sentinel-hub-api/models/task.go:128.63,130.51 2 0
sentinel-hub-api/models/task.go:130.51,132.3 1 0
sentinel-hub-api/models/task.go:133.2,134.18 2 0
sentinel-hub-api/models/task.go:134.18,136.3 1 0
sentinel-hub-api/models/task.go:137.2,137.12 1 0
sentinel-hub-api/models/types.go:53.46,54.21 1 0
sentinel-hub-api/models/types.go:54.21,56.3 1 0
sentinel-hub-api/models/types.go:57.2,57.48 1 0
sentinel-hub-api/models/types.go:68.41,70.2 1 0
sentinel-hub-api/models/types.go:79.40,80.21 1 0
sentinel-hub-api/models/types.go:80.21,82.3 1 0
sentinel-hub-api/models/types.go:83.2,83.48 1 0
sentinel-hub-api/models/types.go:94.42,96.2 1 0
sentinel-hub-api/models/types.go:132.35,134.2 1 0
sentinel-hub-api/models/user.go:28.35,30.2 1 1
sentinel-hub-api/models/user.go:33.34,34.11 1 0
sentinel-hub-api/models/user.go:35.73,36.14 1 0
sentinel-hub-api/models/user.go:37.10,38.15 1 0
sentinel-hub-api/models/user.go:43.49,45.2 1 0
sentinel-hub-api/models/user.go:48.53,50.53 2 0
sentinel-hub-api/models/user.go:50.53,52.3 1 0
sentinel-hub-api/models/user.go:53.2,54.18 2 0
sentinel-hub-api/models/user.go:54.18,56.3 1 0
sentinel-hub-api/models/user.go:57.2,57.12 1 0
sentinel-hub-api/models/validation.go:10.34,11.16 1 1
sentinel-hub-api/models/validation.go:11.16,13.3 1 0
sentinel-hub-api/models/validation.go:14.2,14.19 1 1
sentinel-hub-api/models/validation.go:14.19,16.3 1 0
sentinel-hub-api/models/validation.go:17.2,17.37 1 1
sentinel-hub-api/models/validation.go:17.37,19.3 1 1
sentinel-hub-api/models/validation.go:20.2,20.18 1 1
sentinel-hub-api/models/validation.go:20.18,22.3 1 0
sentinel-hub-api/models/validation.go:23.2,23.86 1 1
sentinel-hub-api/models/validation.go:23.86,25.3 1 1
sentinel-hub-api/models/validation.go:26.2,26.12 1 1
sentinel-hub-api/models/validation.go:30.34,31.16 1 1
sentinel-hub-api/models/validation.go:31.16,33.3 1 1
sentinel-hub-api/models/validation.go:34.2,34.23 1 1
sentinel-hub-api/models/validation.go:34.23,36.3 1 0
sentinel-hub-api/models/validation.go:37.2,37.19 1 1
sentinel-hub-api/models/validation.go:37.19,39.3 1 0
sentinel-hub-api/models/validation.go:40.2,40.25 1 1
sentinel-hub-api/models/validation.go:40.25,42.3 1 1
sentinel-hub-api/models/validation.go:43.2,43.27 1 1
sentinel-hub-api/models/validation.go:43.27,45.3 1 0
sentinel-hub-api/models/validation.go:46.2,46.66 1 1
sentinel-hub-api/models/validation.go:46.66,48.3 1 1
sentinel-hub-api/models/validation.go:49.2,49.12 1 1
sentinel-hub-api/models/validation.go:53.42,54.16 1 1
sentinel-hub-api/models/validation.go:54.16,56.3 1 0
sentinel-hub-api/models/validation.go:57.2,57.23 1 1
sentinel-hub-api/models/validation.go:57.23,59.3 1 0
sentinel-hub-api/models/validation.go:60.2,60.18 1 1
sentinel-hub-api/models/validation.go:60.18,62.3 1 0
sentinel-hub-api/models/validation.go:63.2,63.25 1 1
sentinel-hub-api/models/validation.go:63.25,65.3 1 1
sentinel-hub-api/models/validation.go:66.2,66.16 1 1
sentinel-hub-api/models/validation.go:66.16,68.3 1 0
sentinel-hub-api/models/validation.go:69.2,69.40 1 1
sentinel-hub-api/models/validation.go:69.40,71.3 1 1
sentinel-hub-api/models/validation.go:72.2,72.12 1 1
sentinel-hub-api/models/validation.go:76.50,77.16 1 0
sentinel-hub-api/models/validation.go:77.16,79.3 1 0
sentinel-hub-api/models/validation.go:80.2,80.18 1 0
sentinel-hub-api/models/validation.go:80.18,82.3 1 0
sentinel-hub-api/models/validation.go:83.2,83.12 1 0
sentinel-hub-api/models/validation.go:87.40,88.16 1 0
sentinel-hub-api/models/validation.go:88.16,90.3 1 0
sentinel-hub-api/models/validation.go:91.2,91.19 1 0
sentinel-hub-api/models/validation.go:91.19,93.3 1 0
sentinel-hub-api/models/validation.go:94.2,94.18 1 0
sentinel-hub-api/models/validation.go:94.18,96.3 1 0
sentinel-hub-api/models/validation.go:97.2,97.12 1 0
sentinel-hub-api/models/workflow.go:23.41,25.2 1 0
sentinel-hub-api/models/workflow.go:28.40,29.11 1 1
sentinel-hub-api/models/workflow.go:30.124,31.14 1 1
sentinel-hub-api/models/workflow.go:32.10,33.15 1 1
sentinel-hub-api/models/workflow.go:38.55,40.2 1 0
sentinel-hub-api/models/workflow.go:43.59,45.51 2 0
sentinel-hub-api/models/workflow.go:45.51,47.3 1 0
sentinel-hub-api/models/workflow.go:48.2,49.18 2 0
sentinel-hub-api/models/workflow.go:49.18,51.3 1 0
sentinel-hub-api/models/workflow.go:52.2,52.12 1 0
sentinel-hub-api/models/workflow.go:67.37,69.2 1 0
sentinel-hub-api/models/workflow.go:72.36,73.11 1 0
sentinel-hub-api/models/workflow.go:74.102,75.14 1 0
sentinel-hub-api/models/workflow.go:76.10,77.15 1 0
sentinel-hub-api/models/workflow.go:82.51,84.2 1 0
sentinel-hub-api/models/workflow.go:87.55,89.51 2 0
sentinel-hub-api/models/workflow.go:89.51,91.3 1 0
sentinel-hub-api/models/workflow.go:92.2,93.18 2 0
sentinel-hub-api/models/workflow.go:93.18,95.3 1 0
sentinel-hub-api/models/workflow.go:96.2,96.12 1 0
sentinel-hub-api/models/workflow.go:141.47,142.20 1 0
sentinel-hub-api/models/workflow.go:142.20,144.3 1 0
sentinel-hub-api/models/workflow.go:146.2,146.23 1 0
sentinel-hub-api/models/workflow.go:146.23,148.3 1 0
sentinel-hub-api/models/workflow.go:149.2,150.31 2 0
sentinel-hub-api/models/workflow.go:150.31,151.33 1 0
sentinel-hub-api/models/workflow.go:151.33,153.4 1 0
sentinel-hub-api/models/workflow.go:155.2,155.41 1 0
