mode: set
sentinel-hub-api/models/document.go:24.41,26.2 1 1
sentinel-hub-api/models/document.go:29.40,30.11 1 1
sentinel-hub-api/models/document.go:31.148,32.14 1 1
sentinel-hub-api/models/document.go:33.10,34.15 1 1
sentinel-hub-api/models/document.go:39.55,41.2 1 1
sentinel-hub-api/models/document.go:44.59,46.51 2 1
sentinel-hub-api/models/document.go:46.51,48.3 1 0
sentinel-hub-api/models/document.go:49.2,50.18 2 1
sentinel-hub-api/models/document.go:50.18,52.3 1 0
sentinel-hub-api/models/document.go:53.2,53.12 1 1
sentinel-hub-api/models/organization.go:21.38,23.2 1 0
sentinel-hub-api/models/organization.go:26.37,27.11 1 0
sentinel-hub-api/models/organization.go:28.71,29.14 1 0
sentinel-hub-api/models/organization.go:30.10,31.15 1 0
sentinel-hub-api/models/organization.go:36.52,38.2 1 0
sentinel-hub-api/models/organization.go:41.56,43.51 2 0
sentinel-hub-api/models/organization.go:43.51,45.3 1 0
sentinel-hub-api/models/organization.go:46.2,47.18 2 0
sentinel-hub-api/models/organization.go:47.18,49.3 1 0
sentinel-hub-api/models/organization.go:50.2,50.12 1 0
sentinel-hub-api/models/task.go:23.37,25.2 1 1
sentinel-hub-api/models/task.go:28.36,29.11 1 1
sentinel-hub-api/models/task.go:30.108,31.14 1 1
sentinel-hub-api/models/task.go:32.10,33.15 1 1
sentinel-hub-api/models/task.go:38.51,40.2 1 1
sentinel-hub-api/models/task.go:43.55,45.51 2 1
sentinel-hub-api/models/task.go:45.51,47.3 1 0
sentinel-hub-api/models/task.go:48.2,49.18 2 1
sentinel-hub-api/models/task.go:49.18,51.3 1 1
sentinel-hub-api/models/task.go:52.2,52.12 1 1
sentinel-hub-api/models/task.go:66.39,68.2 1 0
sentinel-hub-api/models/task.go:71.38,72.11 1 1
sentinel-hub-api/models/task.go:73.83,74.14 1 1
sentinel-hub-api/models/task.go:75.10,76.15 1 1
sentinel-hub-api/models/task.go:81.53,83.2 1 1
sentinel-hub-api/models/task.go:86.57,88.51 2 1
sentinel-hub-api/models/task.go:88.51,90.3 1 0
sentinel-hub-api/models/task.go:91.2,92.18 2 1
sentinel-hub-api/models/task.go:92.18,94.3 1 0
sentinel-hub-api/models/task.go:95.2,95.12 1 1
sentinel-hub-api/models/task.go:108.45,110.2 1 0
sentinel-hub-api/models/task.go:113.44,114.11 1 0
sentinel-hub-api/models/task.go:115.87,116.14 1 0
sentinel-hub-api/models/task.go:117.10,118.15 1 0
sentinel-hub-api/models/task.go:123.59,125.2 1 0
sentinel-hub-api/models/task.go:128.63,130.51 2 0
sentinel-hub-api/models/task.go:130.51,132.3 1 0
sentinel-hub-api/models/task.go:133.2,134.18 2 0
sentinel-hub-api/models/task.go:134.18,136.3 1 0
sentinel-hub-api/models/task.go:137.2,137.12 1 0
sentinel-hub-api/models/types.go:53.46,54.21 1 0
sentinel-hub-api/models/types.go:54.21,56.3 1 0
sentinel-hub-api/models/types.go:57.2,57.48 1 0
sentinel-hub-api/models/types.go:68.41,70.2 1 0
sentinel-hub-api/models/types.go:79.40,80.21 1 0
sentinel-hub-api/models/types.go:80.21,82.3 1 0
sentinel-hub-api/models/types.go:83.2,83.48 1 0
sentinel-hub-api/models/types.go:120.35,122.2 1 0
sentinel-hub-api/models/user.go:28.35,30.2 1 1
sentinel-hub-api/models/user.go:33.34,34.11 1 0
sentinel-hub-api/models/user.go:35.73,36.14 1 0
sentinel-hub-api/models/user.go:37.10,38.15 1 0
sentinel-hub-api/models/user.go:43.49,45.2 1 0
sentinel-hub-api/models/user.go:48.53,50.53 2 0
sentinel-hub-api/models/user.go:50.53,52.3 1 0
sentinel-hub-api/models/user.go:53.2,54.18 2 0
sentinel-hub-api/models/user.go:54.18,56.3 1 0
sentinel-hub-api/models/user.go:57.2,57.12 1 0
sentinel-hub-api/models/validation.go:10.34,11.16 1 1
sentinel-hub-api/models/validation.go:11.16,13.3 1 0
sentinel-hub-api/models/validation.go:14.2,14.19 1 1
sentinel-hub-api/models/validation.go:14.19,16.3 1 0
sentinel-hub-api/models/validation.go:17.2,17.37 1 1
sentinel-hub-api/models/validation.go:17.37,19.3 1 1
sentinel-hub-api/models/validation.go:20.2,20.18 1 1
sentinel-hub-api/models/validation.go:20.18,22.3 1 0
sentinel-hub-api/models/validation.go:23.2,23.86 1 1
sentinel-hub-api/models/validation.go:23.86,25.3 1 1
sentinel-hub-api/models/validation.go:26.2,26.12 1 1
sentinel-hub-api/models/validation.go:30.34,31.16 1 1
sentinel-hub-api/models/validation.go:31.16,33.3 1 1
sentinel-hub-api/models/validation.go:34.2,34.23 1 1
sentinel-hub-api/models/validation.go:34.23,36.3 1 0
sentinel-hub-api/models/validation.go:37.2,37.19 1 1
sentinel-hub-api/models/validation.go:37.19,39.3 1 0
sentinel-hub-api/models/validation.go:40.2,40.25 1 1
sentinel-hub-api/models/validation.go:40.25,42.3 1 1
sentinel-hub-api/models/validation.go:43.2,43.27 1 1
sentinel-hub-api/models/validation.go:43.27,45.3 1 0
sentinel-hub-api/models/validation.go:46.2,46.66 1 1
sentinel-hub-api/models/validation.go:46.66,48.3 1 1
sentinel-hub-api/models/validation.go:49.2,49.12 1 1
sentinel-hub-api/models/validation.go:53.42,54.16 1 1
sentinel-hub-api/models/validation.go:54.16,56.3 1 0
sentinel-hub-api/models/validation.go:57.2,57.23 1 1
sentinel-hub-api/models/validation.go:57.23,59.3 1 0
sentinel-hub-api/models/validation.go:60.2,60.18 1 1
sentinel-hub-api/models/validation.go:60.18,62.3 1 0
sentinel-hub-api/models/validation.go:63.2,63.25 1 1
sentinel-hub-api/models/validation.go:63.25,65.3 1 1
sentinel-hub-api/models/validation.go:66.2,66.16 1 1
sentinel-hub-api/models/validation.go:66.16,68.3 1 0
sentinel-hub-api/models/validation.go:69.2,69.40 1 1
sentinel-hub-api/models/validation.go:69.40,71.3 1 1
sentinel-hub-api/models/validation.go:72.2,72.12 1 1
sentinel-hub-api/models/validation.go:76.50,77.16 1 0
sentinel-hub-api/models/validation.go:77.16,79.3 1 0
sentinel-hub-api/models/validation.go:80.2,80.18 1 0
sentinel-hub-api/models/validation.go:80.18,82.3 1 0
sentinel-hub-api/models/validation.go:83.2,83.12 1 0
sentinel-hub-api/models/validation.go:87.40,88.16 1 0
sentinel-hub-api/models/validation.go:88.16,90.3 1 0
sentinel-hub-api/models/validation.go:91.2,91.19 1 0
sentinel-hub-api/models/validation.go:91.19,93.3 1 0
sentinel-hub-api/models/validation.go:94.2,94.18 1 0
sentinel-hub-api/models/validation.go:94.18,96.3 1 0
sentinel-hub-api/models/validation.go:97.2,97.12 1 0
sentinel-hub-api/models/workflow.go:23.41,25.2 1 0
sentinel-hub-api/models/workflow.go:28.40,29.11 1 1
sentinel-hub-api/models/workflow.go:30.124,31.14 1 1
sentinel-hub-api/models/workflow.go:32.10,33.15 1 1
sentinel-hub-api/models/workflow.go:38.55,40.2 1 0
sentinel-hub-api/models/workflow.go:43.59,45.51 2 0
sentinel-hub-api/models/workflow.go:45.51,47.3 1 0
sentinel-hub-api/models/workflow.go:48.2,49.18 2 0
sentinel-hub-api/models/workflow.go:49.18,51.3 1 0
sentinel-hub-api/models/workflow.go:52.2,52.12 1 0
sentinel-hub-api/models/workflow.go:67.37,69.2 1 0
sentinel-hub-api/models/workflow.go:72.36,73.11 1 0
sentinel-hub-api/models/workflow.go:74.102,75.14 1 0
sentinel-hub-api/models/workflow.go:76.10,77.15 1 0
sentinel-hub-api/models/workflow.go:82.51,84.2 1 0
sentinel-hub-api/models/workflow.go:87.55,89.51 2 0
sentinel-hub-api/models/workflow.go:89.51,91.3 1 0
sentinel-hub-api/models/workflow.go:92.2,93.18 2 0
sentinel-hub-api/models/workflow.go:93.18,95.3 1 0
sentinel-hub-api/models/workflow.go:96.2,96.12 1 0
sentinel-hub-api/models/workflow.go:141.47,142.20 1 0
sentinel-hub-api/models/workflow.go:142.20,144.3 1 0
sentinel-hub-api/models/workflow.go:146.2,146.23 1 0
sentinel-hub-api/models/workflow.go:146.23,148.3 1 0
sentinel-hub-api/models/workflow.go:149.2,150.31 2 0
sentinel-hub-api/models/workflow.go:150.31,151.33 1 0
sentinel-hub-api/models/workflow.go:151.33,153.4 1 0
sentinel-hub-api/models/workflow.go:155.2,155.41 1 0
sentinel-hub-api/handlers/base.go:20.98,23.56 3 0
sentinel-hub-api/handlers/base.go:23.56,25.3 1 0
sentinel-hub-api/handlers/base.go:29.92,37.46 4 0
sentinel-hub-api/handlers/base.go:37.46,40.25 3 0
sentinel-hub-api/handlers/base.go:40.25,42.4 1 0
sentinel-hub-api/handlers/base.go:45.2,45.42 1 0
sentinel-hub-api/handlers/base.go:49.91,51.18 2 0
sentinel-hub-api/handlers/base.go:51.18,53.3 1 0
sentinel-hub-api/handlers/base.go:54.2,55.27 2 0
sentinel-hub-api/handlers/base.go:55.27,57.3 1 0
sentinel-hub-api/handlers/base.go:58.2,58.21 1 0
sentinel-hub-api/handlers/base.go:62.92,64.18 2 0
sentinel-hub-api/handlers/base.go:64.18,66.3 1 0
sentinel-hub-api/handlers/base.go:67.2,70.8 1 0
sentinel-hub-api/handlers/dependencies.go:19.48,47.2 14 0
sentinel-hub-api/handlers/health.go:18.50,22.2 1 0
sentinel-hub-api/handlers/health.go:25.72,54.36 2 0
sentinel-hub-api/handlers/health.go:54.36,56.70 2 0
sentinel-hub-api/handlers/health.go:56.70,57.73 1 0
sentinel-hub-api/handlers/health.go:57.73,60.5 2 0
sentinel-hub-api/handlers/health.go:62.3,62.47 1 0
sentinel-hub-api/handlers/health.go:63.8,65.3 1 0
sentinel-hub-api/handlers/health.go:67.2,68.35 2 0
sentinel-hub-api/handlers/health.go:72.74,73.36 1 0
sentinel-hub-api/handlers/health.go:73.36,76.3 2 0
sentinel-hub-api/handlers/health.go:77.2,80.4 1 0
sentinel-hub-api/handlers/health.go:84.77,86.36 1 0
sentinel-hub-api/handlers/health.go:86.36,89.3 2 0
sentinel-hub-api/handlers/health.go:90.2,92.4 1 0
sentinel-hub-api/config/config.go:91.26,148.2 1 0
sentinel-hub-api/config/config.go:151.35,153.48 1 0
sentinel-hub-api/config/config.go:153.48,155.3 1 0
sentinel-hub-api/config/config.go:158.2,158.27 1 0
sentinel-hub-api/config/config.go:158.27,160.3 1 0
sentinel-hub-api/config/config.go:161.2,161.31 1 0
sentinel-hub-api/config/config.go:161.31,163.3 1 0
sentinel-hub-api/config/config.go:166.2,166.34 1 0
sentinel-hub-api/config/config.go:166.34,168.3 1 0
sentinel-hub-api/config/config.go:171.2,171.31 1 0
sentinel-hub-api/config/config.go:171.31,173.3 1 0
sentinel-hub-api/config/config.go:175.2,175.12 1 0
sentinel-hub-api/config/config.go:185.42,187.2 1 0
sentinel-hub-api/config/config.go:191.46,192.42 1 0
sentinel-hub-api/config/config.go:192.42,194.3 1 0
sentinel-hub-api/config/config.go:195.2,195.21 1 0
sentinel-hub-api/config/config.go:198.52,199.42 1 0
sentinel-hub-api/config/config.go:199.42,200.55 1 0
sentinel-hub-api/config/config.go:200.55,202.4 1 0
sentinel-hub-api/config/config.go:204.2,204.21 1 0
sentinel-hub-api/config/config.go:207.58,208.42 1 0
sentinel-hub-api/config/config.go:208.42,209.67 1 0
sentinel-hub-api/config/config.go:209.67,211.4 1 0
sentinel-hub-api/config/config.go:213.2,213.21 1 0
sentinel-hub-api/config/config.go:216.62,217.42 1 0
sentinel-hub-api/config/config.go:217.42,218.67 1 0
sentinel-hub-api/config/config.go:218.67,220.4 1 0
sentinel-hub-api/config/config.go:222.2,222.21 1 0
sentinel-hub-api/config/config.go:225.77,226.42 1 0
sentinel-hub-api/config/config.go:226.42,227.61 1 0
sentinel-hub-api/config/config.go:227.61,229.4 1 0
sentinel-hub-api/config/config.go:231.2,231.21 1 0
sentinel-hub-api/tests/test_helpers.go:29.34,30.23 1 0
sentinel-hub-api/tests/test_helpers.go:30.23,36.3 1 0
sentinel-hub-api/tests/test_helpers.go:37.2,37.19 1 0
sentinel-hub-api/tests/test_helpers.go:40.46,41.42 1 0
sentinel-hub-api/tests/test_helpers.go:41.42,43.3 1 0
sentinel-hub-api/tests/test_helpers.go:44.2,44.21 1 0
sentinel-hub-api/tests/test_helpers.go:48.40,49.19 1 0
sentinel-hub-api/tests/test_helpers.go:49.19,51.3 1 0
sentinel-hub-api/tests/test_helpers.go:53.2,55.16 3 0
sentinel-hub-api/tests/test_helpers.go:55.16,57.3 1 0
sentinel-hub-api/tests/test_helpers.go:59.2,59.34 1 0
sentinel-hub-api/tests/test_helpers.go:59.34,61.3 1 0
sentinel-hub-api/tests/test_helpers.go:63.2,64.11 2 0
sentinel-hub-api/tests/test_helpers.go:68.34,69.19 1 0
sentinel-hub-api/tests/test_helpers.go:69.19,72.3 2 0
sentinel-hub-api/tests/test_helpers.go:76.57,77.25 1 0
sentinel-hub-api/tests/test_helpers.go:77.25,79.3 1 0
sentinel-hub-api/tests/test_helpers.go:81.2,88.16 3 0
sentinel-hub-api/tests/test_helpers.go:88.16,90.3 1 0
sentinel-hub-api/tests/test_helpers.go:92.2,93.18 2 0
sentinel-hub-api/tests/test_helpers.go:97.76,99.17 2 0
sentinel-hub-api/tests/test_helpers.go:99.17,101.3 1 0
sentinel-hub-api/tests/test_helpers.go:103.2,108.12 5 0
sentinel-hub-api/tests/test_helpers.go:112.92,113.17 1 0
sentinel-hub-api/tests/test_helpers.go:113.17,116.3 2 0
sentinel-hub-api/tests/test_helpers.go:118.2,119.66 2 0
sentinel-hub-api/tests/test_helpers.go:119.66,122.3 2 0
sentinel-hub-api/tests/test_helpers.go:124.2,124.17 1 0
sentinel-hub-api/tests/test_helpers.go:128.113,129.28 1 0
sentinel-hub-api/tests/test_helpers.go:129.28,132.3 2 0
sentinel-hub-api/tests/test_helpers.go:134.2,135.21 2 0
sentinel-hub-api/tests/test_helpers.go:135.21,137.3 1 0
sentinel-hub-api/tests/test_helpers.go:139.2,139.64 1 0
sentinel-hub-api/tests/test_helpers.go:139.64,142.3 2 0
sentinel-hub-api/tests/test_helpers.go:144.2,144.17 1 0
sentinel-hub-api/tests/test_helpers.go:148.111,149.28 1 0
sentinel-hub-api/tests/test_helpers.go:149.28,152.3 2 0
sentinel-hub-api/tests/test_helpers.go:154.2,155.21 2 0
sentinel-hub-api/tests/test_helpers.go:155.21,157.3 1 0
sentinel-hub-api/tests/test_helpers.go:159.2,159.63 1 0
sentinel-hub-api/tests/test_helpers.go:159.63,162.3 2 0
sentinel-hub-api/tests/test_helpers.go:164.2,164.17 1 0
sentinel-hub-api/tests/test_helpers.go:173.42,175.2 1 0
sentinel-hub-api/tests/test_helpers.go:177.55,180.2 2 0
sentinel-hub-api/tests/test_helpers.go:182.46,185.2 2 0
sentinel-hub-api/tests/test_helpers.go:187.56,189.2 1 0
sentinel-hub-api/tests/test_helpers.go:191.43,194.2 2 0
sentinel-hub-api/tests/test_helpers.go:197.30,199.2 1 0
