mode: set
github.com/divyang-garg/sentinel-hub-api/internal/config/config.go:59.30,95.2 2 1
github.com/divyang-garg/sentinel-hub-api/internal/config/config.go:99.46,100.42 1 1
github.com/divyang-garg/sentinel-hub-api/internal/config/config.go:100.42,102.3 1 1
github.com/divyang-garg/sentinel-hub-api/internal/config/config.go:103.2,103.21 1 1
github.com/divyang-garg/sentinel-hub-api/internal/config/config.go:106.52,107.42 1 1
github.com/divyang-garg/sentinel-hub-api/internal/config/config.go:107.42,108.55 1 1
github.com/divyang-garg/sentinel-hub-api/internal/config/config.go:108.55,110.4 1 1
github.com/divyang-garg/sentinel-hub-api/internal/config/config.go:112.2,112.21 1 1
github.com/divyang-garg/sentinel-hub-api/internal/config/config.go:115.77,116.42 1 1
github.com/divyang-garg/sentinel-hub-api/internal/config/config.go:116.42,117.61 1 1
github.com/divyang-garg/sentinel-hub-api/internal/config/config.go:117.61,119.4 1 1
github.com/divyang-garg/sentinel-hub-api/internal/config/config.go:121.2,121.21 1 1
github.com/divyang-garg/sentinel-hub-api/internal/config/config.go:124.64,125.42 1 1
github.com/divyang-garg/sentinel-hub-api/internal/config/config.go:125.42,129.3 1 1
github.com/divyang-garg/sentinel-hub-api/internal/config/config.go:130.2,130.21 1 1
github.com/divyang-garg/sentinel-hub-api/internal/config/config.go:135.42,139.2 3 1
github.com/divyang-garg/sentinel-hub-api/internal/config/extraction_config.go:21.56,35.56 2 0
github.com/divyang-garg/sentinel-hub-api/internal/config/extraction_config.go:35.56,37.3 1 0
github.com/divyang-garg/sentinel-hub-api/internal/config/extraction_config.go:39.2,39.17 1 0
github.com/divyang-garg/sentinel-hub-api/internal/config/writer.go:12.51,14.2 1 1
github.com/divyang-garg/sentinel-hub-api/internal/config/writer.go:17.30,20.16 3 1
github.com/divyang-garg/sentinel-hub-api/internal/config/writer.go:20.16,22.3 1 0
github.com/divyang-garg/sentinel-hub-api/internal/config/writer.go:23.2,25.12 3 1
github.com/divyang-garg/sentinel-hub-api/internal/config/writer.go:29.23,48.2 2 1
