mode: atomic
github.com/divyang-garg/sentinel-hub-api/internal/patterns/analyzers.go:12.73,17.100 3 7
github.com/divyang-garg/sentinel-hub-api/internal/patterns/analyzers.go:17.100,19.3 1 0
github.com/divyang-garg/sentinel-hub-api/internal/patterns/analyzers.go:21.2,26.29 5 7
github.com/divyang-garg/sentinel-hub-api/internal/patterns/analyzers.go:26.29,30.60 2 32
github.com/divyang-garg/sentinel-hub-api/internal/patterns/analyzers.go:30.60,32.73 1 2
github.com/divyang-garg/sentinel-hub-api/internal/patterns/analyzers.go:32.73,35.5 2 2
github.com/divyang-garg/sentinel-hub-api/internal/patterns/analyzers.go:36.9,36.118 1 30
github.com/divyang-garg/sentinel-hub-api/internal/patterns/analyzers.go:36.118,38.86 1 4
github.com/divyang-garg/sentinel-hub-api/internal/patterns/analyzers.go:38.86,40.42 1 4
github.com/divyang-garg/sentinel-hub-api/internal/patterns/analyzers.go:40.42,42.27 2 4
github.com/divyang-garg/sentinel-hub-api/internal/patterns/analyzers.go:42.27,45.75 3 4
github.com/divyang-garg/sentinel-hub-api/internal/patterns/analyzers.go:45.75,47.8 1 3
github.com/divyang-garg/sentinel-hub-api/internal/patterns/analyzers.go:47.13,47.49 1 1
github.com/divyang-garg/sentinel-hub-api/internal/patterns/analyzers.go:47.49,49.8 1 1
github.com/divyang-garg/sentinel-hub-api/internal/patterns/analyzers.go:54.5,54.82 1 4
github.com/divyang-garg/sentinel-hub-api/internal/patterns/analyzers.go:54.82,56.43 2 4
github.com/divyang-garg/sentinel-hub-api/internal/patterns/analyzers.go:56.43,58.7 1 2
github.com/divyang-garg/sentinel-hub-api/internal/patterns/analyzers.go:58.12,58.51 1 2
github.com/divyang-garg/sentinel-hub-api/internal/patterns/analyzers.go:58.51,60.7 1 1
github.com/divyang-garg/sentinel-hub-api/internal/patterns/analyzers.go:64.5,64.50 1 4
github.com/divyang-garg/sentinel-hub-api/internal/patterns/analyzers.go:64.50,65.28 1 4
github.com/divyang-garg/sentinel-hub-api/internal/patterns/analyzers.go:65.28,67.7 1 4
github.com/divyang-garg/sentinel-hub-api/internal/patterns/analyzers.go:70.9,70.106 1 26
github.com/divyang-garg/sentinel-hub-api/internal/patterns/analyzers.go:70.106,72.85 1 0
github.com/divyang-garg/sentinel-hub-api/internal/patterns/analyzers.go:72.85,74.5 1 0
github.com/divyang-garg/sentinel-hub-api/internal/patterns/analyzers.go:74.10,76.5 1 0
github.com/divyang-garg/sentinel-hub-api/internal/patterns/analyzers.go:78.4,78.45 1 0
github.com/divyang-garg/sentinel-hub-api/internal/patterns/analyzers.go:78.45,80.5 1 0
github.com/divyang-garg/sentinel-hub-api/internal/patterns/analyzers.go:80.10,82.5 1 0
github.com/divyang-garg/sentinel-hub-api/internal/patterns/analyzers.go:87.2,88.15 2 7
github.com/divyang-garg/sentinel-hub-api/internal/patterns/analyzers.go:88.15,89.38 1 5
github.com/divyang-garg/sentinel-hub-api/internal/patterns/analyzers.go:89.38,91.4 1 3
github.com/divyang-garg/sentinel-hub-api/internal/patterns/analyzers.go:91.9,91.45 1 2
github.com/divyang-garg/sentinel-hub-api/internal/patterns/analyzers.go:91.45,93.4 1 2
github.com/divyang-garg/sentinel-hub-api/internal/patterns/analyzers.go:93.9,95.4 1 0
github.com/divyang-garg/sentinel-hub-api/internal/patterns/analyzers.go:98.2,103.108 4 7
github.com/divyang-garg/sentinel-hub-api/internal/patterns/analyzers.go:103.108,105.58 2 0
github.com/divyang-garg/sentinel-hub-api/internal/patterns/analyzers.go:105.58,107.4 1 0
github.com/divyang-garg/sentinel-hub-api/internal/patterns/analyzers.go:112.68,114.21 2 8
github.com/divyang-garg/sentinel-hub-api/internal/patterns/analyzers.go:114.21,116.3 1 0
github.com/divyang-garg/sentinel-hub-api/internal/patterns/analyzers.go:119.2,127.29 8 8
github.com/divyang-garg/sentinel-hub-api/internal/patterns/analyzers.go:127.29,128.21 1 37
github.com/divyang-garg/sentinel-hub-api/internal/patterns/analyzers.go:128.21,129.12 1 13
github.com/divyang-garg/sentinel-hub-api/internal/patterns/analyzers.go:133.3,134.24 2 24
github.com/divyang-garg/sentinel-hub-api/internal/patterns/analyzers.go:134.24,136.4 1 5
github.com/divyang-garg/sentinel-hub-api/internal/patterns/analyzers.go:136.9,136.79 1 19
github.com/divyang-garg/sentinel-hub-api/internal/patterns/analyzers.go:136.79,138.4 1 0
github.com/divyang-garg/sentinel-hub-api/internal/patterns/analyzers.go:138.9,138.45 1 19
github.com/divyang-garg/sentinel-hub-api/internal/patterns/analyzers.go:138.45,140.4 1 3
github.com/divyang-garg/sentinel-hub-api/internal/patterns/analyzers.go:143.3,144.85 2 24
github.com/divyang-garg/sentinel-hub-api/internal/patterns/analyzers.go:144.85,149.70 3 13
github.com/divyang-garg/sentinel-hub-api/internal/patterns/analyzers.go:149.70,151.77 2 13
github.com/divyang-garg/sentinel-hub-api/internal/patterns/analyzers.go:151.77,153.6 1 6
github.com/divyang-garg/sentinel-hub-api/internal/patterns/analyzers.go:153.11,153.106 1 7
github.com/divyang-garg/sentinel-hub-api/internal/patterns/analyzers.go:153.106,155.6 1 7
github.com/divyang-garg/sentinel-hub-api/internal/patterns/analyzers.go:161.2,161.54 1 8
github.com/divyang-garg/sentinel-hub-api/internal/patterns/analyzers.go:161.54,163.3 1 3
github.com/divyang-garg/sentinel-hub-api/internal/patterns/analyzers.go:163.8,163.38 1 5
github.com/divyang-garg/sentinel-hub-api/internal/patterns/analyzers.go:163.38,166.3 2 0
github.com/divyang-garg/sentinel-hub-api/internal/patterns/analyzers.go:166.8,166.28 1 5
github.com/divyang-garg/sentinel-hub-api/internal/patterns/analyzers.go:166.28,169.3 2 1
github.com/divyang-garg/sentinel-hub-api/internal/patterns/analyzers.go:172.2,172.51 1 8
github.com/divyang-garg/sentinel-hub-api/internal/patterns/analyzers.go:172.51,174.3 1 1
github.com/divyang-garg/sentinel-hub-api/internal/patterns/analyzers.go:174.8,174.58 1 7
github.com/divyang-garg/sentinel-hub-api/internal/patterns/analyzers.go:174.58,176.3 1 0
github.com/divyang-garg/sentinel-hub-api/internal/patterns/analyzers.go:176.8,176.48 1 7
github.com/divyang-garg/sentinel-hub-api/internal/patterns/analyzers.go:176.48,178.3 1 0
github.com/divyang-garg/sentinel-hub-api/internal/patterns/analyzers.go:178.8,178.48 1 7
github.com/divyang-garg/sentinel-hub-api/internal/patterns/analyzers.go:178.48,180.3 1 0
github.com/divyang-garg/sentinel-hub-api/internal/patterns/analyzers.go:182.2,182.41 1 8
github.com/divyang-garg/sentinel-hub-api/internal/patterns/analyzers.go:182.41,184.3 1 1
github.com/divyang-garg/sentinel-hub-api/internal/patterns/analyzers.go:184.8,184.48 1 7
github.com/divyang-garg/sentinel-hub-api/internal/patterns/analyzers.go:184.48,186.3 1 0
github.com/divyang-garg/sentinel-hub-api/internal/patterns/analyzers.go:186.8,188.3 1 7
github.com/divyang-garg/sentinel-hub-api/internal/patterns/analyzers.go:191.2,191.39 1 8
github.com/divyang-garg/sentinel-hub-api/internal/patterns/analyzers.go:191.39,193.3 1 0
github.com/divyang-garg/sentinel-hub-api/internal/patterns/analyzers.go:193.8,195.3 1 8
github.com/divyang-garg/sentinel-hub-api/internal/patterns/analyzers.go:199.73,218.90 2 4
github.com/divyang-garg/sentinel-hub-api/internal/patterns/analyzers.go:218.90,219.34 1 13
github.com/divyang-garg/sentinel-hub-api/internal/patterns/analyzers.go:219.34,221.4 1 2
github.com/divyang-garg/sentinel-hub-api/internal/patterns/analyzers.go:224.3,224.27 1 11
github.com/divyang-garg/sentinel-hub-api/internal/patterns/analyzers.go:224.27,226.4 1 0
github.com/divyang-garg/sentinel-hub-api/internal/patterns/analyzers.go:229.3,230.50 2 11
github.com/divyang-garg/sentinel-hub-api/internal/patterns/analyzers.go:230.50,231.60 1 154
github.com/divyang-garg/sentinel-hub-api/internal/patterns/analyzers.go:231.60,233.56 2 5
github.com/divyang-garg/sentinel-hub-api/internal/patterns/analyzers.go:233.56,235.6 1 5
github.com/divyang-garg/sentinel-hub-api/internal/patterns/analyzers.go:239.3,239.13 1 11
github.com/divyang-garg/sentinel-hub-api/internal/patterns/analyzers.go:242.2,242.16 1 4
github.com/divyang-garg/sentinel-hub-api/internal/patterns/analyzers.go:242.16,245.3 1 0
github.com/divyang-garg/sentinel-hub-api/internal/patterns/business_rules.go:36.90,37.18 1 10
github.com/divyang-garg/sentinel-hub-api/internal/patterns/business_rules.go:37.18,39.3 1 1
github.com/divyang-garg/sentinel-hub-api/internal/patterns/business_rules.go:42.2,47.16 4 9
github.com/divyang-garg/sentinel-hub-api/internal/patterns/business_rules.go:47.16,49.3 1 1
github.com/divyang-garg/sentinel-hub-api/internal/patterns/business_rules.go:51.2,52.21 2 8
github.com/divyang-garg/sentinel-hub-api/internal/patterns/business_rules.go:52.21,54.3 1 7
github.com/divyang-garg/sentinel-hub-api/internal/patterns/business_rules.go:55.2,65.16 5 8
github.com/divyang-garg/sentinel-hub-api/internal/patterns/business_rules.go:65.16,67.3 1 0
github.com/divyang-garg/sentinel-hub-api/internal/patterns/business_rules.go:70.2,70.18 1 8
github.com/divyang-garg/sentinel-hub-api/internal/patterns/business_rules.go:70.18,73.3 2 8
github.com/divyang-garg/sentinel-hub-api/internal/patterns/business_rules.go:74.2,78.16 3 8
github.com/divyang-garg/sentinel-hub-api/internal/patterns/business_rules.go:78.16,81.3 1 1
github.com/divyang-garg/sentinel-hub-api/internal/patterns/business_rules.go:82.2,85.38 2 7
github.com/divyang-garg/sentinel-hub-api/internal/patterns/business_rules.go:85.38,88.3 1 1
github.com/divyang-garg/sentinel-hub-api/internal/patterns/business_rules.go:91.2,92.16 2 6
github.com/divyang-garg/sentinel-hub-api/internal/patterns/business_rules.go:92.16,94.3 1 0
github.com/divyang-garg/sentinel-hub-api/internal/patterns/business_rules.go:97.2,98.59 2 6
github.com/divyang-garg/sentinel-hub-api/internal/patterns/business_rules.go:98.59,101.3 1 1
github.com/divyang-garg/sentinel-hub-api/internal/patterns/business_rules.go:104.2,105.41 2 5
github.com/divyang-garg/sentinel-hub-api/internal/patterns/business_rules.go:105.41,107.64 1 4
github.com/divyang-garg/sentinel-hub-api/internal/patterns/business_rules.go:107.64,116.4 2 2
github.com/divyang-garg/sentinel-hub-api/internal/patterns/business_rules.go:119.2,119.19 1 5
github.com/divyang-garg/sentinel-hub-api/internal/patterns/business_rules.go:123.66,139.21 10 3
github.com/divyang-garg/sentinel-hub-api/internal/patterns/business_rules.go:139.21,142.3 2 1
github.com/divyang-garg/sentinel-hub-api/internal/patterns/business_rules.go:145.2,145.29 1 2
github.com/divyang-garg/sentinel-hub-api/internal/patterns/business_rules.go:145.29,150.26 2 3
github.com/divyang-garg/sentinel-hub-api/internal/patterns/business_rules.go:150.26,152.4 1 1
github.com/divyang-garg/sentinel-hub-api/internal/patterns/business_rules.go:155.3,155.29 1 3
github.com/divyang-garg/sentinel-hub-api/internal/patterns/business_rules.go:155.29,157.4 1 1
github.com/divyang-garg/sentinel-hub-api/internal/patterns/business_rules.go:160.3,161.20 2 3
github.com/divyang-garg/sentinel-hub-api/internal/patterns/business_rules.go:161.20,164.31 2 3
github.com/divyang-garg/sentinel-hub-api/internal/patterns/business_rules.go:164.31,166.19 2 3
github.com/divyang-garg/sentinel-hub-api/internal/patterns/business_rules.go:166.19,169.6 2 3
github.com/divyang-garg/sentinel-hub-api/internal/patterns/business_rules.go:171.9,173.4 1 0
github.com/divyang-garg/sentinel-hub-api/internal/patterns/business_rules.go:176.3,176.23 1 3
github.com/divyang-garg/sentinel-hub-api/internal/patterns/business_rules.go:176.23,178.4 1 1
github.com/divyang-garg/sentinel-hub-api/internal/patterns/business_rules.go:182.2,189.21 7 2
github.com/divyang-garg/sentinel-hub-api/internal/patterns/learner.go:26.53,30.24 3 6
github.com/divyang-garg/sentinel-hub-api/internal/patterns/learner.go:30.24,32.3 1 0
github.com/divyang-garg/sentinel-hub-api/internal/patterns/learner.go:35.2,35.64 1 6
github.com/divyang-garg/sentinel-hub-api/internal/patterns/learner.go:35.64,37.3 1 0
github.com/divyang-garg/sentinel-hub-api/internal/patterns/learner.go:40.2,40.21 1 6
github.com/divyang-garg/sentinel-hub-api/internal/patterns/learner.go:40.21,42.17 2 1
github.com/divyang-garg/sentinel-hub-api/internal/patterns/learner.go:42.17,44.4 1 0
github.com/divyang-garg/sentinel-hub-api/internal/patterns/learner.go:45.3,46.23 2 1
github.com/divyang-garg/sentinel-hub-api/internal/patterns/learner.go:50.2,50.22 1 5
github.com/divyang-garg/sentinel-hub-api/internal/patterns/learner.go:50.22,52.42 2 1
github.com/divyang-garg/sentinel-hub-api/internal/patterns/learner.go:52.42,55.4 2 1
github.com/divyang-garg/sentinel-hub-api/internal/patterns/learner.go:56.3,56.23 1 1
github.com/divyang-garg/sentinel-hub-api/internal/patterns/learner.go:59.2,59.24 1 4
github.com/divyang-garg/sentinel-hub-api/internal/patterns/learner.go:59.24,62.41 3 1
github.com/divyang-garg/sentinel-hub-api/internal/patterns/learner.go:62.41,63.61 1 1
github.com/divyang-garg/sentinel-hub-api/internal/patterns/learner.go:63.61,64.26 1 2
github.com/divyang-garg/sentinel-hub-api/internal/patterns/learner.go:64.26,66.6 1 2
github.com/divyang-garg/sentinel-hub-api/internal/patterns/learner.go:69.3,69.23 1 1
github.com/divyang-garg/sentinel-hub-api/internal/patterns/learner.go:72.2,72.21 1 3
github.com/divyang-garg/sentinel-hub-api/internal/patterns/learner.go:72.21,74.39 2 1
github.com/divyang-garg/sentinel-hub-api/internal/patterns/learner.go:74.39,76.4 1 1
github.com/divyang-garg/sentinel-hub-api/internal/patterns/learner.go:77.3,77.23 1 1
github.com/divyang-garg/sentinel-hub-api/internal/patterns/learner.go:81.2,86.23 4 2
github.com/divyang-garg/sentinel-hub-api/internal/patterns/learner.go:86.23,88.3 1 2
github.com/divyang-garg/sentinel-hub-api/internal/patterns/learner.go:91.2,91.38 1 2
github.com/divyang-garg/sentinel-hub-api/internal/patterns/learner.go:91.38,93.3 1 0
github.com/divyang-garg/sentinel-hub-api/internal/patterns/learner.go:96.2,96.38 1 2
github.com/divyang-garg/sentinel-hub-api/internal/patterns/learner.go:96.38,98.3 1 0
github.com/divyang-garg/sentinel-hub-api/internal/patterns/learner.go:101.2,101.41 1 2
github.com/divyang-garg/sentinel-hub-api/internal/patterns/learner.go:101.41,103.3 1 2
github.com/divyang-garg/sentinel-hub-api/internal/patterns/learner.go:106.2,106.42 1 2
github.com/divyang-garg/sentinel-hub-api/internal/patterns/learner.go:106.42,110.3 1 2
github.com/divyang-garg/sentinel-hub-api/internal/patterns/learner.go:113.2,113.42 1 2
github.com/divyang-garg/sentinel-hub-api/internal/patterns/learner.go:113.42,115.3 1 0
github.com/divyang-garg/sentinel-hub-api/internal/patterns/learner.go:118.2,121.31 2 2
github.com/divyang-garg/sentinel-hub-api/internal/patterns/learner.go:121.31,123.17 2 0
github.com/divyang-garg/sentinel-hub-api/internal/patterns/learner.go:123.17,126.4 1 0
github.com/divyang-garg/sentinel-hub-api/internal/patterns/learner.go:126.9,126.28 1 0
github.com/divyang-garg/sentinel-hub-api/internal/patterns/learner.go:126.28,131.4 2 0
github.com/divyang-garg/sentinel-hub-api/internal/patterns/learner.go:131.9,133.4 1 0
github.com/divyang-garg/sentinel-hub-api/internal/patterns/learner.go:137.2,137.54 1 2
github.com/divyang-garg/sentinel-hub-api/internal/patterns/learner.go:137.54,139.3 1 0
github.com/divyang-garg/sentinel-hub-api/internal/patterns/learner.go:141.2,141.22 1 2
github.com/divyang-garg/sentinel-hub-api/internal/patterns/learner_analysis.go:14.72,15.90 1 6
github.com/divyang-garg/sentinel-hub-api/internal/patterns/learner_analysis.go:15.90,16.33 1 14
github.com/divyang-garg/sentinel-hub-api/internal/patterns/learner_analysis.go:16.33,18.4 1 9
github.com/divyang-garg/sentinel-hub-api/internal/patterns/learner_analysis.go:21.3,21.27 1 5
github.com/divyang-garg/sentinel-hub-api/internal/patterns/learner_analysis.go:21.27,23.4 1 0
github.com/divyang-garg/sentinel-hub-api/internal/patterns/learner_analysis.go:25.3,26.16 2 5
github.com/divyang-garg/sentinel-hub-api/internal/patterns/learner_analysis.go:26.16,28.4 1 5
github.com/divyang-garg/sentinel-hub-api/internal/patterns/learner_analysis.go:31.3,32.17 2 5
github.com/divyang-garg/sentinel-hub-api/internal/patterns/learner_analysis.go:32.17,34.4 1 0
github.com/divyang-garg/sentinel-hub-api/internal/patterns/learner_analysis.go:36.3,50.13 6 5
github.com/divyang-garg/sentinel-hub-api/internal/patterns/learner_analysis.go:55.39,63.35 3 21
github.com/divyang-garg/sentinel-hub-api/internal/patterns/learner_analysis.go:63.35,64.43 1 222
github.com/divyang-garg/sentinel-hub-api/internal/patterns/learner_analysis.go:64.43,66.4 1 3
github.com/divyang-garg/sentinel-hub-api/internal/patterns/learner_analysis.go:68.2,68.14 1 18
github.com/divyang-garg/sentinel-hub-api/internal/patterns/learner_analysis.go:72.78,76.13 3 14
github.com/divyang-garg/sentinel-hub-api/internal/patterns/learner_analysis.go:77.36,79.41 2 5
github.com/divyang-garg/sentinel-hub-api/internal/patterns/learner_analysis.go:79.41,81.4 1 1
github.com/divyang-garg/sentinel-hub-api/internal/patterns/learner_analysis.go:82.3,82.39 1 5
github.com/divyang-garg/sentinel-hub-api/internal/patterns/learner_analysis.go:82.39,84.4 1 0
github.com/divyang-garg/sentinel-hub-api/internal/patterns/learner_analysis.go:85.3,85.43 1 5
github.com/divyang-garg/sentinel-hub-api/internal/patterns/learner_analysis.go:85.43,87.4 1 0
github.com/divyang-garg/sentinel-hub-api/internal/patterns/learner_analysis.go:88.13,90.42 2 2
github.com/divyang-garg/sentinel-hub-api/internal/patterns/learner_analysis.go:90.42,92.4 1 1
github.com/divyang-garg/sentinel-hub-api/internal/patterns/learner_analysis.go:93.3,93.41 1 2
github.com/divyang-garg/sentinel-hub-api/internal/patterns/learner_analysis.go:93.41,95.4 1 0
github.com/divyang-garg/sentinel-hub-api/internal/patterns/learner_analysis.go:96.13,97.29 1 4
github.com/divyang-garg/sentinel-hub-api/internal/patterns/learner_analysis.go:98.15,100.42 2 1
github.com/divyang-garg/sentinel-hub-api/internal/patterns/learner_analysis.go:100.42,102.4 1 0
github.com/divyang-garg/sentinel-hub-api/internal/patterns/learner_analysis.go:103.13,105.42 2 0
github.com/divyang-garg/sentinel-hub-api/internal/patterns/learner_analysis.go:105.42,107.4 1 0
github.com/divyang-garg/sentinel-hub-api/internal/patterns/learner_analysis.go:108.13,110.41 2 0
github.com/divyang-garg/sentinel-hub-api/internal/patterns/learner_analysis.go:110.41,112.4 1 0
github.com/divyang-garg/sentinel-hub-api/internal/patterns/learner_analysis.go:116.2,116.32 1 14
github.com/divyang-garg/sentinel-hub-api/internal/patterns/learner_analysis.go:116.32,118.3 1 1
github.com/divyang-garg/sentinel-hub-api/internal/patterns/learner_analysis.go:118.8,118.33 1 13
github.com/divyang-garg/sentinel-hub-api/internal/patterns/learner_analysis.go:118.33,120.3 1 1
github.com/divyang-garg/sentinel-hub-api/internal/patterns/learner_analysis.go:120.8,120.75 1 12
github.com/divyang-garg/sentinel-hub-api/internal/patterns/learner_analysis.go:120.75,122.3 1 0
github.com/divyang-garg/sentinel-hub-api/internal/patterns/learner_analysis.go:126.73,128.74 1 9
github.com/divyang-garg/sentinel-hub-api/internal/patterns/learner_analysis.go:128.74,130.3 1 4
github.com/divyang-garg/sentinel-hub-api/internal/patterns/learner_analysis.go:131.2,131.76 1 9
github.com/divyang-garg/sentinel-hub-api/internal/patterns/learner_analysis.go:131.76,133.3 1 4
github.com/divyang-garg/sentinel-hub-api/internal/patterns/learner_analysis.go:134.2,134.75 1 9
github.com/divyang-garg/sentinel-hub-api/internal/patterns/learner_analysis.go:134.75,136.3 1 3
github.com/divyang-garg/sentinel-hub-api/internal/patterns/learner_analysis.go:140.45,142.38 1 15
github.com/divyang-garg/sentinel-hub-api/internal/patterns/learner_analysis.go:142.38,144.47 1 332
github.com/divyang-garg/sentinel-hub-api/internal/patterns/learner_analysis.go:144.47,146.4 1 5
github.com/divyang-garg/sentinel-hub-api/internal/patterns/learner_analysis.go:148.2,148.14 1 10
github.com/divyang-garg/sentinel-hub-api/internal/patterns/learner_analysis.go:152.46,155.2 1 11
github.com/divyang-garg/sentinel-hub-api/internal/patterns/learner_analysis.go:158.45,160.2 1 12
github.com/divyang-garg/sentinel-hub-api/internal/patterns/learner_analysis.go:163.56,168.69 3 11
github.com/divyang-garg/sentinel-hub-api/internal/patterns/learner_analysis.go:168.69,169.70 1 3
github.com/divyang-garg/sentinel-hub-api/internal/patterns/learner_analysis.go:169.70,171.4 1 1
github.com/divyang-garg/sentinel-hub-api/internal/patterns/learner_analysis.go:171.9,173.4 1 2
github.com/divyang-garg/sentinel-hub-api/internal/patterns/learner_analysis.go:174.3,174.19 1 3
github.com/divyang-garg/sentinel-hub-api/internal/patterns/learner_analysis.go:178.2,178.46 1 11
github.com/divyang-garg/sentinel-hub-api/internal/patterns/learner_analysis.go:178.46,179.23 1 11
github.com/divyang-garg/sentinel-hub-api/internal/patterns/learner_analysis.go:179.23,182.4 2 6
github.com/divyang-garg/sentinel-hub-api/internal/patterns/learner_analysis.go:185.2,185.20 1 11
github.com/divyang-garg/sentinel-hub-api/internal/patterns/learner_analysis.go:189.50,190.26 1 7
github.com/divyang-garg/sentinel-hub-api/internal/patterns/learner_analysis.go:190.26,191.17 1 4
github.com/divyang-garg/sentinel-hub-api/internal/patterns/learner_analysis.go:191.17,193.4 1 1
github.com/divyang-garg/sentinel-hub-api/internal/patterns/learner_analysis.go:195.2,195.14 1 6
github.com/divyang-garg/sentinel-hub-api/internal/patterns/learner_analysis.go:199.24,200.11 1 5
github.com/divyang-garg/sentinel-hub-api/internal/patterns/learner_analysis.go:200.11,202.3 1 1
github.com/divyang-garg/sentinel-hub-api/internal/patterns/learner_analysis.go:203.2,203.10 1 4
github.com/divyang-garg/sentinel-hub-api/internal/patterns/learner_output.go:17.55,19.55 1 4
github.com/divyang-garg/sentinel-hub-api/internal/patterns/learner_output.go:19.55,21.3 1 0
github.com/divyang-garg/sentinel-hub-api/internal/patterns/learner_output.go:22.2,22.59 1 4
github.com/divyang-garg/sentinel-hub-api/internal/patterns/learner_output.go:22.59,24.3 1 0
github.com/divyang-garg/sentinel-hub-api/internal/patterns/learner_output.go:27.2,28.16 2 4
github.com/divyang-garg/sentinel-hub-api/internal/patterns/learner_output.go:28.16,30.3 1 0
github.com/divyang-garg/sentinel-hub-api/internal/patterns/learner_output.go:31.2,31.90 1 4
github.com/divyang-garg/sentinel-hub-api/internal/patterns/learner_output.go:31.90,33.3 1 0
github.com/divyang-garg/sentinel-hub-api/internal/patterns/learner_output.go:36.2,37.88 2 4
github.com/divyang-garg/sentinel-hub-api/internal/patterns/learner_output.go:37.88,39.3 1 0
github.com/divyang-garg/sentinel-hub-api/internal/patterns/learner_output.go:42.2,42.76 1 4
github.com/divyang-garg/sentinel-hub-api/internal/patterns/learner_output.go:42.76,44.100 2 1
github.com/divyang-garg/sentinel-hub-api/internal/patterns/learner_output.go:44.100,46.4 1 0
github.com/divyang-garg/sentinel-hub-api/internal/patterns/learner_output.go:49.2,49.12 1 4
github.com/divyang-garg/sentinel-hub-api/internal/patterns/learner_output.go:53.56,59.23 5 5
github.com/divyang-garg/sentinel-hub-api/internal/patterns/learner_output.go:59.23,61.3 1 4
github.com/divyang-garg/sentinel-hub-api/internal/patterns/learner_output.go:63.2,63.34 1 5
github.com/divyang-garg/sentinel-hub-api/internal/patterns/learner_output.go:63.34,65.39 2 2
github.com/divyang-garg/sentinel-hub-api/internal/patterns/learner_output.go:65.39,67.4 1 2
github.com/divyang-garg/sentinel-hub-api/internal/patterns/learner_output.go:68.3,68.24 1 2
github.com/divyang-garg/sentinel-hub-api/internal/patterns/learner_output.go:71.2,71.38 1 5
github.com/divyang-garg/sentinel-hub-api/internal/patterns/learner_output.go:71.38,73.48 2 2
github.com/divyang-garg/sentinel-hub-api/internal/patterns/learner_output.go:73.48,75.4 1 2
github.com/divyang-garg/sentinel-hub-api/internal/patterns/learner_output.go:76.3,76.24 1 2
github.com/divyang-garg/sentinel-hub-api/internal/patterns/learner_output.go:79.2,79.21 1 5
github.com/divyang-garg/sentinel-hub-api/internal/patterns/learner_output.go:83.41,85.19 2 3
github.com/divyang-garg/sentinel-hub-api/internal/patterns/learner_output.go:85.19,87.3 1 6
github.com/divyang-garg/sentinel-hub-api/internal/patterns/learner_output.go:88.2,88.13 1 3
github.com/divyang-garg/sentinel-hub-api/internal/patterns/types.go:52.36,64.2 1 32
