mode: set
github.com/divyang-garg/sentinel-hub-api/internal/extraction/extractor.go:58.23,68.2 1 1
github.com/divyang-garg/sentinel-hub-api/internal/extraction/extractor.go:71.103,75.47 2 1
github.com/divyang-garg/sentinel-hub-api/internal/extraction/extractor.go:75.47,77.3 1 1
github.com/divyang-garg/sentinel-hub-api/internal/extraction/extractor.go:80.2,83.45 2 1
github.com/divyang-garg/sentinel-hub-api/internal/extraction/extractor.go:83.45,86.17 3 1
github.com/divyang-garg/sentinel-hub-api/internal/extraction/extractor.go:86.17,91.4 4 1
github.com/divyang-garg/sentinel-hub-api/internal/extraction/extractor.go:95.2,95.24 1 1
github.com/divyang-garg/sentinel-hub-api/internal/extraction/extractor.go:95.24,97.17 2 1
github.com/divyang-garg/sentinel-hub-api/internal/extraction/extractor.go:97.17,101.4 3 1
github.com/divyang-garg/sentinel-hub-api/internal/extraction/extractor.go:102.3,102.72 1 1
github.com/divyang-garg/sentinel-hub-api/internal/extraction/extractor.go:106.2,106.29 1 1
github.com/divyang-garg/sentinel-hub-api/internal/extraction/extractor.go:106.29,108.17 2 1
github.com/divyang-garg/sentinel-hub-api/internal/extraction/extractor.go:108.17,113.4 4 1
github.com/divyang-garg/sentinel-hub-api/internal/extraction/extractor.go:114.3,114.67 1 0
github.com/divyang-garg/sentinel-hub-api/internal/extraction/extractor.go:117.2,117.72 1 0
github.com/divyang-garg/sentinel-hub-api/internal/extraction/extractor.go:120.72,121.20 1 1
github.com/divyang-garg/sentinel-hub-api/internal/extraction/extractor.go:121.20,123.3 1 1
github.com/divyang-garg/sentinel-hub-api/internal/extraction/extractor.go:124.2,124.28 1 1
github.com/divyang-garg/sentinel-hub-api/internal/extraction/extractor.go:124.28,126.3 1 0
github.com/divyang-garg/sentinel-hub-api/internal/extraction/extractor.go:127.2,127.12 1 1
github.com/divyang-garg/sentinel-hub-api/internal/extraction/extractor.go:130.110,136.16 3 1
github.com/divyang-garg/sentinel-hub-api/internal/extraction/extractor.go:136.16,138.3 1 1
github.com/divyang-garg/sentinel-hub-api/internal/extraction/extractor.go:141.2,142.16 2 1
github.com/divyang-garg/sentinel-hub-api/internal/extraction/extractor.go:142.16,144.3 1 0
github.com/divyang-garg/sentinel-hub-api/internal/extraction/extractor.go:147.2,147.38 1 1
github.com/divyang-garg/sentinel-hub-api/internal/extraction/extractor.go:147.38,149.3 1 1
github.com/divyang-garg/sentinel-hub-api/internal/extraction/extractor.go:150.2,158.20 6 1
github.com/divyang-garg/sentinel-hub-api/internal/extraction/extractor.go:161.67,165.2 3 1
github.com/divyang-garg/sentinel-hub-api/internal/extraction/extractor.go:173.42,175.2 1 1
github.com/divyang-garg/sentinel-hub-api/internal/extraction/fallback.go:36.47,42.51 1 1
github.com/divyang-garg/sentinel-hub-api/internal/extraction/fallback.go:42.51,43.26 1 1
github.com/divyang-garg/sentinel-hub-api/internal/extraction/fallback.go:43.26,45.7 1 0
github.com/divyang-garg/sentinel-hub-api/internal/extraction/fallback.go:46.6,60.7 1 1
github.com/divyang-garg/sentinel-hub-api/internal/extraction/fallback.go:66.51,67.26 1 1
github.com/divyang-garg/sentinel-hub-api/internal/extraction/fallback.go:67.26,69.7 1 0
github.com/divyang-garg/sentinel-hub-api/internal/extraction/fallback.go:70.6,85.7 1 1
github.com/divyang-garg/sentinel-hub-api/internal/extraction/fallback.go:91.51,92.26 1 1
github.com/divyang-garg/sentinel-hub-api/internal/extraction/fallback.go:92.26,94.7 1 0
github.com/divyang-garg/sentinel-hub-api/internal/extraction/fallback.go:95.6,109.7 1 1
github.com/divyang-garg/sentinel-hub-api/internal/extraction/fallback.go:117.91,121.37 3 1
github.com/divyang-garg/sentinel-hub-api/internal/extraction/fallback.go:121.37,123.33 2 1
github.com/divyang-garg/sentinel-hub-api/internal/extraction/fallback.go:123.33,126.17 2 1
github.com/divyang-garg/sentinel-hub-api/internal/extraction/fallback.go:126.17,127.13 1 1
github.com/divyang-garg/sentinel-hub-api/internal/extraction/fallback.go:129.4,131.51 2 1
github.com/divyang-garg/sentinel-hub-api/internal/extraction/fallback.go:131.51,134.5 2 1
github.com/divyang-garg/sentinel-hub-api/internal/extraction/fallback.go:138.2,138.21 1 1
github.com/divyang-garg/sentinel-hub-api/internal/extraction/fallback.go:138.21,140.3 1 1
github.com/divyang-garg/sentinel-hub-api/internal/extraction/fallback.go:142.2,149.8 1 1
github.com/divyang-garg/sentinel-hub-api/internal/extraction/fallback.go:152.30,157.2 4 1
github.com/divyang-garg/sentinel-hub-api/internal/extraction/fallback.go:159.41,160.19 1 1
github.com/divyang-garg/sentinel-hub-api/internal/extraction/fallback.go:160.19,162.3 1 1
github.com/divyang-garg/sentinel-hub-api/internal/extraction/fallback.go:163.2,163.26 1 0
github.com/divyang-garg/sentinel-hub-api/internal/extraction/parser.go:21.41,23.2 1 1
github.com/divyang-garg/sentinel-hub-api/internal/extraction/parser.go:26.73,35.66 3 1
github.com/divyang-garg/sentinel-hub-api/internal/extraction/parser.go:35.66,38.68 2 1
github.com/divyang-garg/sentinel-hub-api/internal/extraction/parser.go:38.68,40.4 1 1
github.com/divyang-garg/sentinel-hub-api/internal/extraction/parser.go:44.2,50.8 2 1
github.com/divyang-garg/sentinel-hub-api/internal/extraction/parser.go:53.64,59.2 4 1
github.com/divyang-garg/sentinel-hub-api/internal/extraction/parser.go:61.61,70.2 4 1
github.com/divyang-garg/sentinel-hub-api/internal/extraction/parser.go:72.80,75.29 2 1
github.com/divyang-garg/sentinel-hub-api/internal/extraction/parser.go:75.29,76.23 1 1
github.com/divyang-garg/sentinel-hub-api/internal/extraction/parser.go:76.23,81.4 1 1
github.com/divyang-garg/sentinel-hub-api/internal/extraction/parser.go:82.3,82.47 1 1
github.com/divyang-garg/sentinel-hub-api/internal/extraction/parser.go:82.47,87.4 1 1
github.com/divyang-garg/sentinel-hub-api/internal/extraction/parser.go:90.2,90.15 1 1
github.com/divyang-garg/sentinel-hub-api/internal/extraction/prompt.go:16.39,18.2 1 1
github.com/divyang-garg/sentinel-hub-api/internal/extraction/prompt.go:21.70,90.2 1 1
github.com/divyang-garg/sentinel-hub-api/internal/extraction/scoring.go:26.45,36.2 1 1
github.com/divyang-garg/sentinel-hub-api/internal/extraction/scoring.go:39.65,43.22 2 1
github.com/divyang-garg/sentinel-hub-api/internal/extraction/scoring.go:43.22,45.3 1 1
github.com/divyang-garg/sentinel-hub-api/internal/extraction/scoring.go:48.2,48.32 1 1
github.com/divyang-garg/sentinel-hub-api/internal/extraction/scoring.go:48.32,50.3 1 1
github.com/divyang-garg/sentinel-hub-api/internal/extraction/scoring.go:53.2,53.45 1 1
github.com/divyang-garg/sentinel-hub-api/internal/extraction/scoring.go:53.45,58.52 3 1
github.com/divyang-garg/sentinel-hub-api/internal/extraction/scoring.go:58.52,59.26 1 1
github.com/divyang-garg/sentinel-hub-api/internal/extraction/scoring.go:59.26,61.10 2 1
github.com/divyang-garg/sentinel-hub-api/internal/extraction/scoring.go:64.3,64.20 1 1
github.com/divyang-garg/sentinel-hub-api/internal/extraction/scoring.go:64.20,66.4 1 1
github.com/divyang-garg/sentinel-hub-api/internal/extraction/scoring.go:70.2,70.83 1 1
github.com/divyang-garg/sentinel-hub-api/internal/extraction/scoring.go:70.83,72.3 1 1
github.com/divyang-garg/sentinel-hub-api/internal/extraction/scoring.go:74.2,74.14 1 1
github.com/divyang-garg/sentinel-hub-api/internal/extraction/scoring.go:78.71,79.21 1 1
github.com/divyang-garg/sentinel-hub-api/internal/extraction/scoring.go:79.21,81.3 1 1
github.com/divyang-garg/sentinel-hub-api/internal/extraction/scoring.go:83.2,84.29 2 1
github.com/divyang-garg/sentinel-hub-api/internal/extraction/scoring.go:84.29,85.26 1 1
github.com/divyang-garg/sentinel-hub-api/internal/extraction/scoring.go:85.26,87.4 1 1
github.com/divyang-garg/sentinel-hub-api/internal/extraction/scoring.go:87.9,89.4 1 1
github.com/divyang-garg/sentinel-hub-api/internal/extraction/scoring.go:92.2,92.36 1 1
