mode: set
github.com/divyang-garg/sentinel-hub-api/internal/fix/fixer.go:32.44,35.27 2 1
github.com/divyang-garg/sentinel-hub-api/internal/fix/fixer.go:35.27,37.3 1 1
github.com/divyang-garg/sentinel-hub-api/internal/fix/fixer.go:40.2,41.18 2 1
github.com/divyang-garg/sentinel-hub-api/internal/fix/fixer.go:41.18,42.54 1 1
github.com/divyang-garg/sentinel-hub-api/internal/fix/fixer.go:42.54,44.4 1 0
github.com/divyang-garg/sentinel-hub-api/internal/fix/fixer.go:48.2,48.93 1 1
github.com/divyang-garg/sentinel-hub-api/internal/fix/fixer.go:48.93,49.33 1 1
github.com/divyang-garg/sentinel-hub-api/internal/fix/fixer.go:49.33,51.4 1 1
github.com/divyang-garg/sentinel-hub-api/internal/fix/fixer.go:54.3,54.27 1 1
github.com/divyang-garg/sentinel-hub-api/internal/fix/fixer.go:54.27,56.4 1 0
github.com/divyang-garg/sentinel-hub-api/internal/fix/fixer.go:59.3,60.23 2 1
github.com/divyang-garg/sentinel-hub-api/internal/fix/fixer.go:60.23,62.4 1 0
github.com/divyang-garg/sentinel-hub-api/internal/fix/fixer.go:65.3,66.17 2 1
github.com/divyang-garg/sentinel-hub-api/internal/fix/fixer.go:66.17,68.4 1 0
github.com/divyang-garg/sentinel-hub-api/internal/fix/fixer.go:70.3,77.44 5 1
github.com/divyang-garg/sentinel-hub-api/internal/fix/fixer.go:77.44,79.4 1 1
github.com/divyang-garg/sentinel-hub-api/internal/fix/fixer.go:80.3,80.45 1 1
github.com/divyang-garg/sentinel-hub-api/internal/fix/fixer.go:80.45,82.4 1 1
github.com/divyang-garg/sentinel-hub-api/internal/fix/fixer.go:83.3,83.47 1 1
github.com/divyang-garg/sentinel-hub-api/internal/fix/fixer.go:83.47,85.4 1 1
github.com/divyang-garg/sentinel-hub-api/internal/fix/fixer.go:86.3,86.44 1 1
github.com/divyang-garg/sentinel-hub-api/internal/fix/fixer.go:86.44,88.4 1 1
github.com/divyang-garg/sentinel-hub-api/internal/fix/fixer.go:91.3,91.31 1 1
github.com/divyang-garg/sentinel-hub-api/internal/fix/fixer.go:91.31,94.72 2 1
github.com/divyang-garg/sentinel-hub-api/internal/fix/fixer.go:94.72,96.5 1 0
github.com/divyang-garg/sentinel-hub-api/internal/fix/fixer.go:97.4,100.66 2 1
github.com/divyang-garg/sentinel-hub-api/internal/fix/fixer.go:100.66,102.5 1 0
github.com/divyang-garg/sentinel-hub-api/internal/fix/fixer.go:103.4,103.26 1 1
github.com/divyang-garg/sentinel-hub-api/internal/fix/fixer.go:106.3,106.13 1 1
github.com/divyang-garg/sentinel-hub-api/internal/fix/fixer.go:109.2,109.16 1 1
github.com/divyang-garg/sentinel-hub-api/internal/fix/fixer.go:109.16,111.3 1 0
github.com/divyang-garg/sentinel-hub-api/internal/fix/fixer.go:114.2,114.45 1 1
github.com/divyang-garg/sentinel-hub-api/internal/fix/fixer.go:114.45,115.67 1 1
github.com/divyang-garg/sentinel-hub-api/internal/fix/fixer.go:115.67,118.4 1 0
github.com/divyang-garg/sentinel-hub-api/internal/fix/fixer.go:121.2,121.20 1 1
github.com/divyang-garg/sentinel-hub-api/internal/fix/fixer.go:125.39,131.35 3 1
github.com/divyang-garg/sentinel-hub-api/internal/fix/fixer.go:131.35,132.43 1 1
github.com/divyang-garg/sentinel-hub-api/internal/fix/fixer.go:132.43,134.4 1 1
github.com/divyang-garg/sentinel-hub-api/internal/fix/fixer.go:136.2,136.14 1 1
github.com/divyang-garg/sentinel-hub-api/internal/fix/fixer.go:140.34,147.2 2 1
github.com/divyang-garg/sentinel-hub-api/internal/fix/fixer.go:150.95,152.44 2 1
github.com/divyang-garg/sentinel-hub-api/internal/fix/fixer.go:152.44,154.3 1 1
github.com/divyang-garg/sentinel-hub-api/internal/fix/fixer.go:156.2,160.29 4 1
github.com/divyang-garg/sentinel-hub-api/internal/fix/fixer.go:160.29,161.41 1 1
github.com/divyang-garg/sentinel-hub-api/internal/fix/fixer.go:161.41,163.4 1 1
github.com/divyang-garg/sentinel-hub-api/internal/fix/fixer.go:163.9,167.4 3 1
github.com/divyang-garg/sentinel-hub-api/internal/fix/fixer.go:170.2,170.51 1 1
github.com/divyang-garg/sentinel-hub-api/internal/fix/fixer.go:174.92,176.44 2 1
github.com/divyang-garg/sentinel-hub-api/internal/fix/fixer.go:176.44,178.3 1 1
github.com/divyang-garg/sentinel-hub-api/internal/fix/fixer.go:180.2,184.29 4 1
github.com/divyang-garg/sentinel-hub-api/internal/fix/fixer.go:184.29,185.39 1 1
github.com/divyang-garg/sentinel-hub-api/internal/fix/fixer.go:185.39,187.4 1 1
github.com/divyang-garg/sentinel-hub-api/internal/fix/fixer.go:187.9,191.4 3 1
github.com/divyang-garg/sentinel-hub-api/internal/fix/fixer.go:194.2,194.51 1 1
github.com/divyang-garg/sentinel-hub-api/internal/fix/fixer.go:198.102,203.29 4 1
github.com/divyang-garg/sentinel-hub-api/internal/fix/fixer.go:203.29,205.22 2 1
github.com/divyang-garg/sentinel-hub-api/internal/fix/fixer.go:205.22,207.4 1 1
github.com/divyang-garg/sentinel-hub-api/internal/fix/fixer.go:208.3,208.39 1 1
github.com/divyang-garg/sentinel-hub-api/internal/fix/fixer.go:211.2,211.31 1 1
github.com/divyang-garg/sentinel-hub-api/internal/fix/fixer.go:211.31,214.3 2 1
github.com/divyang-garg/sentinel-hub-api/internal/fix/fixer.go:216.2,216.51 1 1
github.com/divyang-garg/sentinel-hub-api/internal/fix/fixer_imports.go:13.89,16.13 2 1
github.com/divyang-garg/sentinel-hub-api/internal/fix/fixer_imports.go:17.13,18.62 1 1
github.com/divyang-garg/sentinel-hub-api/internal/fix/fixer_imports.go:19.36,20.62 1 1
github.com/divyang-garg/sentinel-hub-api/internal/fix/fixer_imports.go:21.13,23.27 1 1
github.com/divyang-garg/sentinel-hub-api/internal/fix/fixer_imports.go:24.10,25.27 1 1
github.com/divyang-garg/sentinel-hub-api/internal/fix/fixer_imports.go:30.91,39.29 7 1
github.com/divyang-garg/sentinel-hub-api/internal/fix/fixer_imports.go:39.29,42.44 2 1
github.com/divyang-garg/sentinel-hub-api/internal/fix/fixer_imports.go:42.44,43.22 1 1
github.com/divyang-garg/sentinel-hub-api/internal/fix/fixer_imports.go:43.22,48.30 4 1
github.com/divyang-garg/sentinel-hub-api/internal/fix/fixer_imports.go:48.30,50.14 1 1
github.com/divyang-garg/sentinel-hub-api/internal/fix/fixer_imports.go:51.11,51.97 1 1
github.com/divyang-garg/sentinel-hub-api/internal/fix/fixer_imports.go:51.97,55.11 3 1
github.com/divyang-garg/sentinel-hub-api/internal/fix/fixer_imports.go:58.9,58.27 1 1
github.com/divyang-garg/sentinel-hub-api/internal/fix/fixer_imports.go:58.27,59.22 1 1
github.com/divyang-garg/sentinel-hub-api/internal/fix/fixer_imports.go:59.22,61.10 2 1
github.com/divyang-garg/sentinel-hub-api/internal/fix/fixer_imports.go:62.10,62.82 1 1
github.com/divyang-garg/sentinel-hub-api/internal/fix/fixer_imports.go:62.82,64.5 1 1
github.com/divyang-garg/sentinel-hub-api/internal/fix/fixer_imports.go:64.10,64.65 1 0
github.com/divyang-garg/sentinel-hub-api/internal/fix/fixer_imports.go:64.65,67.10 2 0
github.com/divyang-garg/sentinel-hub-api/internal/fix/fixer_imports.go:72.2,72.48 1 1
github.com/divyang-garg/sentinel-hub-api/internal/fix/fixer_imports.go:72.48,74.3 1 1
github.com/divyang-garg/sentinel-hub-api/internal/fix/fixer_imports.go:76.2,76.26 1 1
github.com/divyang-garg/sentinel-hub-api/internal/fix/fixer_imports.go:76.26,78.3 1 0
github.com/divyang-garg/sentinel-hub-api/internal/fix/fixer_imports.go:79.2,84.34 3 1
github.com/divyang-garg/sentinel-hub-api/internal/fix/fixer_imports.go:84.34,86.69 2 1
github.com/divyang-garg/sentinel-hub-api/internal/fix/fixer_imports.go:86.69,88.4 1 1
github.com/divyang-garg/sentinel-hub-api/internal/fix/fixer_imports.go:88.9,88.78 1 1
github.com/divyang-garg/sentinel-hub-api/internal/fix/fixer_imports.go:88.78,90.4 1 1
github.com/divyang-garg/sentinel-hub-api/internal/fix/fixer_imports.go:90.9,92.4 1 1
github.com/divyang-garg/sentinel-hub-api/internal/fix/fixer_imports.go:96.2,102.21 5 1
github.com/divyang-garg/sentinel-hub-api/internal/fix/fixer_imports.go:102.21,104.3 1 1
github.com/divyang-garg/sentinel-hub-api/internal/fix/fixer_imports.go:105.2,105.23 1 1
github.com/divyang-garg/sentinel-hub-api/internal/fix/fixer_imports.go:105.23,106.30 1 1
github.com/divyang-garg/sentinel-hub-api/internal/fix/fixer_imports.go:106.30,108.4 1 1
github.com/divyang-garg/sentinel-hub-api/internal/fix/fixer_imports.go:109.3,109.55 1 1
github.com/divyang-garg/sentinel-hub-api/internal/fix/fixer_imports.go:111.2,111.23 1 1
github.com/divyang-garg/sentinel-hub-api/internal/fix/fixer_imports.go:111.23,112.30 1 1
github.com/divyang-garg/sentinel-hub-api/internal/fix/fixer_imports.go:112.30,114.4 1 1
github.com/divyang-garg/sentinel-hub-api/internal/fix/fixer_imports.go:115.3,115.55 1 1
github.com/divyang-garg/sentinel-hub-api/internal/fix/fixer_imports.go:119.2,122.37 4 1
github.com/divyang-garg/sentinel-hub-api/internal/fix/fixer_imports.go:122.37,123.16 1 1
github.com/divyang-garg/sentinel-hub-api/internal/fix/fixer_imports.go:123.16,125.4 1 1
github.com/divyang-garg/sentinel-hub-api/internal/fix/fixer_imports.go:125.9,127.4 1 1
github.com/divyang-garg/sentinel-hub-api/internal/fix/fixer_imports.go:129.2,134.43 5 1
github.com/divyang-garg/sentinel-hub-api/internal/fix/fixer_imports.go:138.91,146.29 6 1
github.com/divyang-garg/sentinel-hub-api/internal/fix/fixer_imports.go:146.29,149.100 2 1
github.com/divyang-garg/sentinel-hub-api/internal/fix/fixer_imports.go:149.100,151.4 1 1
github.com/divyang-garg/sentinel-hub-api/internal/fix/fixer_imports.go:151.9,151.64 1 1
github.com/divyang-garg/sentinel-hub-api/internal/fix/fixer_imports.go:151.64,154.4 1 1
github.com/divyang-garg/sentinel-hub-api/internal/fix/fixer_imports.go:154.9,154.47 1 1
github.com/divyang-garg/sentinel-hub-api/internal/fix/fixer_imports.go:154.47,158.4 3 0
github.com/divyang-garg/sentinel-hub-api/internal/fix/fixer_imports.go:158.9,160.4 1 1
github.com/divyang-garg/sentinel-hub-api/internal/fix/fixer_imports.go:163.2,163.27 1 1
github.com/divyang-garg/sentinel-hub-api/internal/fix/fixer_imports.go:163.27,165.3 1 1
github.com/divyang-garg/sentinel-hub-api/internal/fix/fixer_imports.go:168.2,170.34 2 1
github.com/divyang-garg/sentinel-hub-api/internal/fix/fixer_imports.go:170.34,172.20 2 1
github.com/divyang-garg/sentinel-hub-api/internal/fix/fixer_imports.go:172.20,173.12 1 1
github.com/divyang-garg/sentinel-hub-api/internal/fix/fixer_imports.go:176.3,177.78 1 1
github.com/divyang-garg/sentinel-hub-api/internal/fix/fixer_imports.go:177.78,179.4 1 1
github.com/divyang-garg/sentinel-hub-api/internal/fix/fixer_imports.go:179.9,181.4 1 1
github.com/divyang-garg/sentinel-hub-api/internal/fix/fixer_imports.go:185.2,191.58 5 1
github.com/divyang-garg/sentinel-hub-api/internal/fix/fixer_imports.go:191.58,193.3 1 1
github.com/divyang-garg/sentinel-hub-api/internal/fix/fixer_imports.go:194.2,197.24 2 1
github.com/divyang-garg/sentinel-hub-api/internal/fix/fixer_imports.go:197.24,200.29 3 0
github.com/divyang-garg/sentinel-hub-api/internal/fix/fixer_imports.go:200.29,202.4 1 0
github.com/divyang-garg/sentinel-hub-api/internal/fix/fixer_imports.go:203.3,207.44 4 0
github.com/divyang-garg/sentinel-hub-api/internal/fix/fixer_imports.go:210.2,210.26 1 1
github.com/divyang-garg/sentinel-hub-api/internal/fix/fixer_rollback.go:17.64,32.55 5 1
github.com/divyang-garg/sentinel-hub-api/internal/fix/fixer_rollback.go:32.55,34.3 1 0
github.com/divyang-garg/sentinel-hub-api/internal/fix/fixer_rollback.go:37.2,38.63 2 1
github.com/divyang-garg/sentinel-hub-api/internal/fix/fixer_rollback.go:38.63,40.68 1 1
github.com/divyang-garg/sentinel-hub-api/internal/fix/fixer_rollback.go:40.68,43.71 2 0
github.com/divyang-garg/sentinel-hub-api/internal/fix/fixer_rollback.go:43.71,45.5 1 0
github.com/divyang-garg/sentinel-hub-api/internal/fix/fixer_rollback.go:50.2,54.16 3 1
github.com/divyang-garg/sentinel-hub-api/internal/fix/fixer_rollback.go:54.16,56.3 1 0
github.com/divyang-garg/sentinel-hub-api/internal/fix/fixer_rollback.go:58.2,58.59 1 1
github.com/divyang-garg/sentinel-hub-api/internal/fix/fixer_rollback.go:68.43,72.19 3 1
github.com/divyang-garg/sentinel-hub-api/internal/fix/fixer_rollback.go:72.19,74.57 1 1
github.com/divyang-garg/sentinel-hub-api/internal/fix/fixer_rollback.go:74.57,77.4 2 1
github.com/divyang-garg/sentinel-hub-api/internal/fix/fixer_rollback.go:79.3,80.17 2 1
github.com/divyang-garg/sentinel-hub-api/internal/fix/fixer_rollback.go:80.17,82.4 1 0
github.com/divyang-garg/sentinel-hub-api/internal/fix/fixer_rollback.go:84.3,85.17 2 1
github.com/divyang-garg/sentinel-hub-api/internal/fix/fixer_rollback.go:85.17,87.4 1 0
github.com/divyang-garg/sentinel-hub-api/internal/fix/fixer_rollback.go:89.3,90.37 2 1
github.com/divyang-garg/sentinel-hub-api/internal/fix/fixer_rollback.go:90.37,93.4 1 1
github.com/divyang-garg/sentinel-hub-api/internal/fix/fixer_rollback.go:94.3,94.13 1 1
github.com/divyang-garg/sentinel-hub-api/internal/fix/fixer_rollback.go:98.2,98.56 1 1
github.com/divyang-garg/sentinel-hub-api/internal/fix/fixer_rollback.go:98.56,100.3 1 1
github.com/divyang-garg/sentinel-hub-api/internal/fix/fixer_rollback.go:102.2,103.16 2 0
github.com/divyang-garg/sentinel-hub-api/internal/fix/fixer_rollback.go:103.16,105.3 1 0
github.com/divyang-garg/sentinel-hub-api/internal/fix/fixer_rollback.go:107.2,108.16 2 0
github.com/divyang-garg/sentinel-hub-api/internal/fix/fixer_rollback.go:108.16,110.3 1 0
github.com/divyang-garg/sentinel-hub-api/internal/fix/fixer_rollback.go:113.2,114.26 2 0
github.com/divyang-garg/sentinel-hub-api/internal/fix/fixer_rollback.go:114.26,115.37 1 0
github.com/divyang-garg/sentinel-hub-api/internal/fix/fixer_rollback.go:115.37,116.45 1 0
github.com/divyang-garg/sentinel-hub-api/internal/fix/fixer_rollback.go:116.45,118.10 2 0
github.com/divyang-garg/sentinel-hub-api/internal/fix/fixer_rollback.go:121.8,123.27 1 0
github.com/divyang-garg/sentinel-hub-api/internal/fix/fixer_rollback.go:123.27,125.4 1 0
github.com/divyang-garg/sentinel-hub-api/internal/fix/fixer_rollback.go:128.2,128.20 1 0
github.com/divyang-garg/sentinel-hub-api/internal/fix/fixer_rollback.go:128.20,130.3 1 0
github.com/divyang-garg/sentinel-hub-api/internal/fix/fixer_rollback.go:132.2,133.21 2 0
github.com/divyang-garg/sentinel-hub-api/internal/fix/fixer_rollback.go:133.21,135.3 1 0
github.com/divyang-garg/sentinel-hub-api/internal/fix/fixer_rollback.go:138.2,139.86 2 0
github.com/divyang-garg/sentinel-hub-api/internal/fix/fixer_rollback.go:139.86,140.33 1 0
github.com/divyang-garg/sentinel-hub-api/internal/fix/fixer_rollback.go:140.33,142.4 1 0
github.com/divyang-garg/sentinel-hub-api/internal/fix/fixer_rollback.go:145.3,145.67 1 0
github.com/divyang-garg/sentinel-hub-api/internal/fix/fixer_rollback.go:145.67,147.4 1 0
github.com/divyang-garg/sentinel-hub-api/internal/fix/fixer_rollback.go:150.3,151.17 2 0
github.com/divyang-garg/sentinel-hub-api/internal/fix/fixer_rollback.go:151.17,153.4 1 0
github.com/divyang-garg/sentinel-hub-api/internal/fix/fixer_rollback.go:156.3,160.73 3 0
github.com/divyang-garg/sentinel-hub-api/internal/fix/fixer_rollback.go:160.73,163.4 2 0
github.com/divyang-garg/sentinel-hub-api/internal/fix/fixer_rollback.go:165.3,167.13 3 0
github.com/divyang-garg/sentinel-hub-api/internal/fix/fixer_rollback.go:170.2,170.16 1 0
github.com/divyang-garg/sentinel-hub-api/internal/fix/fixer_rollback.go:170.16,172.3 1 0
github.com/divyang-garg/sentinel-hub-api/internal/fix/fixer_rollback.go:174.2,174.23 1 0
github.com/divyang-garg/sentinel-hub-api/internal/fix/fixer_rollback.go:174.23,176.3 1 0
github.com/divyang-garg/sentinel-hub-api/internal/fix/fixer_rollback.go:176.8,178.3 1 0
github.com/divyang-garg/sentinel-hub-api/internal/fix/fixer_rollback.go:180.2,180.12 1 0
github.com/divyang-garg/sentinel-hub-api/internal/fix/fixer_rollback.go:185.70,188.59 2 1
github.com/divyang-garg/sentinel-hub-api/internal/fix/fixer_rollback.go:188.59,190.3 1 1
github.com/divyang-garg/sentinel-hub-api/internal/fix/fixer_rollback.go:193.2,194.59 2 0
github.com/divyang-garg/sentinel-hub-api/internal/fix/fixer_rollback.go:194.59,196.3 1 0
github.com/divyang-garg/sentinel-hub-api/internal/fix/fixer_rollback.go:198.2,198.55 1 0
