mode: set
github.com/divyang-garg/sentinel-hub-api/internal/hub/client.go:22.48,23.19 1 1
github.com/divyang-garg/sentinel-hub-api/internal/hub/client.go:23.19,25.3 1 1
github.com/divyang-garg/sentinel-hub-api/internal/hub/client.go:27.2,34.3 1 1
github.com/divyang-garg/sentinel-hub-api/internal/hub/client.go:38.37,39.21 1 1
github.com/divyang-garg/sentinel-hub-api/internal/hub/client.go:39.21,41.3 1 1
github.com/divyang-garg/sentinel-hub-api/internal/hub/client.go:43.2,44.16 2 1
github.com/divyang-garg/sentinel-hub-api/internal/hub/client.go:44.16,46.3 1 1
github.com/divyang-garg/sentinel-hub-api/internal/hub/client.go:47.2,49.31 2 1
github.com/divyang-garg/sentinel-hub-api/internal/hub/client.go:53.84,54.22 1 1
github.com/divyang-garg/sentinel-hub-api/internal/hub/client.go:54.22,56.3 1 1
github.com/divyang-garg/sentinel-hub-api/internal/hub/client.go:58.2,59.16 2 1
github.com/divyang-garg/sentinel-hub-api/internal/hub/client.go:59.16,61.3 1 0
github.com/divyang-garg/sentinel-hub-api/internal/hub/client.go:63.2,68.16 2 1
github.com/divyang-garg/sentinel-hub-api/internal/hub/client.go:68.16,70.3 1 0
github.com/divyang-garg/sentinel-hub-api/internal/hub/client.go:71.2,73.38 2 1
github.com/divyang-garg/sentinel-hub-api/internal/hub/client.go:73.38,75.3 1 1
github.com/divyang-garg/sentinel-hub-api/internal/hub/client.go:77.2,78.67 2 1
github.com/divyang-garg/sentinel-hub-api/internal/hub/client.go:78.67,80.3 1 1
github.com/divyang-garg/sentinel-hub-api/internal/hub/client.go:82.2,82.21 1 1
github.com/divyang-garg/sentinel-hub-api/internal/hub/client.go:86.87,87.22 1 1
github.com/divyang-garg/sentinel-hub-api/internal/hub/client.go:87.22,89.3 1 1
github.com/divyang-garg/sentinel-hub-api/internal/hub/client.go:91.2,92.16 2 1
github.com/divyang-garg/sentinel-hub-api/internal/hub/client.go:92.16,94.3 1 0
github.com/divyang-garg/sentinel-hub-api/internal/hub/client.go:96.2,101.16 2 1
github.com/divyang-garg/sentinel-hub-api/internal/hub/client.go:101.16,103.3 1 0
github.com/divyang-garg/sentinel-hub-api/internal/hub/client.go:104.2,106.38 2 1
github.com/divyang-garg/sentinel-hub-api/internal/hub/client.go:106.38,108.3 1 0
github.com/divyang-garg/sentinel-hub-api/internal/hub/client.go:110.2,111.67 2 1
github.com/divyang-garg/sentinel-hub-api/internal/hub/client.go:111.67,113.3 1 1
github.com/divyang-garg/sentinel-hub-api/internal/hub/client.go:115.2,115.21 1 1
github.com/divyang-garg/sentinel-hub-api/internal/hub/client.go:119.102,120.22 1 1
github.com/divyang-garg/sentinel-hub-api/internal/hub/client.go:120.22,122.3 1 1
github.com/divyang-garg/sentinel-hub-api/internal/hub/client.go:124.2,125.16 2 1
github.com/divyang-garg/sentinel-hub-api/internal/hub/client.go:125.16,127.3 1 0
github.com/divyang-garg/sentinel-hub-api/internal/hub/client.go:129.2,134.16 2 1
github.com/divyang-garg/sentinel-hub-api/internal/hub/client.go:134.16,136.3 1 0
github.com/divyang-garg/sentinel-hub-api/internal/hub/client.go:137.2,139.38 2 1
github.com/divyang-garg/sentinel-hub-api/internal/hub/client.go:139.38,141.3 1 0
github.com/divyang-garg/sentinel-hub-api/internal/hub/client.go:143.2,144.67 2 1
github.com/divyang-garg/sentinel-hub-api/internal/hub/client.go:144.67,146.3 1 1
github.com/divyang-garg/sentinel-hub-api/internal/hub/client.go:148.2,148.21 1 1
github.com/divyang-garg/sentinel-hub-api/internal/hub/client.go:152.67,153.22 1 1
github.com/divyang-garg/sentinel-hub-api/internal/hub/client.go:153.22,163.3 1 1
github.com/divyang-garg/sentinel-hub-api/internal/hub/client.go:165.2,168.16 2 1
github.com/divyang-garg/sentinel-hub-api/internal/hub/client.go:168.16,170.3 1 0
github.com/divyang-garg/sentinel-hub-api/internal/hub/client.go:171.2,173.38 2 1
github.com/divyang-garg/sentinel-hub-api/internal/hub/client.go:173.38,175.3 1 0
github.com/divyang-garg/sentinel-hub-api/internal/hub/client.go:177.2,178.67 2 1
github.com/divyang-garg/sentinel-hub-api/internal/hub/client.go:178.67,180.3 1 1
github.com/divyang-garg/sentinel-hub-api/internal/hub/client.go:182.2,182.21 1 1
github.com/divyang-garg/sentinel-hub-api/internal/hub/client.go:186.59,187.22 1 1
github.com/divyang-garg/sentinel-hub-api/internal/hub/client.go:187.22,190.3 1 1
github.com/divyang-garg/sentinel-hub-api/internal/hub/client.go:192.2,193.16 2 1
github.com/divyang-garg/sentinel-hub-api/internal/hub/client.go:193.16,195.3 1 0
github.com/divyang-garg/sentinel-hub-api/internal/hub/client.go:197.2,202.16 2 1
github.com/divyang-garg/sentinel-hub-api/internal/hub/client.go:202.16,205.3 1 0
github.com/divyang-garg/sentinel-hub-api/internal/hub/client.go:206.2,208.12 2 1
