mode: set
github.com/divyang-garg/sentinel-hub-api/internal/scanner/entropy.go:12.48,13.17 1 1
github.com/divyang-garg/sentinel-hub-api/internal/scanner/entropy.go:13.17,15.3 1 1
github.com/divyang-garg/sentinel-hub-api/internal/scanner/entropy.go:18.2,19.22 2 1
github.com/divyang-garg/sentinel-hub-api/internal/scanner/entropy.go:19.22,21.3 1 1
github.com/divyang-garg/sentinel-hub-api/internal/scanner/entropy.go:24.2,26.29 3 1
github.com/divyang-garg/sentinel-hub-api/internal/scanner/entropy.go:26.29,28.12 2 1
github.com/divyang-garg/sentinel-hub-api/internal/scanner/entropy.go:28.12,30.4 1 1
github.com/divyang-garg/sentinel-hub-api/internal/scanner/entropy.go:33.2,33.16 1 1
github.com/divyang-garg/sentinel-hub-api/internal/scanner/entropy.go:38.41,39.17 1 1
github.com/divyang-garg/sentinel-hub-api/internal/scanner/entropy.go:39.17,41.3 1 1
github.com/divyang-garg/sentinel-hub-api/internal/scanner/entropy.go:43.2,44.22 2 1
github.com/divyang-garg/sentinel-hub-api/internal/scanner/entropy.go:48.70,60.35 4 1
github.com/divyang-garg/sentinel-hub-api/internal/scanner/entropy.go:60.35,61.42 1 1
github.com/divyang-garg/sentinel-hub-api/internal/scanner/entropy.go:61.42,63.34 2 1
github.com/divyang-garg/sentinel-hub-api/internal/scanner/entropy.go:63.34,64.23 1 1
github.com/divyang-garg/sentinel-hub-api/internal/scanner/entropy.go:64.23,67.40 2 1
github.com/divyang-garg/sentinel-hub-api/internal/scanner/entropy.go:67.40,71.19 3 1
github.com/divyang-garg/sentinel-hub-api/internal/scanner/entropy.go:71.19,73.8 1 1
github.com/divyang-garg/sentinel-hub-api/internal/scanner/entropy.go:75.7,85.43 2 1
github.com/divyang-garg/sentinel-hub-api/internal/scanner/entropy.go:92.2,92.17 1 1
github.com/divyang-garg/sentinel-hub-api/internal/scanner/entropy.go:96.44,97.22 1 1
github.com/divyang-garg/sentinel-hub-api/internal/scanner/entropy.go:97.22,99.3 1 0
github.com/divyang-garg/sentinel-hub-api/internal/scanner/entropy.go:100.2,100.26 1 1
github.com/divyang-garg/sentinel-hub-api/internal/scanner/entropy.go:100.26,102.3 1 0
github.com/divyang-garg/sentinel-hub-api/internal/scanner/entropy.go:103.2,103.43 1 1
github.com/divyang-garg/sentinel-hub-api/internal/scanner/entropy.go:103.43,105.36 2 1
github.com/divyang-garg/sentinel-hub-api/internal/scanner/entropy.go:105.36,106.27 1 1
github.com/divyang-garg/sentinel-hub-api/internal/scanner/entropy.go:106.27,108.10 2 1
github.com/divyang-garg/sentinel-hub-api/internal/scanner/entropy.go:111.3,111.12 1 1
github.com/divyang-garg/sentinel-hub-api/internal/scanner/entropy.go:111.12,113.4 1 1
github.com/divyang-garg/sentinel-hub-api/internal/scanner/entropy.go:115.2,115.11 1 1
github.com/divyang-garg/sentinel-hub-api/internal/scanner/filter.go:6.50,9.18 3 1
github.com/divyang-garg/sentinel-hub-api/internal/scanner/filter.go:9.18,11.3 1 0
github.com/divyang-garg/sentinel-hub-api/internal/scanner/filter.go:14.2,14.37 1 1
github.com/divyang-garg/sentinel-hub-api/internal/scanner/filter.go:14.37,15.27 1 1
github.com/divyang-garg/sentinel-hub-api/internal/scanner/filter.go:15.27,17.4 1 1
github.com/divyang-garg/sentinel-hub-api/internal/scanner/filter.go:21.2,21.37 1 1
github.com/divyang-garg/sentinel-hub-api/internal/scanner/filter.go:21.37,23.47 2 1
github.com/divyang-garg/sentinel-hub-api/internal/scanner/filter.go:23.47,25.45 1 1
github.com/divyang-garg/sentinel-hub-api/internal/scanner/filter.go:25.45,27.5 1 1
github.com/divyang-garg/sentinel-hub-api/internal/scanner/filter.go:31.2,31.14 1 1
github.com/divyang-garg/sentinel-hub-api/internal/scanner/filter.go:35.42,41.33 5 1
github.com/divyang-garg/sentinel-hub-api/internal/scanner/filter.go:41.33,42.14 1 1
github.com/divyang-garg/sentinel-hub-api/internal/scanner/filter.go:42.14,44.12 2 1
github.com/divyang-garg/sentinel-hub-api/internal/scanner/filter.go:47.3,47.22 1 1
github.com/divyang-garg/sentinel-hub-api/internal/scanner/filter.go:47.22,49.12 2 1
github.com/divyang-garg/sentinel-hub-api/internal/scanner/filter.go:52.3,52.55 1 1
github.com/divyang-garg/sentinel-hub-api/internal/scanner/filter.go:52.55,54.4 1 1
github.com/divyang-garg/sentinel-hub-api/internal/scanner/filter.go:54.9,54.61 1 1
github.com/divyang-garg/sentinel-hub-api/internal/scanner/filter.go:54.61,56.4 1 1
github.com/divyang-garg/sentinel-hub-api/internal/scanner/filter.go:56.9,56.64 1 1
github.com/divyang-garg/sentinel-hub-api/internal/scanner/filter.go:56.64,58.4 1 1
github.com/divyang-garg/sentinel-hub-api/internal/scanner/filter.go:61.2,61.53 1 1
github.com/divyang-garg/sentinel-hub-api/internal/scanner/filter.go:65.53,66.33 1 1
github.com/divyang-garg/sentinel-hub-api/internal/scanner/filter.go:66.33,68.3 1 1
github.com/divyang-garg/sentinel-hub-api/internal/scanner/filter.go:70.2,74.44 4 1
github.com/divyang-garg/sentinel-hub-api/internal/scanner/filter.go:74.44,75.14 1 1
github.com/divyang-garg/sentinel-hub-api/internal/scanner/filter.go:75.14,77.12 2 0
github.com/divyang-garg/sentinel-hub-api/internal/scanner/filter.go:80.3,80.22 1 1
github.com/divyang-garg/sentinel-hub-api/internal/scanner/filter.go:80.22,82.12 2 0
github.com/divyang-garg/sentinel-hub-api/internal/scanner/filter.go:85.3,85.40 1 1
github.com/divyang-garg/sentinel-hub-api/internal/scanner/filter.go:85.40,87.4 1 0
github.com/divyang-garg/sentinel-hub-api/internal/scanner/filter.go:87.9,87.46 1 1
github.com/divyang-garg/sentinel-hub-api/internal/scanner/filter.go:87.46,89.4 1 1
github.com/divyang-garg/sentinel-hub-api/internal/scanner/filter.go:92.2,92.39 1 1
github.com/divyang-garg/sentinel-hub-api/internal/scanner/filter.go:96.69,99.54 2 1
github.com/divyang-garg/sentinel-hub-api/internal/scanner/filter.go:99.54,100.22 1 1
github.com/divyang-garg/sentinel-hub-api/internal/scanner/filter.go:100.22,101.12 1 0
github.com/divyang-garg/sentinel-hub-api/internal/scanner/filter.go:103.3,104.34 2 1
github.com/divyang-garg/sentinel-hub-api/internal/scanner/filter.go:104.34,105.27 1 1
github.com/divyang-garg/sentinel-hub-api/internal/scanner/filter.go:105.27,107.5 1 0
github.com/divyang-garg/sentinel-hub-api/internal/scanner/filter.go:110.2,110.14 1 1
github.com/divyang-garg/sentinel-hub-api/internal/scanner/filter.go:114.80,116.40 1 1
github.com/divyang-garg/sentinel-hub-api/internal/scanner/filter.go:116.40,118.3 1 1
github.com/divyang-garg/sentinel-hub-api/internal/scanner/filter.go:121.2,121.49 1 1
github.com/divyang-garg/sentinel-hub-api/internal/scanner/filter.go:121.49,123.73 1 1
github.com/divyang-garg/sentinel-hub-api/internal/scanner/filter.go:123.73,125.4 1 0
github.com/divyang-garg/sentinel-hub-api/internal/scanner/filter.go:129.2,129.63 1 1
github.com/divyang-garg/sentinel-hub-api/internal/scanner/filter.go:129.63,131.3 1 0
github.com/divyang-garg/sentinel-hub-api/internal/scanner/filter.go:133.2,133.14 1 1
github.com/divyang-garg/sentinel-hub-api/internal/scanner/filter.go:137.77,141.35 3 1
github.com/divyang-garg/sentinel-hub-api/internal/scanner/filter.go:141.35,143.43 2 1
github.com/divyang-garg/sentinel-hub-api/internal/scanner/filter.go:143.43,146.12 2 0
github.com/divyang-garg/sentinel-hub-api/internal/scanner/filter.go:149.3,150.49 2 1
github.com/divyang-garg/sentinel-hub-api/internal/scanner/filter.go:150.49,152.4 1 1
github.com/divyang-garg/sentinel-hub-api/internal/scanner/filter.go:155.2,155.17 1 1
github.com/divyang-garg/sentinel-hub-api/internal/scanner/filter.go:159.39,160.26 1 1
github.com/divyang-garg/sentinel-hub-api/internal/scanner/filter.go:160.26,162.3 1 0
github.com/divyang-garg/sentinel-hub-api/internal/scanner/filter.go:163.2,163.35 1 1
github.com/divyang-garg/sentinel-hub-api/internal/scanner/filter.go:163.35,164.24 1 1
github.com/divyang-garg/sentinel-hub-api/internal/scanner/filter.go:164.24,166.4 1 1
github.com/divyang-garg/sentinel-hub-api/internal/scanner/filter.go:168.2,168.13 1 1
github.com/divyang-garg/sentinel-hub-api/internal/scanner/parallel.go:13.54,25.19 4 1
github.com/divyang-garg/sentinel-hub-api/internal/scanner/parallel.go:25.19,27.3 1 0
github.com/divyang-garg/sentinel-hub-api/internal/scanner/parallel.go:30.2,31.16 2 1
github.com/divyang-garg/sentinel-hub-api/internal/scanner/parallel.go:31.16,33.3 1 0
github.com/divyang-garg/sentinel-hub-api/internal/scanner/parallel.go:36.2,37.16 2 1
github.com/divyang-garg/sentinel-hub-api/internal/scanner/parallel.go:37.16,39.3 1 0
github.com/divyang-garg/sentinel-hub-api/internal/scanner/parallel.go:41.2,41.21 1 1
github.com/divyang-garg/sentinel-hub-api/internal/scanner/parallel.go:41.21,43.3 1 1
github.com/divyang-garg/sentinel-hub-api/internal/scanner/parallel.go:46.2,47.20 2 1
github.com/divyang-garg/sentinel-hub-api/internal/scanner/parallel.go:47.20,49.3 1 0
github.com/divyang-garg/sentinel-hub-api/internal/scanner/parallel.go:52.2,57.29 4 1
github.com/divyang-garg/sentinel-hub-api/internal/scanner/parallel.go:57.29,59.21 2 1
github.com/divyang-garg/sentinel-hub-api/internal/scanner/parallel.go:59.21,62.17 3 1
github.com/divyang-garg/sentinel-hub-api/internal/scanner/parallel.go:62.17,62.32 1 1
github.com/divyang-garg/sentinel-hub-api/internal/scanner/parallel.go:64.4,65.28 2 1
github.com/divyang-garg/sentinel-hub-api/internal/scanner/parallel.go:70.2,70.12 1 1
github.com/divyang-garg/sentinel-hub-api/internal/scanner/parallel.go:70.12,73.3 2 1
github.com/divyang-garg/sentinel-hub-api/internal/scanner/parallel.go:76.2,77.41 2 1
github.com/divyang-garg/sentinel-hub-api/internal/scanner/parallel.go:77.41,78.40 1 1
github.com/divyang-garg/sentinel-hub-api/internal/scanner/parallel.go:78.40,80.56 1 1
github.com/divyang-garg/sentinel-hub-api/internal/scanner/parallel.go:80.56,83.5 2 1
github.com/divyang-garg/sentinel-hub-api/internal/scanner/parallel.go:85.4,89.44 3 1
github.com/divyang-garg/sentinel-hub-api/internal/scanner/parallel.go:89.44,91.5 1 1
github.com/divyang-garg/sentinel-hub-api/internal/scanner/parallel.go:96.2,96.42 1 1
github.com/divyang-garg/sentinel-hub-api/internal/scanner/parallel.go:96.42,98.37 2 1
github.com/divyang-garg/sentinel-hub-api/internal/scanner/parallel.go:98.37,99.22 1 1
github.com/divyang-garg/sentinel-hub-api/internal/scanner/parallel.go:99.22,101.5 1 1
github.com/divyang-garg/sentinel-hub-api/internal/scanner/parallel.go:103.3,106.37 3 1
github.com/divyang-garg/sentinel-hub-api/internal/scanner/parallel.go:106.37,107.22 1 1
github.com/divyang-garg/sentinel-hub-api/internal/scanner/parallel.go:107.22,109.5 1 1
github.com/divyang-garg/sentinel-hub-api/internal/scanner/parallel.go:111.3,111.53 1 1
github.com/divyang-garg/sentinel-hub-api/internal/scanner/parallel.go:115.2,116.36 2 1
github.com/divyang-garg/sentinel-hub-api/internal/scanner/parallel.go:116.36,118.3 1 1
github.com/divyang-garg/sentinel-hub-api/internal/scanner/parallel.go:121.2,123.20 2 1
github.com/divyang-garg/sentinel-hub-api/internal/scanner/parallel_helpers.go:14.58,17.16 3 1
github.com/divyang-garg/sentinel-hub-api/internal/scanner/parallel_helpers.go:17.16,19.3 1 0
github.com/divyang-garg/sentinel-hub-api/internal/scanner/parallel_helpers.go:21.2,21.84 1 1
github.com/divyang-garg/sentinel-hub-api/internal/scanner/parallel_helpers.go:21.84,22.17 1 1
github.com/divyang-garg/sentinel-hub-api/internal/scanner/parallel_helpers.go:22.17,24.4 1 1
github.com/divyang-garg/sentinel-hub-api/internal/scanner/parallel_helpers.go:26.3,26.19 1 1
github.com/divyang-garg/sentinel-hub-api/internal/scanner/parallel_helpers.go:26.19,27.27 1 1
github.com/divyang-garg/sentinel-hub-api/internal/scanner/parallel_helpers.go:27.27,29.5 1 1
github.com/divyang-garg/sentinel-hub-api/internal/scanner/parallel_helpers.go:30.4,30.14 1 1
github.com/divyang-garg/sentinel-hub-api/internal/scanner/parallel_helpers.go:33.3,34.22 2 1
github.com/divyang-garg/sentinel-hub-api/internal/scanner/parallel_helpers.go:34.22,36.4 1 1
github.com/divyang-garg/sentinel-hub-api/internal/scanner/parallel_helpers.go:38.3,38.13 1 1
github.com/divyang-garg/sentinel-hub-api/internal/scanner/parallel_helpers.go:41.2,41.19 1 1
github.com/divyang-garg/sentinel-hub-api/internal/scanner/parallel_helpers.go:45.78,49.16 3 1
github.com/divyang-garg/sentinel-hub-api/internal/scanner/parallel_helpers.go:49.16,51.3 1 1
github.com/divyang-garg/sentinel-hub-api/internal/scanner/parallel_helpers.go:53.2,57.19 3 1
github.com/divyang-garg/sentinel-hub-api/internal/scanner/parallel_helpers.go:57.19,59.3 1 0
github.com/divyang-garg/sentinel-hub-api/internal/scanner/parallel_helpers.go:62.2,63.35 2 1
github.com/divyang-garg/sentinel-hub-api/internal/scanner/parallel_helpers.go:63.35,64.36 1 1
github.com/divyang-garg/sentinel-hub-api/internal/scanner/parallel_helpers.go:64.36,65.39 1 1
github.com/divyang-garg/sentinel-hub-api/internal/scanner/parallel_helpers.go:65.39,69.25 3 1
github.com/divyang-garg/sentinel-hub-api/internal/scanner/parallel_helpers.go:69.25,71.6 1 1
github.com/divyang-garg/sentinel-hub-api/internal/scanner/parallel_helpers.go:73.5,83.41 2 1
github.com/divyang-garg/sentinel-hub-api/internal/scanner/parallel_helpers.go:89.2,92.17 3 1
github.com/divyang-garg/sentinel-hub-api/internal/scanner/parallel_helpers.go:96.53,100.16 3 1
github.com/divyang-garg/sentinel-hub-api/internal/scanner/parallel_helpers.go:100.16,103.3 1 1
github.com/divyang-garg/sentinel-hub-api/internal/scanner/parallel_helpers.go:106.2,117.64 4 1
github.com/divyang-garg/sentinel-hub-api/internal/scanner/parallel_helpers.go:117.64,119.3 1 1
github.com/divyang-garg/sentinel-hub-api/internal/scanner/parallel_helpers.go:122.2,123.41 2 1
github.com/divyang-garg/sentinel-hub-api/internal/scanner/parallel_helpers.go:123.41,124.23 1 1
github.com/divyang-garg/sentinel-hub-api/internal/scanner/parallel_helpers.go:124.23,126.4 1 1
github.com/divyang-garg/sentinel-hub-api/internal/scanner/parallel_helpers.go:127.3,128.27 2 1
github.com/divyang-garg/sentinel-hub-api/internal/scanner/parallel_helpers.go:132.2,133.42 2 1
github.com/divyang-garg/sentinel-hub-api/internal/scanner/parallel_helpers.go:133.42,135.25 2 1
github.com/divyang-garg/sentinel-hub-api/internal/scanner/parallel_helpers.go:135.25,137.4 1 1
github.com/divyang-garg/sentinel-hub-api/internal/scanner/parallel_helpers.go:140.2,145.29 4 1
github.com/divyang-garg/sentinel-hub-api/internal/scanner/parallel_helpers.go:145.29,147.37 2 1
github.com/divyang-garg/sentinel-hub-api/internal/scanner/parallel_helpers.go:147.37,149.4 1 0
github.com/divyang-garg/sentinel-hub-api/internal/scanner/parallel_helpers.go:152.2,152.15 1 1
github.com/divyang-garg/sentinel-hub-api/internal/scanner/parallel_utils.go:8.25,9.12 1 1
github.com/divyang-garg/sentinel-hub-api/internal/scanner/parallel_utils.go:9.12,11.3 1 1
github.com/divyang-garg/sentinel-hub-api/internal/scanner/parallel_utils.go:12.2,12.11 1 1
github.com/divyang-garg/sentinel-hub-api/internal/scanner/parallel_utils.go:12.11,14.3 1 1
github.com/divyang-garg/sentinel-hub-api/internal/scanner/parallel_utils.go:15.2,16.12 2 1
github.com/divyang-garg/sentinel-hub-api/internal/scanner/parallel_utils.go:16.12,19.3 2 1
github.com/divyang-garg/sentinel-hub-api/internal/scanner/parallel_utils.go:20.2,20.23 1 1
github.com/divyang-garg/sentinel-hub-api/internal/scanner/parallel_utils.go:24.36,27.22 3 1
github.com/divyang-garg/sentinel-hub-api/internal/scanner/parallel_utils.go:27.22,28.16 1 1
github.com/divyang-garg/sentinel-hub-api/internal/scanner/parallel_utils.go:28.16,31.4 2 1
github.com/divyang-garg/sentinel-hub-api/internal/scanner/parallel_utils.go:31.9,33.4 1 1
github.com/divyang-garg/sentinel-hub-api/internal/scanner/parallel_utils.go:35.2,35.22 1 1
github.com/divyang-garg/sentinel-hub-api/internal/scanner/parallel_utils.go:35.22,37.3 1 1
github.com/divyang-garg/sentinel-hub-api/internal/scanner/parallel_utils.go:38.2,38.14 1 1
github.com/divyang-garg/sentinel-hub-api/internal/scanner/parallel_utils.go:41.33,44.59 3 1
github.com/divyang-garg/sentinel-hub-api/internal/scanner/parallel_utils.go:44.59,46.3 1 1
github.com/divyang-garg/sentinel-hub-api/internal/scanner/parallel_utils.go:47.2,47.79 1 1
github.com/divyang-garg/sentinel-hub-api/internal/scanner/parallel_utils.go:47.79,49.3 1 1
github.com/divyang-garg/sentinel-hub-api/internal/scanner/parallel_utils.go:50.2,50.21 1 1
github.com/divyang-garg/sentinel-hub-api/internal/scanner/patterns.go:16.38,79.2 1 1
github.com/divyang-garg/sentinel-hub-api/internal/scanner/report.go:14.40,34.20 18 1
github.com/divyang-garg/sentinel-hub-api/internal/scanner/report.go:34.20,36.3 1 0
github.com/divyang-garg/sentinel-hub-api/internal/scanner/report.go:36.8,38.3 1 1
github.com/divyang-garg/sentinel-hub-api/internal/scanner/report.go:39.2,44.29 4 1
github.com/divyang-garg/sentinel-hub-api/internal/scanner/report.go:44.29,47.33 3 1
github.com/divyang-garg/sentinel-hub-api/internal/scanner/report.go:47.33,49.4 1 1
github.com/divyang-garg/sentinel-hub-api/internal/scanner/report.go:50.3,51.26 2 1
github.com/divyang-garg/sentinel-hub-api/internal/scanner/report.go:51.26,53.4 1 1
github.com/divyang-garg/sentinel-hub-api/internal/scanner/report.go:54.3,54.36 1 1
github.com/divyang-garg/sentinel-hub-api/internal/scanner/report.go:58.2,58.30 1 1
github.com/divyang-garg/sentinel-hub-api/internal/scanner/report.go:58.30,60.43 2 1
github.com/divyang-garg/sentinel-hub-api/internal/scanner/report.go:60.43,68.29 5 1
github.com/divyang-garg/sentinel-hub-api/internal/scanner/report.go:68.29,70.5 1 1
github.com/divyang-garg/sentinel-hub-api/internal/scanner/report.go:71.4,71.30 1 1
github.com/divyang-garg/sentinel-hub-api/internal/scanner/report.go:75.2,76.20 2 1
github.com/divyang-garg/sentinel-hub-api/internal/scanner/report.go:80.44,86.20 5 1
github.com/divyang-garg/sentinel-hub-api/internal/scanner/report.go:86.20,88.3 1 1
github.com/divyang-garg/sentinel-hub-api/internal/scanner/report.go:88.8,90.3 1 0
github.com/divyang-garg/sentinel-hub-api/internal/scanner/report.go:91.2,94.29 2 1
github.com/divyang-garg/sentinel-hub-api/internal/scanner/report.go:94.29,97.33 3 1
github.com/divyang-garg/sentinel-hub-api/internal/scanner/report.go:97.33,99.4 1 1
github.com/divyang-garg/sentinel-hub-api/internal/scanner/report.go:100.3,101.26 2 1
github.com/divyang-garg/sentinel-hub-api/internal/scanner/report.go:101.26,103.4 1 1
github.com/divyang-garg/sentinel-hub-api/internal/scanner/report.go:104.3,104.23 1 1
github.com/divyang-garg/sentinel-hub-api/internal/scanner/report.go:108.2,108.30 1 1
github.com/divyang-garg/sentinel-hub-api/internal/scanner/report.go:108.30,110.43 2 1
github.com/divyang-garg/sentinel-hub-api/internal/scanner/report.go:110.43,116.29 3 1
github.com/divyang-garg/sentinel-hub-api/internal/scanner/report.go:116.29,118.5 1 0
github.com/divyang-garg/sentinel-hub-api/internal/scanner/report.go:122.2,122.20 1 1
github.com/divyang-garg/sentinel-hub-api/internal/scanner/report.go:126.40,128.16 2 1
github.com/divyang-garg/sentinel-hub-api/internal/scanner/report.go:128.16,130.3 1 0
github.com/divyang-garg/sentinel-hub-api/internal/scanner/report.go:131.2,131.21 1 1
github.com/divyang-garg/sentinel-hub-api/internal/scanner/report.go:135.40,142.20 6 1
github.com/divyang-garg/sentinel-hub-api/internal/scanner/report.go:142.20,144.3 1 1
github.com/divyang-garg/sentinel-hub-api/internal/scanner/report.go:144.8,146.3 1 1
github.com/divyang-garg/sentinel-hub-api/internal/scanner/report.go:147.2,150.29 2 1
github.com/divyang-garg/sentinel-hub-api/internal/scanner/report.go:150.29,153.33 3 1
github.com/divyang-garg/sentinel-hub-api/internal/scanner/report.go:153.33,155.4 1 1
github.com/divyang-garg/sentinel-hub-api/internal/scanner/report.go:156.3,157.26 2 1
github.com/divyang-garg/sentinel-hub-api/internal/scanner/report.go:157.26,159.4 1 1
github.com/divyang-garg/sentinel-hub-api/internal/scanner/report.go:160.3,160.23 1 1
github.com/divyang-garg/sentinel-hub-api/internal/scanner/report.go:164.2,164.30 1 1
github.com/divyang-garg/sentinel-hub-api/internal/scanner/report.go:164.30,166.43 2 1
github.com/divyang-garg/sentinel-hub-api/internal/scanner/report.go:166.43,167.15 1 1
github.com/divyang-garg/sentinel-hub-api/internal/scanner/report.go:167.15,169.10 2 0
github.com/divyang-garg/sentinel-hub-api/internal/scanner/report.go:171.4,176.29 2 1
github.com/divyang-garg/sentinel-hub-api/internal/scanner/report.go:176.29,178.5 1 1
github.com/divyang-garg/sentinel-hub-api/internal/scanner/report.go:182.2,182.20 1 1
github.com/divyang-garg/sentinel-hub-api/internal/scanner/scanner.go:15.35,17.2 1 1
github.com/divyang-garg/sentinel-hub-api/internal/scanner/scanner.go:20.46,24.2 1 1
github.com/divyang-garg/sentinel-hub-api/internal/scanner/scanner.go:27.56,39.19 4 1
github.com/divyang-garg/sentinel-hub-api/internal/scanner/scanner.go:39.19,41.3 1 1
github.com/divyang-garg/sentinel-hub-api/internal/scanner/scanner.go:44.2,45.16 2 1
github.com/divyang-garg/sentinel-hub-api/internal/scanner/scanner.go:45.16,47.3 1 0
github.com/divyang-garg/sentinel-hub-api/internal/scanner/scanner.go:49.2,49.18 1 1
github.com/divyang-garg/sentinel-hub-api/internal/scanner/scanner.go:49.18,51.3 1 1
github.com/divyang-garg/sentinel-hub-api/internal/scanner/scanner.go:54.2,54.84 1 1
github.com/divyang-garg/sentinel-hub-api/internal/scanner/scanner.go:54.84,55.17 1 1
github.com/divyang-garg/sentinel-hub-api/internal/scanner/scanner.go:55.17,57.4 1 0
github.com/divyang-garg/sentinel-hub-api/internal/scanner/scanner.go:60.3,60.19 1 1
github.com/divyang-garg/sentinel-hub-api/internal/scanner/scanner.go:60.19,62.27 1 1
github.com/divyang-garg/sentinel-hub-api/internal/scanner/scanner.go:62.27,64.5 1 0
github.com/divyang-garg/sentinel-hub-api/internal/scanner/scanner.go:65.4,65.14 1 1
github.com/divyang-garg/sentinel-hub-api/internal/scanner/scanner.go:69.3,70.23 2 1
github.com/divyang-garg/sentinel-hub-api/internal/scanner/scanner.go:70.23,72.4 1 1
github.com/divyang-garg/sentinel-hub-api/internal/scanner/scanner.go:75.3,76.17 2 1
github.com/divyang-garg/sentinel-hub-api/internal/scanner/scanner.go:76.17,78.4 1 1
github.com/divyang-garg/sentinel-hub-api/internal/scanner/scanner.go:81.3,82.36 2 1
github.com/divyang-garg/sentinel-hub-api/internal/scanner/scanner.go:82.36,83.37 1 1
github.com/divyang-garg/sentinel-hub-api/internal/scanner/scanner.go:83.37,84.40 1 1
github.com/divyang-garg/sentinel-hub-api/internal/scanner/scanner.go:84.40,87.23 2 1
github.com/divyang-garg/sentinel-hub-api/internal/scanner/scanner.go:87.23,89.7 1 0
github.com/divyang-garg/sentinel-hub-api/internal/scanner/scanner.go:92.6,94.26 3 1
github.com/divyang-garg/sentinel-hub-api/internal/scanner/scanner.go:94.26,96.7 1 1
github.com/divyang-garg/sentinel-hub-api/internal/scanner/scanner.go:98.6,112.46 4 1
github.com/divyang-garg/sentinel-hub-api/internal/scanner/scanner.go:112.46,114.7 1 1
github.com/divyang-garg/sentinel-hub-api/internal/scanner/scanner.go:119.3,119.13 1 1
github.com/divyang-garg/sentinel-hub-api/internal/scanner/scanner.go:122.2,122.32 1 1
github.com/divyang-garg/sentinel-hub-api/internal/scanner/scanner.go:122.32,124.3 1 0
github.com/divyang-garg/sentinel-hub-api/internal/scanner/scanner.go:127.2,129.20 2 1
github.com/divyang-garg/sentinel-hub-api/internal/scanner/scanner.go:147.45,151.16 3 1
github.com/divyang-garg/sentinel-hub-api/internal/scanner/scanner.go:151.16,154.3 1 1
github.com/divyang-garg/sentinel-hub-api/internal/scanner/scanner.go:157.2,158.64 2 1
github.com/divyang-garg/sentinel-hub-api/internal/scanner/scanner.go:158.64,161.3 1 1
github.com/divyang-garg/sentinel-hub-api/internal/scanner/scanner.go:164.2,165.41 2 1
github.com/divyang-garg/sentinel-hub-api/internal/scanner/scanner.go:165.41,167.23 1 1
github.com/divyang-garg/sentinel-hub-api/internal/scanner/scanner.go:167.23,169.4 1 1
github.com/divyang-garg/sentinel-hub-api/internal/scanner/scanner.go:170.3,171.27 2 1
github.com/divyang-garg/sentinel-hub-api/internal/scanner/scanner.go:175.2,176.42 2 1
github.com/divyang-garg/sentinel-hub-api/internal/scanner/scanner.go:176.42,178.25 2 1
github.com/divyang-garg/sentinel-hub-api/internal/scanner/scanner.go:178.25,180.4 1 1
github.com/divyang-garg/sentinel-hub-api/internal/scanner/scanner.go:184.2,189.35 4 1
github.com/divyang-garg/sentinel-hub-api/internal/scanner/scanner.go:189.35,191.43 2 1
github.com/divyang-garg/sentinel-hub-api/internal/scanner/scanner.go:191.43,193.4 1 0
github.com/divyang-garg/sentinel-hub-api/internal/scanner/scanner.go:196.2,196.15 1 1
github.com/divyang-garg/sentinel-hub-api/internal/scanner/scanner.go:200.38,208.35 3 1
github.com/divyang-garg/sentinel-hub-api/internal/scanner/scanner.go:208.35,209.43 1 1
github.com/divyang-garg/sentinel-hub-api/internal/scanner/scanner.go:209.43,211.4 1 1
github.com/divyang-garg/sentinel-hub-api/internal/scanner/scanner.go:213.2,213.14 1 1
github.com/divyang-garg/sentinel-hub-api/internal/scanner/scanner.go:217.34,225.2 2 1
github.com/divyang-garg/sentinel-hub-api/internal/scanner/vibe.go:14.60,22.16 3 1
github.com/divyang-garg/sentinel-hub-api/internal/scanner/vibe.go:22.16,24.3 1 1
github.com/divyang-garg/sentinel-hub-api/internal/scanner/vibe.go:27.2,28.16 2 1
github.com/divyang-garg/sentinel-hub-api/internal/scanner/vibe.go:28.16,30.3 1 1
github.com/divyang-garg/sentinel-hub-api/internal/scanner/vibe.go:33.2,34.16 2 1
github.com/divyang-garg/sentinel-hub-api/internal/scanner/vibe.go:34.16,36.3 1 1
github.com/divyang-garg/sentinel-hub-api/internal/scanner/vibe.go:38.2,38.22 1 1
github.com/divyang-garg/sentinel-hub-api/internal/scanner/vibe.go:42.63,49.57 4 1
github.com/divyang-garg/sentinel-hub-api/internal/scanner/vibe.go:49.57,51.17 2 0
github.com/divyang-garg/sentinel-hub-api/internal/scanner/vibe.go:51.17,53.4 1 0
github.com/divyang-garg/sentinel-hub-api/internal/scanner/vibe.go:54.3,59.22 4 0
github.com/divyang-garg/sentinel-hub-api/internal/scanner/vibe.go:59.22,63.73 3 0
github.com/divyang-garg/sentinel-hub-api/internal/scanner/vibe.go:63.73,67.57 3 0
github.com/divyang-garg/sentinel-hub-api/internal/scanner/vibe.go:67.57,76.6 1 0
github.com/divyang-garg/sentinel-hub-api/internal/scanner/vibe.go:78.5,78.71 1 0
github.com/divyang-garg/sentinel-hub-api/internal/scanner/vibe.go:82.3,82.13 1 0
github.com/divyang-garg/sentinel-hub-api/internal/scanner/vibe.go:85.2,85.22 1 1
github.com/divyang-garg/sentinel-hub-api/internal/scanner/vibe.go:89.57,95.57 3 1
github.com/divyang-garg/sentinel-hub-api/internal/scanner/vibe.go:95.57,97.17 2 0
github.com/divyang-garg/sentinel-hub-api/internal/scanner/vibe.go:97.17,99.4 1 0
github.com/divyang-garg/sentinel-hub-api/internal/scanner/vibe.go:100.3,107.22 6 0
github.com/divyang-garg/sentinel-hub-api/internal/scanner/vibe.go:107.22,116.112 5 0
github.com/divyang-garg/sentinel-hub-api/internal/scanner/vibe.go:116.112,118.5 1 0
github.com/divyang-garg/sentinel-hub-api/internal/scanner/vibe.go:121.4,121.23 1 0
github.com/divyang-garg/sentinel-hub-api/internal/scanner/vibe.go:121.23,123.5 1 0
github.com/divyang-garg/sentinel-hub-api/internal/scanner/vibe.go:126.4,126.57 1 0
github.com/divyang-garg/sentinel-hub-api/internal/scanner/vibe.go:126.57,128.121 1 0
github.com/divyang-garg/sentinel-hub-api/internal/scanner/vibe.go:128.121,136.6 1 0
github.com/divyang-garg/sentinel-hub-api/internal/scanner/vibe.go:140.3,140.13 1 0
github.com/divyang-garg/sentinel-hub-api/internal/scanner/vibe.go:143.2,143.22 1 1
github.com/divyang-garg/sentinel-hub-api/internal/scanner/vibe.go:147.60,151.57 2 1
github.com/divyang-garg/sentinel-hub-api/internal/scanner/vibe.go:151.57,153.17 2 0
github.com/divyang-garg/sentinel-hub-api/internal/scanner/vibe.go:153.17,155.4 1 0
github.com/divyang-garg/sentinel-hub-api/internal/scanner/vibe.go:157.3,163.36 4 0
github.com/divyang-garg/sentinel-hub-api/internal/scanner/vibe.go:163.36,164.72 1 0
github.com/divyang-garg/sentinel-hub-api/internal/scanner/vibe.go:164.72,171.19 3 0
github.com/divyang-garg/sentinel-hub-api/internal/scanner/vibe.go:171.19,179.6 1 0
github.com/divyang-garg/sentinel-hub-api/internal/scanner/vibe.go:183.3,183.13 1 0
github.com/divyang-garg/sentinel-hub-api/internal/scanner/vibe.go:186.2,186.22 1 1
github.com/divyang-garg/sentinel-hub-api/internal/scanner/vibe.go:190.62,194.2 1 1
